GowinSynthesis start
Running parser ...
Analyzing Verilog file 'D:\Gowin\Gowin_V1.9.9_x64\IDE\ipcore\DDR3\data\ddr3_1_4code_hs\ddr3_1_4code_hs.v'
Analyzing included file 'ddr3_name.v'("D:\Gowin\Gowin_V1.9.9_x64\IDE\ipcore\DDR3\data\ddr3_1_4code_hs\ddr3_1_4code_hs.v":6669)
Back to file 'D:\Gowin\Gowin_V1.9.9_x64\IDE\ipcore\DDR3\data\ddr3_1_4code_hs\ddr3_1_4code_hs.v'("D:\Gowin\Gowin_V1.9.9_x64\IDE\ipcore\DDR3\data\ddr3_1_4code_hs\ddr3_1_4code_hs.v":6669)
Analyzing included file 'DDR3_define.v'("D:\Gowin\Gowin_V1.9.9_x64\IDE\ipcore\DDR3\data\ddr3_1_4code_hs\ddr3_1_4code_hs.v":6669)
Back to file 'D:\Gowin\Gowin_V1.9.9_x64\IDE\ipcore\DDR3\data\ddr3_1_4code_hs\ddr3_1_4code_hs.v'("D:\Gowin\Gowin_V1.9.9_x64\IDE\ipcore\DDR3\data\ddr3_1_4code_hs\ddr3_1_4code_hs.v":6669)
Analyzing included file 'gwmc_param.v'("D:\Gowin\Gowin_V1.9.9_x64\IDE\ipcore\DDR3\data\ddr3_1_4code_hs\ddr3_1_4code_hs.v":6669)
Back to file 'D:\Gowin\Gowin_V1.9.9_x64\IDE\ipcore\DDR3\data\ddr3_1_4code_hs\ddr3_1_4code_hs.v'("D:\Gowin\Gowin_V1.9.9_x64\IDE\ipcore\DDR3\data\ddr3_1_4code_hs\ddr3_1_4code_hs.v":6669)
Analyzing included file 'D:\Gowin\Gowin_V1.9.9_x64\IDE\ipcore\DDR3\data\ddr3_1_4code_hs\gwmc_local_param.v'("D:\Gowin\Gowin_V1.9.9_x64\IDE\ipcore\DDR3\data\ddr3_1_4code_hs\ddr3_1_4code_hs.v":6669)
Back to file 'D:\Gowin\Gowin_V1.9.9_x64\IDE\ipcore\DDR3\data\ddr3_1_4code_hs\ddr3_1_4code_hs.v'("D:\Gowin\Gowin_V1.9.9_x64\IDE\ipcore\DDR3\data\ddr3_1_4code_hs\ddr3_1_4code_hs.v":6669)
Undeclared symbol '**', assumed default net type '**'("D:\Gowin\Gowin_V1.9.9_x64\IDE\ipcore\DDR3\data\ddr3_1_4code_hs\ddr3_1_4code_hs.v":0)
Analyzing included file 'gwmc_param.v'("D:\Gowin\Gowin_V1.9.9_x64\IDE\ipcore\DDR3\data\ddr3_1_4code_hs\ddr3_1_4code_hs.v":6669)
Back to file 'D:\Gowin\Gowin_V1.9.9_x64\IDE\ipcore\DDR3\data\ddr3_1_4code_hs\ddr3_1_4code_hs.v'("D:\Gowin\Gowin_V1.9.9_x64\IDE\ipcore\DDR3\data\ddr3_1_4code_hs\ddr3_1_4code_hs.v":6669)
Analyzing included file 'D:\Gowin\Gowin_V1.9.9_x64\IDE\ipcore\DDR3\data\ddr3_1_4code_hs\gwmc_local_param.v'("D:\Gowin\Gowin_V1.9.9_x64\IDE\ipcore\DDR3\data\ddr3_1_4code_hs\ddr3_1_4code_hs.v":6669)
Back to file 'D:\Gowin\Gowin_V1.9.9_x64\IDE\ipcore\DDR3\data\ddr3_1_4code_hs\ddr3_1_4code_hs.v'("D:\Gowin\Gowin_V1.9.9_x64\IDE\ipcore\DDR3\data\ddr3_1_4code_hs\ddr3_1_4code_hs.v":6669)
Analyzing included file 'gwmc_param.v'("D:\Gowin\Gowin_V1.9.9_x64\IDE\ipcore\DDR3\data\ddr3_1_4code_hs\ddr3_1_4code_hs.v":6669)
Back to file 'D:\Gowin\Gowin_V1.9.9_x64\IDE\ipcore\DDR3\data\ddr3_1_4code_hs\ddr3_1_4code_hs.v'("D:\Gowin\Gowin_V1.9.9_x64\IDE\ipcore\DDR3\data\ddr3_1_4code_hs\ddr3_1_4code_hs.v":6669)
Analyzing included file 'D:\Gowin\Gowin_V1.9.9_x64\IDE\ipcore\DDR3\data\ddr3_1_4code_hs\gwmc_local_param.v'("D:\Gowin\Gowin_V1.9.9_x64\IDE\ipcore\DDR3\data\ddr3_1_4code_hs\ddr3_1_4code_hs.v":6669)
Back to file 'D:\Gowin\Gowin_V1.9.9_x64\IDE\ipcore\DDR3\data\ddr3_1_4code_hs\ddr3_1_4code_hs.v'("D:\Gowin\Gowin_V1.9.9_x64\IDE\ipcore\DDR3\data\ddr3_1_4code_hs\ddr3_1_4code_hs.v":6669)
Analyzing included file 'ddr3_name.v'("D:\Gowin\Gowin_V1.9.9_x64\IDE\ipcore\DDR3\data\ddr3_1_4code_hs\ddr3_1_4code_hs.v":6669)
Back to file 'D:\Gowin\Gowin_V1.9.9_x64\IDE\ipcore\DDR3\data\ddr3_1_4code_hs\ddr3_1_4code_hs.v'("D:\Gowin\Gowin_V1.9.9_x64\IDE\ipcore\DDR3\data\ddr3_1_4code_hs\ddr3_1_4code_hs.v":6669)
Analyzing included file 'DDR3_define.v'("D:\Gowin\Gowin_V1.9.9_x64\IDE\ipcore\DDR3\data\ddr3_1_4code_hs\ddr3_1_4code_hs.v":6669)
Back to file 'D:\Gowin\Gowin_V1.9.9_x64\IDE\ipcore\DDR3\data\ddr3_1_4code_hs\ddr3_1_4code_hs.v'("D:\Gowin\Gowin_V1.9.9_x64\IDE\ipcore\DDR3\data\ddr3_1_4code_hs\ddr3_1_4code_hs.v":6669)
Analyzing included file 'gwmc_param.v'("D:\Gowin\Gowin_V1.9.9_x64\IDE\ipcore\DDR3\data\ddr3_1_4code_hs\ddr3_1_4code_hs.v":6669)
Back to file 'D:\Gowin\Gowin_V1.9.9_x64\IDE\ipcore\DDR3\data\ddr3_1_4code_hs\ddr3_1_4code_hs.v'("D:\Gowin\Gowin_V1.9.9_x64\IDE\ipcore\DDR3\data\ddr3_1_4code_hs\ddr3_1_4code_hs.v":6669)
Analyzing included file 'D:\Gowin\Gowin_V1.9.9_x64\IDE\ipcore\DDR3\data\ddr3_1_4code_hs\gwmc_local_param.v'("D:\Gowin\Gowin_V1.9.9_x64\IDE\ipcore\DDR3\data\ddr3_1_4code_hs\ddr3_1_4code_hs.v":6669)
Back to file 'D:\Gowin\Gowin_V1.9.9_x64\IDE\ipcore\DDR3\data\ddr3_1_4code_hs\ddr3_1_4code_hs.v'("D:\Gowin\Gowin_V1.9.9_x64\IDE\ipcore\DDR3\data\ddr3_1_4code_hs\ddr3_1_4code_hs.v":6669)
Analyzing included file 'gwmc_param.v'("D:\Gowin\Gowin_V1.9.9_x64\IDE\ipcore\DDR3\data\ddr3_1_4code_hs\ddr3_1_4code_hs.v":6669)
Back to file 'D:\Gowin\Gowin_V1.9.9_x64\IDE\ipcore\DDR3\data\ddr3_1_4code_hs\ddr3_1_4code_hs.v'("D:\Gowin\Gowin_V1.9.9_x64\IDE\ipcore\DDR3\data\ddr3_1_4code_hs\ddr3_1_4code_hs.v":6669)
Analyzing included file 'D:\Gowin\Gowin_V1.9.9_x64\IDE\ipcore\DDR3\data\ddr3_1_4code_hs\gwmc_local_param.v'("D:\Gowin\Gowin_V1.9.9_x64\IDE\ipcore\DDR3\data\ddr3_1_4code_hs\ddr3_1_4code_hs.v":6669)
Back to file 'D:\Gowin\Gowin_V1.9.9_x64\IDE\ipcore\DDR3\data\ddr3_1_4code_hs\ddr3_1_4code_hs.v'("D:\Gowin\Gowin_V1.9.9_x64\IDE\ipcore\DDR3\data\ddr3_1_4code_hs\ddr3_1_4code_hs.v":6669)
Analyzing included file 'gwmc_param.v'("D:\Gowin\Gowin_V1.9.9_x64\IDE\ipcore\DDR3\data\ddr3_1_4code_hs\ddr3_1_4code_hs.v":6669)
Back to file 'D:\Gowin\Gowin_V1.9.9_x64\IDE\ipcore\DDR3\data\ddr3_1_4code_hs\ddr3_1_4code_hs.v'("D:\Gowin\Gowin_V1.9.9_x64\IDE\ipcore\DDR3\data\ddr3_1_4code_hs\ddr3_1_4code_hs.v":6669)
Analyzing included file 'D:\Gowin\Gowin_V1.9.9_x64\IDE\ipcore\DDR3\data\ddr3_1_4code_hs\gwmc_local_param.v'("D:\Gowin\Gowin_V1.9.9_x64\IDE\ipcore\DDR3\data\ddr3_1_4code_hs\ddr3_1_4code_hs.v":6669)
Back to file 'D:\Gowin\Gowin_V1.9.9_x64\IDE\ipcore\DDR3\data\ddr3_1_4code_hs\ddr3_1_4code_hs.v'("D:\Gowin\Gowin_V1.9.9_x64\IDE\ipcore\DDR3\data\ddr3_1_4code_hs\ddr3_1_4code_hs.v":6669)
Analyzing included file 'gwmc_param.v'("D:\Gowin\Gowin_V1.9.9_x64\IDE\ipcore\DDR3\data\ddr3_1_4code_hs\ddr3_1_4code_hs.v":6669)
Back to file 'D:\Gowin\Gowin_V1.9.9_x64\IDE\ipcore\DDR3\data\ddr3_1_4code_hs\ddr3_1_4code_hs.v'("D:\Gowin\Gowin_V1.9.9_x64\IDE\ipcore\DDR3\data\ddr3_1_4code_hs\ddr3_1_4code_hs.v":6669)
Analyzing included file 'D:\Gowin\Gowin_V1.9.9_x64\IDE\ipcore\DDR3\data\ddr3_1_4code_hs\gwmc_local_param.v'("D:\Gowin\Gowin_V1.9.9_x64\IDE\ipcore\DDR3\data\ddr3_1_4code_hs\ddr3_1_4code_hs.v":6669)
Back to file 'D:\Gowin\Gowin_V1.9.9_x64\IDE\ipcore\DDR3\data\ddr3_1_4code_hs\ddr3_1_4code_hs.v'("D:\Gowin\Gowin_V1.9.9_x64\IDE\ipcore\DDR3\data\ddr3_1_4code_hs\ddr3_1_4code_hs.v":6669)
Analyzing included file 'gwmc_param.v'("D:\Gowin\Gowin_V1.9.9_x64\IDE\ipcore\DDR3\data\ddr3_1_4code_hs\ddr3_1_4code_hs.v":6669)
Back to file 'D:\Gowin\Gowin_V1.9.9_x64\IDE\ipcore\DDR3\data\ddr3_1_4code_hs\ddr3_1_4code_hs.v'("D:\Gowin\Gowin_V1.9.9_x64\IDE\ipcore\DDR3\data\ddr3_1_4code_hs\ddr3_1_4code_hs.v":6669)
Analyzing included file 'D:\Gowin\Gowin_V1.9.9_x64\IDE\ipcore\DDR3\data\ddr3_1_4code_hs\gwmc_local_param.v'("D:\Gowin\Gowin_V1.9.9_x64\IDE\ipcore\DDR3\data\ddr3_1_4code_hs\ddr3_1_4code_hs.v":6669)
Back to file 'D:\Gowin\Gowin_V1.9.9_x64\IDE\ipcore\DDR3\data\ddr3_1_4code_hs\ddr3_1_4code_hs.v'("D:\Gowin\Gowin_V1.9.9_x64\IDE\ipcore\DDR3\data\ddr3_1_4code_hs\ddr3_1_4code_hs.v":6669)
Analyzing included file 'gwmc_param.v'("D:\Gowin\Gowin_V1.9.9_x64\IDE\ipcore\DDR3\data\ddr3_1_4code_hs\ddr3_1_4code_hs.v":6669)
Back to file 'D:\Gowin\Gowin_V1.9.9_x64\IDE\ipcore\DDR3\data\ddr3_1_4code_hs\ddr3_1_4code_hs.v'("D:\Gowin\Gowin_V1.9.9_x64\IDE\ipcore\DDR3\data\ddr3_1_4code_hs\ddr3_1_4code_hs.v":6669)
Analyzing included file 'D:\Gowin\Gowin_V1.9.9_x64\IDE\ipcore\DDR3\data\ddr3_1_4code_hs\gwmc_local_param.v'("D:\Gowin\Gowin_V1.9.9_x64\IDE\ipcore\DDR3\data\ddr3_1_4code_hs\ddr3_1_4code_hs.v":6669)
Back to file 'D:\Gowin\Gowin_V1.9.9_x64\IDE\ipcore\DDR3\data\ddr3_1_4code_hs\ddr3_1_4code_hs.v'("D:\Gowin\Gowin_V1.9.9_x64\IDE\ipcore\DDR3\data\ddr3_1_4code_hs\ddr3_1_4code_hs.v":6669)
Undeclared symbol '**', assumed default net type '**'("D:\Gowin\Gowin_V1.9.9_x64\IDE\ipcore\DDR3\data\ddr3_1_4code_hs\ddr3_1_4code_hs.v":0)
Analyzing included file 'gwmc_param.v'("D:\Gowin\Gowin_V1.9.9_x64\IDE\ipcore\DDR3\data\ddr3_1_4code_hs\ddr3_1_4code_hs.v":6669)
Back to file 'D:\Gowin\Gowin_V1.9.9_x64\IDE\ipcore\DDR3\data\ddr3_1_4code_hs\ddr3_1_4code_hs.v'("D:\Gowin\Gowin_V1.9.9_x64\IDE\ipcore\DDR3\data\ddr3_1_4code_hs\ddr3_1_4code_hs.v":6669)
Analyzing included file 'D:\Gowin\Gowin_V1.9.9_x64\IDE\ipcore\DDR3\data\ddr3_1_4code_hs\gwmc_local_param.v'("D:\Gowin\Gowin_V1.9.9_x64\IDE\ipcore\DDR3\data\ddr3_1_4code_hs\ddr3_1_4code_hs.v":6669)
Back to file 'D:\Gowin\Gowin_V1.9.9_x64\IDE\ipcore\DDR3\data\ddr3_1_4code_hs\ddr3_1_4code_hs.v'("D:\Gowin\Gowin_V1.9.9_x64\IDE\ipcore\DDR3\data\ddr3_1_4code_hs\ddr3_1_4code_hs.v":6669)
Analyzing included file 'gwmc_param.v'("D:\Gowin\Gowin_V1.9.9_x64\IDE\ipcore\DDR3\data\ddr3_1_4code_hs\ddr3_1_4code_hs.v":6669)
Back to file 'D:\Gowin\Gowin_V1.9.9_x64\IDE\ipcore\DDR3\data\ddr3_1_4code_hs\ddr3_1_4code_hs.v'("D:\Gowin\Gowin_V1.9.9_x64\IDE\ipcore\DDR3\data\ddr3_1_4code_hs\ddr3_1_4code_hs.v":6669)
Analyzing included file 'D:\Gowin\Gowin_V1.9.9_x64\IDE\ipcore\DDR3\data\ddr3_1_4code_hs\gwmc_local_param.v'("D:\Gowin\Gowin_V1.9.9_x64\IDE\ipcore\DDR3\data\ddr3_1_4code_hs\ddr3_1_4code_hs.v":6669)
Back to file 'D:\Gowin\Gowin_V1.9.9_x64\IDE\ipcore\DDR3\data\ddr3_1_4code_hs\ddr3_1_4code_hs.v'("D:\Gowin\Gowin_V1.9.9_x64\IDE\ipcore\DDR3\data\ddr3_1_4code_hs\ddr3_1_4code_hs.v":6669)
Analyzing included file 'gwmc_param.v'("D:\Gowin\Gowin_V1.9.9_x64\IDE\ipcore\DDR3\data\ddr3_1_4code_hs\ddr3_1_4code_hs.v":6669)
Back to file 'D:\Gowin\Gowin_V1.9.9_x64\IDE\ipcore\DDR3\data\ddr3_1_4code_hs\ddr3_1_4code_hs.v'("D:\Gowin\Gowin_V1.9.9_x64\IDE\ipcore\DDR3\data\ddr3_1_4code_hs\ddr3_1_4code_hs.v":6669)
Analyzing included file 'D:\Gowin\Gowin_V1.9.9_x64\IDE\ipcore\DDR3\data\ddr3_1_4code_hs\gwmc_local_param.v'("D:\Gowin\Gowin_V1.9.9_x64\IDE\ipcore\DDR3\data\ddr3_1_4code_hs\ddr3_1_4code_hs.v":6669)
Back to file 'D:\Gowin\Gowin_V1.9.9_x64\IDE\ipcore\DDR3\data\ddr3_1_4code_hs\ddr3_1_4code_hs.v'("D:\Gowin\Gowin_V1.9.9_x64\IDE\ipcore\DDR3\data\ddr3_1_4code_hs\ddr3_1_4code_hs.v":6669)
Analyzing included file 'gwmc_param.v'("D:\Gowin\Gowin_V1.9.9_x64\IDE\ipcore\DDR3\data\ddr3_1_4code_hs\ddr3_1_4code_hs.v":6669)
Back to file 'D:\Gowin\Gowin_V1.9.9_x64\IDE\ipcore\DDR3\data\ddr3_1_4code_hs\ddr3_1_4code_hs.v'("D:\Gowin\Gowin_V1.9.9_x64\IDE\ipcore\DDR3\data\ddr3_1_4code_hs\ddr3_1_4code_hs.v":6669)
Analyzing included file 'D:\Gowin\Gowin_V1.9.9_x64\IDE\ipcore\DDR3\data\ddr3_1_4code_hs\gwmc_local_param.v'("D:\Gowin\Gowin_V1.9.9_x64\IDE\ipcore\DDR3\data\ddr3_1_4code_hs\ddr3_1_4code_hs.v":6669)
Back to file 'D:\Gowin\Gowin_V1.9.9_x64\IDE\ipcore\DDR3\data\ddr3_1_4code_hs\ddr3_1_4code_hs.v'("D:\Gowin\Gowin_V1.9.9_x64\IDE\ipcore\DDR3\data\ddr3_1_4code_hs\ddr3_1_4code_hs.v":6669)
Analyzing included file 'gwmc_param.v'("D:\Gowin\Gowin_V1.9.9_x64\IDE\ipcore\DDR3\data\ddr3_1_4code_hs\ddr3_1_4code_hs.v":6669)
Back to file 'D:\Gowin\Gowin_V1.9.9_x64\IDE\ipcore\DDR3\data\ddr3_1_4code_hs\ddr3_1_4code_hs.v'("D:\Gowin\Gowin_V1.9.9_x64\IDE\ipcore\DDR3\data\ddr3_1_4code_hs\ddr3_1_4code_hs.v":6669)
Analyzing included file 'D:\Gowin\Gowin_V1.9.9_x64\IDE\ipcore\DDR3\data\ddr3_1_4code_hs\gwmc_local_param.v'("D:\Gowin\Gowin_V1.9.9_x64\IDE\ipcore\DDR3\data\ddr3_1_4code_hs\ddr3_1_4code_hs.v":6669)
Back to file 'D:\Gowin\Gowin_V1.9.9_x64\IDE\ipcore\DDR3\data\ddr3_1_4code_hs\ddr3_1_4code_hs.v'("D:\Gowin\Gowin_V1.9.9_x64\IDE\ipcore\DDR3\data\ddr3_1_4code_hs\ddr3_1_4code_hs.v":6669)
Analyzing included file 'gwmc_param.v'("D:\Gowin\Gowin_V1.9.9_x64\IDE\ipcore\DDR3\data\ddr3_1_4code_hs\ddr3_1_4code_hs.v":6669)
Back to file 'D:\Gowin\Gowin_V1.9.9_x64\IDE\ipcore\DDR3\data\ddr3_1_4code_hs\ddr3_1_4code_hs.v'("D:\Gowin\Gowin_V1.9.9_x64\IDE\ipcore\DDR3\data\ddr3_1_4code_hs\ddr3_1_4code_hs.v":6669)
Analyzing included file 'D:\Gowin\Gowin_V1.9.9_x64\IDE\ipcore\DDR3\data\ddr3_1_4code_hs\gwmc_local_param.v'("D:\Gowin\Gowin_V1.9.9_x64\IDE\ipcore\DDR3\data\ddr3_1_4code_hs\ddr3_1_4code_hs.v":6669)
Back to file 'D:\Gowin\Gowin_V1.9.9_x64\IDE\ipcore\DDR3\data\ddr3_1_4code_hs\ddr3_1_4code_hs.v'("D:\Gowin\Gowin_V1.9.9_x64\IDE\ipcore\DDR3\data\ddr3_1_4code_hs\ddr3_1_4code_hs.v":6669)
WARN  (EX3801) : Parameter '**' becomes localparam in '**' with formal parameter declaration list("D:\Gowin\Gowin_V1.9.9_x64\IDE\ipcore\DDR3\data\ddr3_1_4code_hs\ddr3_1_4code_hs.v":0)
Analyzing included file 'gwmc_param.v'("D:\Gowin\Gowin_V1.9.9_x64\IDE\ipcore\DDR3\data\ddr3_1_4code_hs\ddr3_1_4code_hs.v":6669)
Back to file 'D:\Gowin\Gowin_V1.9.9_x64\IDE\ipcore\DDR3\data\ddr3_1_4code_hs\ddr3_1_4code_hs.v'("D:\Gowin\Gowin_V1.9.9_x64\IDE\ipcore\DDR3\data\ddr3_1_4code_hs\ddr3_1_4code_hs.v":6669)
Analyzing included file 'D:\Gowin\Gowin_V1.9.9_x64\IDE\ipcore\DDR3\data\ddr3_1_4code_hs\gwmc_local_param.v'("D:\Gowin\Gowin_V1.9.9_x64\IDE\ipcore\DDR3\data\ddr3_1_4code_hs\ddr3_1_4code_hs.v":6669)
Back to file 'D:\Gowin\Gowin_V1.9.9_x64\IDE\ipcore\DDR3\data\ddr3_1_4code_hs\ddr3_1_4code_hs.v'("D:\Gowin\Gowin_V1.9.9_x64\IDE\ipcore\DDR3\data\ddr3_1_4code_hs\ddr3_1_4code_hs.v":6669)
Undeclared symbol '**', assumed default net type '**'("D:\Gowin\Gowin_V1.9.9_x64\IDE\ipcore\DDR3\data\ddr3_1_4code_hs\ddr3_1_4code_hs.v":0)
Analyzing included file 'gwmc_param.v'("D:\Gowin\Gowin_V1.9.9_x64\IDE\ipcore\DDR3\data\ddr3_1_4code_hs\ddr3_1_4code_hs.v":6669)
Back to file 'D:\Gowin\Gowin_V1.9.9_x64\IDE\ipcore\DDR3\data\ddr3_1_4code_hs\ddr3_1_4code_hs.v'("D:\Gowin\Gowin_V1.9.9_x64\IDE\ipcore\DDR3\data\ddr3_1_4code_hs\ddr3_1_4code_hs.v":6669)
Analyzing included file 'D:\Gowin\Gowin_V1.9.9_x64\IDE\ipcore\DDR3\data\ddr3_1_4code_hs\gwmc_local_param.v'("D:\Gowin\Gowin_V1.9.9_x64\IDE\ipcore\DDR3\data\ddr3_1_4code_hs\ddr3_1_4code_hs.v":6669)
Back to file 'D:\Gowin\Gowin_V1.9.9_x64\IDE\ipcore\DDR3\data\ddr3_1_4code_hs\ddr3_1_4code_hs.v'("D:\Gowin\Gowin_V1.9.9_x64\IDE\ipcore\DDR3\data\ddr3_1_4code_hs\ddr3_1_4code_hs.v":6669)
Analyzing included file 'gwmc_param.v'("D:\Gowin\Gowin_V1.9.9_x64\IDE\ipcore\DDR3\data\ddr3_1_4code_hs\ddr3_1_4code_hs.v":6669)
Back to file 'D:\Gowin\Gowin_V1.9.9_x64\IDE\ipcore\DDR3\data\ddr3_1_4code_hs\ddr3_1_4code_hs.v'("D:\Gowin\Gowin_V1.9.9_x64\IDE\ipcore\DDR3\data\ddr3_1_4code_hs\ddr3_1_4code_hs.v":6669)
Analyzing included file 'D:\Gowin\Gowin_V1.9.9_x64\IDE\ipcore\DDR3\data\ddr3_1_4code_hs\gwmc_local_param.v'("D:\Gowin\Gowin_V1.9.9_x64\IDE\ipcore\DDR3\data\ddr3_1_4code_hs\ddr3_1_4code_hs.v":6669)
Back to file 'D:\Gowin\Gowin_V1.9.9_x64\IDE\ipcore\DDR3\data\ddr3_1_4code_hs\ddr3_1_4code_hs.v'("D:\Gowin\Gowin_V1.9.9_x64\IDE\ipcore\DDR3\data\ddr3_1_4code_hs\ddr3_1_4code_hs.v":6669)
Undeclared symbol '**', assumed default net type '**'("D:\Gowin\Gowin_V1.9.9_x64\IDE\ipcore\DDR3\data\ddr3_1_4code_hs\ddr3_1_4code_hs.v":0)
Undeclared symbol '**', assumed default net type '**'("D:\Gowin\Gowin_V1.9.9_x64\IDE\ipcore\DDR3\data\ddr3_1_4code_hs\ddr3_1_4code_hs.v":0)
Analyzing included file 'gwmc_param.v'("D:\Gowin\Gowin_V1.9.9_x64\IDE\ipcore\DDR3\data\ddr3_1_4code_hs\ddr3_1_4code_hs.v":6669)
Back to file 'D:\Gowin\Gowin_V1.9.9_x64\IDE\ipcore\DDR3\data\ddr3_1_4code_hs\ddr3_1_4code_hs.v'("D:\Gowin\Gowin_V1.9.9_x64\IDE\ipcore\DDR3\data\ddr3_1_4code_hs\ddr3_1_4code_hs.v":6669)
Analyzing included file 'D:\Gowin\Gowin_V1.9.9_x64\IDE\ipcore\DDR3\data\ddr3_1_4code_hs\gwmc_local_param.v'("D:\Gowin\Gowin_V1.9.9_x64\IDE\ipcore\DDR3\data\ddr3_1_4code_hs\ddr3_1_4code_hs.v":6669)
Back to file 'D:\Gowin\Gowin_V1.9.9_x64\IDE\ipcore\DDR3\data\ddr3_1_4code_hs\ddr3_1_4code_hs.v'("D:\Gowin\Gowin_V1.9.9_x64\IDE\ipcore\DDR3\data\ddr3_1_4code_hs\ddr3_1_4code_hs.v":6669)
Analyzing included file 'gwmc_param.v'("D:\Gowin\Gowin_V1.9.9_x64\IDE\ipcore\DDR3\data\ddr3_1_4code_hs\ddr3_1_4code_hs.v":6669)
Back to file 'D:\Gowin\Gowin_V1.9.9_x64\IDE\ipcore\DDR3\data\ddr3_1_4code_hs\ddr3_1_4code_hs.v'("D:\Gowin\Gowin_V1.9.9_x64\IDE\ipcore\DDR3\data\ddr3_1_4code_hs\ddr3_1_4code_hs.v":6669)
Analyzing included file 'D:\Gowin\Gowin_V1.9.9_x64\IDE\ipcore\DDR3\data\ddr3_1_4code_hs\gwmc_local_param.v'("D:\Gowin\Gowin_V1.9.9_x64\IDE\ipcore\DDR3\data\ddr3_1_4code_hs\ddr3_1_4code_hs.v":6669)
Back to file 'D:\Gowin\Gowin_V1.9.9_x64\IDE\ipcore\DDR3\data\ddr3_1_4code_hs\ddr3_1_4code_hs.v'("D:\Gowin\Gowin_V1.9.9_x64\IDE\ipcore\DDR3\data\ddr3_1_4code_hs\ddr3_1_4code_hs.v":6669)
Analyzing included file 'gwmc_param.v'("D:\Gowin\Gowin_V1.9.9_x64\IDE\ipcore\DDR3\data\ddr3_1_4code_hs\ddr3_1_4code_hs.v":6669)
Back to file 'D:\Gowin\Gowin_V1.9.9_x64\IDE\ipcore\DDR3\data\ddr3_1_4code_hs\ddr3_1_4code_hs.v'("D:\Gowin\Gowin_V1.9.9_x64\IDE\ipcore\DDR3\data\ddr3_1_4code_hs\ddr3_1_4code_hs.v":6669)
Analyzing included file 'D:\Gowin\Gowin_V1.9.9_x64\IDE\ipcore\DDR3\data\ddr3_1_4code_hs\gwmc_local_param.v'("D:\Gowin\Gowin_V1.9.9_x64\IDE\ipcore\DDR3\data\ddr3_1_4code_hs\ddr3_1_4code_hs.v":6669)
Back to file 'D:\Gowin\Gowin_V1.9.9_x64\IDE\ipcore\DDR3\data\ddr3_1_4code_hs\ddr3_1_4code_hs.v'("D:\Gowin\Gowin_V1.9.9_x64\IDE\ipcore\DDR3\data\ddr3_1_4code_hs\ddr3_1_4code_hs.v":6669)
Undeclared symbol '**', assumed default net type '**'("D:\Gowin\Gowin_V1.9.9_x64\IDE\ipcore\DDR3\data\ddr3_1_4code_hs\ddr3_1_4code_hs.v":0)
Undeclared symbol '**', assumed default net type '**'("D:\Gowin\Gowin_V1.9.9_x64\IDE\ipcore\DDR3\data\ddr3_1_4code_hs\ddr3_1_4code_hs.v":0)
Undeclared symbol '**', assumed default net type '**'("D:\Gowin\Gowin_V1.9.9_x64\IDE\ipcore\DDR3\data\ddr3_1_4code_hs\ddr3_1_4code_hs.v":0)
Undeclared symbol '**', assumed default net type '**'("D:\Gowin\Gowin_V1.9.9_x64\IDE\ipcore\DDR3\data\ddr3_1_4code_hs\ddr3_1_4code_hs.v":0)
Undeclared symbol '**', assumed default net type '**'("D:\Gowin\Gowin_V1.9.9_x64\IDE\ipcore\DDR3\data\ddr3_1_4code_hs\ddr3_1_4code_hs.v":0)
Undeclared symbol '**', assumed default net type '**'("D:\Gowin\Gowin_V1.9.9_x64\IDE\ipcore\DDR3\data\ddr3_1_4code_hs\ddr3_1_4code_hs.v":0)
Undeclared symbol '**', assumed default net type '**'("D:\Gowin\Gowin_V1.9.9_x64\IDE\ipcore\DDR3\data\ddr3_1_4code_hs\ddr3_1_4code_hs.v":0)
Undeclared symbol '**', assumed default net type '**'("D:\Gowin\Gowin_V1.9.9_x64\IDE\ipcore\DDR3\data\ddr3_1_4code_hs\ddr3_1_4code_hs.v":0)
Undeclared symbol '**', assumed default net type '**'("D:\Gowin\Gowin_V1.9.9_x64\IDE\ipcore\DDR3\data\ddr3_1_4code_hs\ddr3_1_4code_hs.v":0)
Undeclared symbol '**', assumed default net type '**'("D:\Gowin\Gowin_V1.9.9_x64\IDE\ipcore\DDR3\data\ddr3_1_4code_hs\ddr3_1_4code_hs.v":0)
Undeclared symbol '**', assumed default net type '**'("D:\Gowin\Gowin_V1.9.9_x64\IDE\ipcore\DDR3\data\ddr3_1_4code_hs\ddr3_1_4code_hs.v":0)
Undeclared symbol '**', assumed default net type '**'("D:\Gowin\Gowin_V1.9.9_x64\IDE\ipcore\DDR3\data\ddr3_1_4code_hs\ddr3_1_4code_hs.v":0)
Undeclared symbol '**', assumed default net type '**'("D:\Gowin\Gowin_V1.9.9_x64\IDE\ipcore\DDR3\data\ddr3_1_4code_hs\ddr3_1_4code_hs.v":0)
Analyzing included file 'gwmc_param.v'("D:\Gowin\Gowin_V1.9.9_x64\IDE\ipcore\DDR3\data\ddr3_1_4code_hs\ddr3_1_4code_hs.v":6669)
Back to file 'D:\Gowin\Gowin_V1.9.9_x64\IDE\ipcore\DDR3\data\ddr3_1_4code_hs\ddr3_1_4code_hs.v'("D:\Gowin\Gowin_V1.9.9_x64\IDE\ipcore\DDR3\data\ddr3_1_4code_hs\ddr3_1_4code_hs.v":6669)
Analyzing included file 'D:\Gowin\Gowin_V1.9.9_x64\IDE\ipcore\DDR3\data\ddr3_1_4code_hs\gwmc_local_param.v'("D:\Gowin\Gowin_V1.9.9_x64\IDE\ipcore\DDR3\data\ddr3_1_4code_hs\ddr3_1_4code_hs.v":6669)
Back to file 'D:\Gowin\Gowin_V1.9.9_x64\IDE\ipcore\DDR3\data\ddr3_1_4code_hs\ddr3_1_4code_hs.v'("D:\Gowin\Gowin_V1.9.9_x64\IDE\ipcore\DDR3\data\ddr3_1_4code_hs\ddr3_1_4code_hs.v":6669)
Undeclared symbol '**', assumed default net type '**'("D:\Gowin\Gowin_V1.9.9_x64\IDE\ipcore\DDR3\data\ddr3_1_4code_hs\ddr3_1_4code_hs.v":0)
Undeclared symbol '**', assumed default net type '**'("D:\Gowin\Gowin_V1.9.9_x64\IDE\ipcore\DDR3\data\ddr3_1_4code_hs\ddr3_1_4code_hs.v":0)
Analyzing Verilog file 'D:\Gowin\Gowin_V1.9.9_x64\IDE\ipcore\DDR3\data\ddr3_1_4code_hs\DDR3_TOP.v'
Analyzing included file 'ddr3_name.v'("D:\Gowin\Gowin_V1.9.9_x64\IDE\ipcore\DDR3\data\ddr3_1_4code_hs\DDR3_TOP.v":3)
Back to file 'D:\Gowin\Gowin_V1.9.9_x64\IDE\ipcore\DDR3\data\ddr3_1_4code_hs\DDR3_TOP.v'("D:\Gowin\Gowin_V1.9.9_x64\IDE\ipcore\DDR3\data\ddr3_1_4code_hs\DDR3_TOP.v":3)
Analyzing included file 'DDR3_define.v'("D:\Gowin\Gowin_V1.9.9_x64\IDE\ipcore\DDR3\data\ddr3_1_4code_hs\DDR3_TOP.v":4)
Back to file 'D:\Gowin\Gowin_V1.9.9_x64\IDE\ipcore\DDR3\data\ddr3_1_4code_hs\DDR3_TOP.v'("D:\Gowin\Gowin_V1.9.9_x64\IDE\ipcore\DDR3\data\ddr3_1_4code_hs\DDR3_TOP.v":4)
Analyzing included file 'gwmc_param.v'("D:\Gowin\Gowin_V1.9.9_x64\IDE\ipcore\DDR3\data\ddr3_1_4code_hs\DDR3_TOP.v":65)
Back to file 'D:\Gowin\Gowin_V1.9.9_x64\IDE\ipcore\DDR3\data\ddr3_1_4code_hs\DDR3_TOP.v'("D:\Gowin\Gowin_V1.9.9_x64\IDE\ipcore\DDR3\data\ddr3_1_4code_hs\DDR3_TOP.v":65)
Analyzing included file 'D:\Gowin\Gowin_V1.9.9_x64\IDE\ipcore\DDR3\data\ddr3_1_4code_hs\gwmc_local_param.v'("D:\Gowin\Gowin_V1.9.9_x64\IDE\ipcore\DDR3\data\ddr3_1_4code_hs\DDR3_TOP.v":66)
Back to file 'D:\Gowin\Gowin_V1.9.9_x64\IDE\ipcore\DDR3\data\ddr3_1_4code_hs\DDR3_TOP.v'("D:\Gowin\Gowin_V1.9.9_x64\IDE\ipcore\DDR3\data\ddr3_1_4code_hs\DDR3_TOP.v":66)
Compiling module 'DDR3_Memory_Interface_Top'("D:\Gowin\Gowin_V1.9.9_x64\IDE\ipcore\DDR3\data\ddr3_1_4code_hs\DDR3_TOP.v":6)
WARN  (EX3073) : Port '**' remains unconnected for this instance("D:\Gowin\Gowin_V1.9.9_x64\IDE\ipcore\DDR3\data\ddr3_1_4code_hs\ddr3_1_4code_hs.v":0)
Compiling module '**'("D:\Gowin\Gowin_V1.9.9_x64\IDE\ipcore\DDR3\data\ddr3_1_4code_hs\ddr3_1_4code_hs.v":0)
Compiling module '**'("D:\Gowin\Gowin_V1.9.9_x64\IDE\ipcore\DDR3\data\ddr3_1_4code_hs\ddr3_1_4code_hs.v":0)
Compiling module '**'("D:\Gowin\Gowin_V1.9.9_x64\IDE\ipcore\DDR3\data\ddr3_1_4code_hs\ddr3_1_4code_hs.v":0)
Extracting RAM for identifier '**'("D:\Gowin\Gowin_V1.9.9_x64\IDE\ipcore\DDR3\data\ddr3_1_4code_hs\ddr3_1_4code_hs.v":0)
Compiling module '**'("D:\Gowin\Gowin_V1.9.9_x64\IDE\ipcore\DDR3\data\ddr3_1_4code_hs\ddr3_1_4code_hs.v":0)
WARN  (EX3791) : Expression size ** truncated to fit in target size **("D:\Gowin\Gowin_V1.9.9_x64\IDE\ipcore\DDR3\data\ddr3_1_4code_hs\ddr3_1_4code_hs.v":0)
Compiling module '**'("D:\Gowin\Gowin_V1.9.9_x64\IDE\ipcore\DDR3\data\ddr3_1_4code_hs\ddr3_1_4code_hs.v":0)
Compiling module '**'("D:\Gowin\Gowin_V1.9.9_x64\IDE\ipcore\DDR3\data\ddr3_1_4code_hs\ddr3_1_4code_hs.v":0)
Compiling module '**'("D:\Gowin\Gowin_V1.9.9_x64\IDE\ipcore\DDR3\data\ddr3_1_4code_hs\ddr3_1_4code_hs.v":0)
Extracting RAM for identifier '**'("D:\Gowin\Gowin_V1.9.9_x64\IDE\ipcore\DDR3\data\ddr3_1_4code_hs\ddr3_1_4code_hs.v":0)
Compiling module '**'("D:\Gowin\Gowin_V1.9.9_x64\IDE\ipcore\DDR3\data\ddr3_1_4code_hs\ddr3_1_4code_hs.v":0)
Compiling module '**'("D:\Gowin\Gowin_V1.9.9_x64\IDE\ipcore\DDR3\data\ddr3_1_4code_hs\ddr3_1_4code_hs.v":0)
WARN  (EX1998) : Net '**' does not have a driver("D:\Gowin\Gowin_V1.9.9_x64\IDE\ipcore\DDR3\data\ddr3_1_4code_hs\ddr3_1_4code_hs.v":0)
Compiling module '**'("D:\Gowin\Gowin_V1.9.9_x64\IDE\ipcore\DDR3\data\ddr3_1_4code_hs\ddr3_1_4code_hs.v":0)
Compiling module '**'("D:\Gowin\Gowin_V1.9.9_x64\IDE\ipcore\DDR3\data\ddr3_1_4code_hs\ddr3_1_4code_hs.v":0)
Compiling module '**'("D:\Gowin\Gowin_V1.9.9_x64\IDE\ipcore\DDR3\data\ddr3_1_4code_hs\ddr3_1_4code_hs.v":0)
Compiling module '**'("D:\Gowin\Gowin_V1.9.9_x64\IDE\ipcore\DDR3\data\ddr3_1_4code_hs\ddr3_1_4code_hs.v":0)
Extracting RAM for identifier '**'("D:\Gowin\Gowin_V1.9.9_x64\IDE\ipcore\DDR3\data\ddr3_1_4code_hs\ddr3_1_4code_hs.v":0)
Extracting RAM for identifier '**'("D:\Gowin\Gowin_V1.9.9_x64\IDE\ipcore\DDR3\data\ddr3_1_4code_hs\ddr3_1_4code_hs.v":0)
Extracting RAM for identifier '**'("D:\Gowin\Gowin_V1.9.9_x64\IDE\ipcore\DDR3\data\ddr3_1_4code_hs\ddr3_1_4code_hs.v":0)
Extracting RAM for identifier '**'("D:\Gowin\Gowin_V1.9.9_x64\IDE\ipcore\DDR3\data\ddr3_1_4code_hs\ddr3_1_4code_hs.v":0)
Extracting RAM for identifier '**'("D:\Gowin\Gowin_V1.9.9_x64\IDE\ipcore\DDR3\data\ddr3_1_4code_hs\ddr3_1_4code_hs.v":0)
Extracting RAM for identifier '**'("D:\Gowin\Gowin_V1.9.9_x64\IDE\ipcore\DDR3\data\ddr3_1_4code_hs\ddr3_1_4code_hs.v":0)
Extracting RAM for identifier '**'("D:\Gowin\Gowin_V1.9.9_x64\IDE\ipcore\DDR3\data\ddr3_1_4code_hs\ddr3_1_4code_hs.v":0)
Extracting RAM for identifier '**'("D:\Gowin\Gowin_V1.9.9_x64\IDE\ipcore\DDR3\data\ddr3_1_4code_hs\ddr3_1_4code_hs.v":0)
Extracting RAM for identifier '**'("D:\Gowin\Gowin_V1.9.9_x64\IDE\ipcore\DDR3\data\ddr3_1_4code_hs\ddr3_1_4code_hs.v":0)
Compiling module '**'("D:\Gowin\Gowin_V1.9.9_x64\IDE\ipcore\DDR3\data\ddr3_1_4code_hs\ddr3_1_4code_hs.v":0)
Extracting RAM for identifier '**'("D:\Gowin\Gowin_V1.9.9_x64\IDE\ipcore\DDR3\data\ddr3_1_4code_hs\ddr3_1_4code_hs.v":0)
Extracting RAM for identifier '**'("D:\Gowin\Gowin_V1.9.9_x64\IDE\ipcore\DDR3\data\ddr3_1_4code_hs\ddr3_1_4code_hs.v":0)
Extracting RAM for identifier '**'("D:\Gowin\Gowin_V1.9.9_x64\IDE\ipcore\DDR3\data\ddr3_1_4code_hs\ddr3_1_4code_hs.v":0)
Extracting RAM for identifier '**'("D:\Gowin\Gowin_V1.9.9_x64\IDE\ipcore\DDR3\data\ddr3_1_4code_hs\ddr3_1_4code_hs.v":0)
Extracting RAM for identifier '**'("D:\Gowin\Gowin_V1.9.9_x64\IDE\ipcore\DDR3\data\ddr3_1_4code_hs\ddr3_1_4code_hs.v":0)
Extracting RAM for identifier '**'("D:\Gowin\Gowin_V1.9.9_x64\IDE\ipcore\DDR3\data\ddr3_1_4code_hs\ddr3_1_4code_hs.v":0)
Extracting RAM for identifier '**'("D:\Gowin\Gowin_V1.9.9_x64\IDE\ipcore\DDR3\data\ddr3_1_4code_hs\ddr3_1_4code_hs.v":0)
Extracting RAM for identifier '**'("D:\Gowin\Gowin_V1.9.9_x64\IDE\ipcore\DDR3\data\ddr3_1_4code_hs\ddr3_1_4code_hs.v":0)
Compiling module '**'("D:\Gowin\Gowin_V1.9.9_x64\IDE\ipcore\DDR3\data\ddr3_1_4code_hs\ddr3_1_4code_hs.v":0)
Compiling module '**'("D:\Gowin\Gowin_V1.9.9_x64\IDE\ipcore\DDR3\data\ddr3_1_4code_hs\ddr3_1_4code_hs.v":0)
Compiling module '**'("D:\Gowin\Gowin_V1.9.9_x64\IDE\ipcore\DDR3\data\ddr3_1_4code_hs\ddr3_1_4code_hs.v":0)
Extracting RAM for identifier '**'("D:\Gowin\Gowin_V1.9.9_x64\IDE\ipcore\DDR3\data\ddr3_1_4code_hs\ddr3_1_4code_hs.v":0)
Extracting RAM for identifier '**'("D:\Gowin\Gowin_V1.9.9_x64\IDE\ipcore\DDR3\data\ddr3_1_4code_hs\ddr3_1_4code_hs.v":0)
Extracting RAM for identifier '**'("D:\Gowin\Gowin_V1.9.9_x64\IDE\ipcore\DDR3\data\ddr3_1_4code_hs\ddr3_1_4code_hs.v":0)
Extracting RAM for identifier '**'("D:\Gowin\Gowin_V1.9.9_x64\IDE\ipcore\DDR3\data\ddr3_1_4code_hs\ddr3_1_4code_hs.v":0)
Extracting RAM for identifier '**'("D:\Gowin\Gowin_V1.9.9_x64\IDE\ipcore\DDR3\data\ddr3_1_4code_hs\ddr3_1_4code_hs.v":0)
Extracting RAM for identifier '**'("D:\Gowin\Gowin_V1.9.9_x64\IDE\ipcore\DDR3\data\ddr3_1_4code_hs\ddr3_1_4code_hs.v":0)
Extracting RAM for identifier '**'("D:\Gowin\Gowin_V1.9.9_x64\IDE\ipcore\DDR3\data\ddr3_1_4code_hs\ddr3_1_4code_hs.v":0)
Extracting RAM for identifier '**'("D:\Gowin\Gowin_V1.9.9_x64\IDE\ipcore\DDR3\data\ddr3_1_4code_hs\ddr3_1_4code_hs.v":0)
Extracting RAM for identifier '**'("D:\Gowin\Gowin_V1.9.9_x64\IDE\ipcore\DDR3\data\ddr3_1_4code_hs\ddr3_1_4code_hs.v":0)
Extracting RAM for identifier '**'("D:\Gowin\Gowin_V1.9.9_x64\IDE\ipcore\DDR3\data\ddr3_1_4code_hs\ddr3_1_4code_hs.v":0)
Extracting RAM for identifier '**'("D:\Gowin\Gowin_V1.9.9_x64\IDE\ipcore\DDR3\data\ddr3_1_4code_hs\ddr3_1_4code_hs.v":0)
Extracting RAM for identifier '**'("D:\Gowin\Gowin_V1.9.9_x64\IDE\ipcore\DDR3\data\ddr3_1_4code_hs\ddr3_1_4code_hs.v":0)
Extracting RAM for identifier '**'("D:\Gowin\Gowin_V1.9.9_x64\IDE\ipcore\DDR3\data\ddr3_1_4code_hs\ddr3_1_4code_hs.v":0)
Extracting RAM for identifier '**'("D:\Gowin\Gowin_V1.9.9_x64\IDE\ipcore\DDR3\data\ddr3_1_4code_hs\ddr3_1_4code_hs.v":0)
Extracting RAM for identifier '**'("D:\Gowin\Gowin_V1.9.9_x64\IDE\ipcore\DDR3\data\ddr3_1_4code_hs\ddr3_1_4code_hs.v":0)
Extracting RAM for identifier '**'("D:\Gowin\Gowin_V1.9.9_x64\IDE\ipcore\DDR3\data\ddr3_1_4code_hs\ddr3_1_4code_hs.v":0)
Extracting RAM for identifier '**'("D:\Gowin\Gowin_V1.9.9_x64\IDE\ipcore\DDR3\data\ddr3_1_4code_hs\ddr3_1_4code_hs.v":0)
Extracting RAM for identifier '**'("D:\Gowin\Gowin_V1.9.9_x64\IDE\ipcore\DDR3\data\ddr3_1_4code_hs\ddr3_1_4code_hs.v":0)
Extracting RAM for identifier '**'("D:\Gowin\Gowin_V1.9.9_x64\IDE\ipcore\DDR3\data\ddr3_1_4code_hs\ddr3_1_4code_hs.v":0)
Extracting RAM for identifier '**'("D:\Gowin\Gowin_V1.9.9_x64\IDE\ipcore\DDR3\data\ddr3_1_4code_hs\ddr3_1_4code_hs.v":0)
Extracting RAM for identifier '**'("D:\Gowin\Gowin_V1.9.9_x64\IDE\ipcore\DDR3\data\ddr3_1_4code_hs\ddr3_1_4code_hs.v":0)
Extracting RAM for identifier '**'("D:\Gowin\Gowin_V1.9.9_x64\IDE\ipcore\DDR3\data\ddr3_1_4code_hs\ddr3_1_4code_hs.v":0)
Extracting RAM for identifier '**'("D:\Gowin\Gowin_V1.9.9_x64\IDE\ipcore\DDR3\data\ddr3_1_4code_hs\ddr3_1_4code_hs.v":0)
Extracting RAM for identifier '**'("D:\Gowin\Gowin_V1.9.9_x64\IDE\ipcore\DDR3\data\ddr3_1_4code_hs\ddr3_1_4code_hs.v":0)
Extracting RAM for identifier '**'("D:\Gowin\Gowin_V1.9.9_x64\IDE\ipcore\DDR3\data\ddr3_1_4code_hs\ddr3_1_4code_hs.v":0)
Extracting RAM for identifier '**'("D:\Gowin\Gowin_V1.9.9_x64\IDE\ipcore\DDR3\data\ddr3_1_4code_hs\ddr3_1_4code_hs.v":0)
Compiling module '**'("D:\Gowin\Gowin_V1.9.9_x64\IDE\ipcore\DDR3\data\ddr3_1_4code_hs\ddr3_1_4code_hs.v":0)
Compiling module '**'("D:\Gowin\Gowin_V1.9.9_x64\IDE\ipcore\DDR3\data\ddr3_1_4code_hs\ddr3_1_4code_hs.v":0)
Compiling module '**'("D:\Gowin\Gowin_V1.9.9_x64\IDE\ipcore\DDR3\data\ddr3_1_4code_hs\ddr3_1_4code_hs.v":0)
Compiling module '**'("D:\Gowin\Gowin_V1.9.9_x64\IDE\ipcore\DDR3\data\ddr3_1_4code_hs\ddr3_1_4code_hs.v":0)
Compiling module '**'("D:\Gowin\Gowin_V1.9.9_x64\IDE\ipcore\DDR3\data\ddr3_1_4code_hs\ddr3_1_4code_hs.v":0)
Compiling module '**'("D:\Gowin\Gowin_V1.9.9_x64\IDE\ipcore\DDR3\data\ddr3_1_4code_hs\ddr3_1_4code_hs.v":0)
WARN  (EX3791) : Expression size ** truncated to fit in target size **("D:\Gowin\Gowin_V1.9.9_x64\IDE\ipcore\DDR3\data\ddr3_1_4code_hs\ddr3_1_4code_hs.v":0)
Compiling module '**'("D:\Gowin\Gowin_V1.9.9_x64\IDE\ipcore\DDR3\data\ddr3_1_4code_hs\ddr3_1_4code_hs.v":0)
Compiling module '**'("D:\Gowin\Gowin_V1.9.9_x64\IDE\ipcore\DDR3\data\ddr3_1_4code_hs\ddr3_1_4code_hs.v":0)
WARN  (EX3791) : Expression size ** truncated to fit in target size **("D:\Gowin\Gowin_V1.9.9_x64\IDE\ipcore\DDR3\data\ddr3_1_4code_hs\ddr3_1_4code_hs.v":0)
Compiling module '**'("D:\Gowin\Gowin_V1.9.9_x64\IDE\ipcore\DDR3\data\ddr3_1_4code_hs\ddr3_1_4code_hs.v":0)
WARN  (EX3791) : Expression size ** truncated to fit in target size **("D:\Gowin\Gowin_V1.9.9_x64\IDE\ipcore\DDR3\data\ddr3_1_4code_hs\ddr3_1_4code_hs.v":0)
Compiling module '**'("D:\Gowin\Gowin_V1.9.9_x64\IDE\ipcore\DDR3\data\ddr3_1_4code_hs\ddr3_1_4code_hs.v":0)
Extracting RAM for identifier '**'("D:\Gowin\Gowin_V1.9.9_x64\IDE\ipcore\DDR3\data\ddr3_1_4code_hs\ddr3_1_4code_hs.v":0)
NOTE  (EX0101) : Current top module is "DDR3_Memory_Interface_Top"
WARN  (EX0211) : The output port "mc_cas_slot[1]" of module "~gwmc_top.DDR3_Memory_Interface_Top" has no driver, assigning undriven bits to Z, simulation mismatch possible("D:\Gowin\Gowin_V1.9.9_x64\IDE\ipcore\DDR3\data\ddr3_1_4code_hs\ddr3_1_4code_hs.v":0)
WARN  (EX0211) : The output port "mc_cas_slot[0]" of module "~gwmc_top.DDR3_Memory_Interface_Top" has no driver, assigning undriven bits to Z, simulation mismatch possible("D:\Gowin\Gowin_V1.9.9_x64\IDE\ipcore\DDR3\data\ddr3_1_4code_hs\ddr3_1_4code_hs.v":0)
WARN  (EX0211) : The output port "burst_num[5]" of module "~gwmc_cmd_buffer.DDR3_Memory_Interface_Top" has no driver, assigning undriven bits to Z, simulation mismatch possible("D:\Gowin\Gowin_V1.9.9_x64\IDE\ipcore\DDR3\data\ddr3_1_4code_hs\ddr3_1_4code_hs.v":0)
WARN  (EX0211) : The output port "burst_num[4]" of module "~gwmc_cmd_buffer.DDR3_Memory_Interface_Top" has no driver, assigning undriven bits to Z, simulation mismatch possible("D:\Gowin\Gowin_V1.9.9_x64\IDE\ipcore\DDR3\data\ddr3_1_4code_hs\ddr3_1_4code_hs.v":0)
WARN  (EX0211) : The output port "burst_num[3]" of module "~gwmc_cmd_buffer.DDR3_Memory_Interface_Top" has no driver, assigning undriven bits to Z, simulation mismatch possible("D:\Gowin\Gowin_V1.9.9_x64\IDE\ipcore\DDR3\data\ddr3_1_4code_hs\ddr3_1_4code_hs.v":0)
WARN  (EX0211) : The output port "burst_num[2]" of module "~gwmc_cmd_buffer.DDR3_Memory_Interface_Top" has no driver, assigning undriven bits to Z, simulation mismatch possible("D:\Gowin\Gowin_V1.9.9_x64\IDE\ipcore\DDR3\data\ddr3_1_4code_hs\ddr3_1_4code_hs.v":0)
WARN  (EX0211) : The output port "burst_num[1]" of module "~gwmc_cmd_buffer.DDR3_Memory_Interface_Top" has no driver, assigning undriven bits to Z, simulation mismatch possible("D:\Gowin\Gowin_V1.9.9_x64\IDE\ipcore\DDR3\data\ddr3_1_4code_hs\ddr3_1_4code_hs.v":0)
WARN  (EX0211) : The output port "burst_num[0]" of module "~gwmc_cmd_buffer.DDR3_Memory_Interface_Top" has no driver, assigning undriven bits to Z, simulation mismatch possible("D:\Gowin\Gowin_V1.9.9_x64\IDE\ipcore\DDR3\data\ddr3_1_4code_hs\ddr3_1_4code_hs.v":0)
WARN  (EX0211) : The output port "loop_en" of module "~gwmc_bank_ctrl.DDR3_Memory_Interface_Top" has no driver, assigning undriven bits to Z, simulation mismatch possible("D:\Gowin\Gowin_V1.9.9_x64\IDE\ipcore\DDR3\data\ddr3_1_4code_hs\ddr3_1_4code_hs.v":0)
[5%] Running netlist conversion ...
WARN  (CV0018) : Input addr[27] is unused("D:\Gowin\Gowin_V1.9.9_x64\IDE\ipcore\DDR3\data\ddr3_1_4code_hs\DDR3_TOP.v":82)
WARN  (CV0016) : Input ref_req is unused("D:\Gowin\Gowin_V1.9.9_x64\IDE\ipcore\DDR3\data\ddr3_1_4code_hs\DDR3_TOP.v":95)
Running device independent optimization ...
[10%] Optimizing Phase 0 completed
[15%] Optimizing Phase 1 completed
[25%] Optimizing Phase 2 completed
Running inference ...
[30%] Inferring Phase 0 completed
[40%] Inferring Phase 1 completed
[50%] Inferring Phase 2 completed
[55%] Inferring Phase 3 completed
Running technical mapping ...
[60%] Tech-Mapping Phase 0 completed
[65%] Tech-Mapping Phase 1 completed
[75%] Tech-Mapping Phase 2 completed
[80%] Tech-Mapping Phase 3 completed
[90%] Tech-Mapping Phase 4 completed
WARN  (NL0002) : The module "~OUT_FIFO.DDR3_Memory_Interface_Top" instantiated to "u_out_fifo" is swept in optimizing("D:\Gowin\Gowin_V1.9.9_x64\IDE\ipcore\DDR3\data\ddr3_1_4code_hs\ddr3_1_4code_hs.v":0)
[95%] Generate netlist file "C:\Users\liukai\Desktop\ae350_customized_demo\src\ddr3_memory\ddr3_memory_interface\temp\DDR3\ddr3_memory_interface.vg" completed
Generate template file "C:\Users\liukai\Desktop\ae350_customized_demo\src\ddr3_memory\ddr3_memory_interface\temp\DDR3\ddr3_memory_interface_tmp.v" completed
[100%] Generate report file "C:\Users\liukai\Desktop\ae350_customized_demo\src\ddr3_memory\ddr3_memory_interface\temp\DDR3\ddr3_memory_interface_syn.rpt.html" completed
GowinSynthesis finish
