Reading netlist file: "F:\TangMega-138K-example\Pro_board\sfp+\impl\gwsynthesis\fpga_project.vg"
Parsing netlist file "F:\TangMega-138K-example\Pro_board\sfp+\impl\gwsynthesis\fpga_project.vg" completed
Processing netlist completed
Reading constraint file: "F:\TangMega-138K-example\Pro_board\sfp+\src\fpga_project.cst"
Physical Constraint parsed completed
Running placement......
[10%] Placement Phase 0 completed
[20%] Placement Phase 1 completed
[30%] Placement Phase 2 completed
[50%] Placement Phase 3 completed
Running routing......
[60%] Routing Phase 0 completed
[70%] Routing Phase 1 completed
[80%] Routing Phase 2 completed
[90%] Routing Phase 3 completed
Running timing analysis......
[95%] Timing analysis completed
Placement and routing completed
Bitstream generation in progress......
Bitstream generation completed
Generate file "F:\TangMega-138K-example\Pro_board\sfp+\impl\pnr\fpga_project.pin.html" completed
Generate file "F:\TangMega-138K-example\Pro_board\sfp+\impl\pnr\fpga_project.rpt.html" completed
Generate file "F:\TangMega-138K-example\Pro_board\sfp+\impl\pnr\fpga_project.rpt.txt" completed
Generate file "F:\TangMega-138K-example\Pro_board\sfp+\impl\pnr\fpga_project.tr.html" completed
Wed Sep 13 20:24:30 2023

