GowinSynthesis start
Running parser ...
Analyzing Verilog file 'C:\Users\Think\Documents\FPGA_Project\Gowin\138K-FC676\SFP_Fan\customized_phy\10.3125G\sfp+\src\prbs7_chk.v'
WARN  (EX2950) : Extra semicolon is not allowed here in this dialect, use SystemVerilog mode instead("C:\Users\Think\Documents\FPGA_Project\Gowin\138K-FC676\SFP_Fan\customized_phy\10.3125G\sfp+\src\prbs7_chk.v":51)
Analyzing Verilog file 'C:\Users\Think\Documents\FPGA_Project\Gowin\138K-FC676\SFP_Fan\customized_phy\10.3125G\sfp+\src\prbs7_gen.v'
WARN  (EX2950) : Extra semicolon is not allowed here in this dialect, use SystemVerilog mode instead("C:\Users\Think\Documents\FPGA_Project\Gowin\138K-FC676\SFP_Fan\customized_phy\10.3125G\sfp+\src\prbs7_gen.v":44)
Analyzing Verilog file 'C:\Users\Think\Documents\FPGA_Project\Gowin\138K-FC676\SFP_Fan\customized_phy\10.3125G\sfp+\src\prbs7_single_channel.v'
Analyzing Verilog file 'C:\Users\Think\Documents\FPGA_Project\Gowin\138K-FC676\SFP_Fan\customized_phy\10.3125G\sfp+\src\serdes\customized_phy\customized_phy.v'
Analyzing Verilog file 'C:\Users\Think\Documents\FPGA_Project\Gowin\138K-FC676\SFP_Fan\customized_phy\10.3125G\sfp+\src\serdes\serdes.v'
Analyzing Verilog file 'C:\Users\Think\Documents\FPGA_Project\Gowin\138K-FC676\SFP_Fan\customized_phy\10.3125G\sfp+\src\top.v'
Undeclared symbol 'prbs7_lock_ln1', assumed default net type 'wire'("C:\Users\Think\Documents\FPGA_Project\Gowin\138K-FC676\SFP_Fan\customized_phy\10.3125G\sfp+\src\top.v":198)
Undeclared symbol 'prbs7_lock_ln0', assumed default net type 'wire'("C:\Users\Think\Documents\FPGA_Project\Gowin\138K-FC676\SFP_Fan\customized_phy\10.3125G\sfp+\src\top.v":253)
WARN  (EX2950) : Extra semicolon is not allowed here in this dialect, use SystemVerilog mode instead("C:\Users\Think\Documents\FPGA_Project\Gowin\138K-FC676\SFP_Fan\customized_phy\10.3125G\sfp+\src\top.v":256)
WARN  (EX2950) : Extra semicolon is not allowed here in this dialect, use SystemVerilog mode instead("C:\Users\Think\Documents\FPGA_Project\Gowin\138K-FC676\SFP_Fan\customized_phy\10.3125G\sfp+\src\top.v":261)
Analyzing Verilog file 'D:\Applications\Gowin\Gowin_V1.9.10_x64\IDE\data\ipcores\GAO\GW_AO_0\gw_ao_crc32.v'
Analyzing Verilog file 'D:\Applications\Gowin\Gowin_V1.9.10_x64\IDE\data\ipcores\GAO\GW_AO_0\gw_ao_match.v'
Analyzing included file 'D:\Applications\Gowin\Gowin_V1.9.10_x64\IDE\data\ipcores\GAO\GW_AO_0\gw_ao_define.v'("D:\Applications\Gowin\Gowin_V1.9.10_x64\IDE\data\ipcores\GAO\GW_AO_0\gw_ao_match.v":374)
Back to file 'D:\Applications\Gowin\Gowin_V1.9.10_x64\IDE\data\ipcores\GAO\GW_AO_0\gw_ao_match.v'("D:\Applications\Gowin\Gowin_V1.9.10_x64\IDE\data\ipcores\GAO\GW_AO_0\gw_ao_match.v":374)
Analyzing included file 'C:\Users\Think\Documents\FPGA_Project\Gowin\138K-FC676\SFP_Fan\customized_phy\10.3125G\sfp+\impl\gwsynthesis\RTL_GAO\ao_0\gw_ao_top_define.v'("D:\Applications\Gowin\Gowin_V1.9.10_x64\IDE\data\ipcores\GAO\GW_AO_0\gw_ao_match.v":374)
Back to file 'D:\Applications\Gowin\Gowin_V1.9.10_x64\IDE\data\ipcores\GAO\GW_AO_0\gw_ao_match.v'("D:\Applications\Gowin\Gowin_V1.9.10_x64\IDE\data\ipcores\GAO\GW_AO_0\gw_ao_match.v":374)
Analyzing included file 'C:\Users\Think\Documents\FPGA_Project\Gowin\138K-FC676\SFP_Fan\customized_phy\10.3125G\sfp+\impl\gwsynthesis\RTL_GAO\ao_0\gw_ao_init.v'("D:\Applications\Gowin\Gowin_V1.9.10_x64\IDE\data\ipcores\GAO\GW_AO_0\gw_ao_match.v":374)
Back to file 'D:\Applications\Gowin\Gowin_V1.9.10_x64\IDE\data\ipcores\GAO\GW_AO_0\gw_ao_match.v'("D:\Applications\Gowin\Gowin_V1.9.10_x64\IDE\data\ipcores\GAO\GW_AO_0\gw_ao_match.v":374)
Analyzing Verilog file 'D:\Applications\Gowin\Gowin_V1.9.10_x64\IDE\data\ipcores\GAO\GW_AO_0\gw_ao_mem_ctrl.v'
Analyzing included file 'C:\Users\Think\Documents\FPGA_Project\Gowin\138K-FC676\SFP_Fan\customized_phy\10.3125G\sfp+\impl\gwsynthesis\RTL_GAO\ao_0\gw_ao_top_define.v'("D:\Applications\Gowin\Gowin_V1.9.10_x64\IDE\data\ipcores\GAO\GW_AO_0\gw_ao_mem_ctrl.v":1256)
Back to file 'D:\Applications\Gowin\Gowin_V1.9.10_x64\IDE\data\ipcores\GAO\GW_AO_0\gw_ao_mem_ctrl.v'("D:\Applications\Gowin\Gowin_V1.9.10_x64\IDE\data\ipcores\GAO\GW_AO_0\gw_ao_mem_ctrl.v":1256)
Analyzing Verilog file 'D:\Applications\Gowin\Gowin_V1.9.10_x64\IDE\data\ipcores\GAO\GW_AO_0\gw_ao_top.v'
Analyzing included file 'D:\Applications\Gowin\Gowin_V1.9.10_x64\IDE\data\ipcores\GAO\GW_AO_0\gw_ao_define.v'("D:\Applications\Gowin\Gowin_V1.9.10_x64\IDE\data\ipcores\GAO\GW_AO_0\gw_ao_top.v":3042)
Back to file 'D:\Applications\Gowin\Gowin_V1.9.10_x64\IDE\data\ipcores\GAO\GW_AO_0\gw_ao_top.v'("D:\Applications\Gowin\Gowin_V1.9.10_x64\IDE\data\ipcores\GAO\GW_AO_0\gw_ao_top.v":3042)
Analyzing included file 'C:\Users\Think\Documents\FPGA_Project\Gowin\138K-FC676\SFP_Fan\customized_phy\10.3125G\sfp+\impl\gwsynthesis\RTL_GAO\ao_0\gw_ao_top_define.v'("D:\Applications\Gowin\Gowin_V1.9.10_x64\IDE\data\ipcores\GAO\GW_AO_0\gw_ao_top.v":3042)
Back to file 'D:\Applications\Gowin\Gowin_V1.9.10_x64\IDE\data\ipcores\GAO\GW_AO_0\gw_ao_top.v'("D:\Applications\Gowin\Gowin_V1.9.10_x64\IDE\data\ipcores\GAO\GW_AO_0\gw_ao_top.v":3042)
Analyzing included file 'C:\Users\Think\Documents\FPGA_Project\Gowin\138K-FC676\SFP_Fan\customized_phy\10.3125G\sfp+\impl\gwsynthesis\RTL_GAO\ao_0\gw_ao_expression.v'("D:\Applications\Gowin\Gowin_V1.9.10_x64\IDE\data\ipcores\GAO\GW_AO_0\gw_ao_top.v":3042)
Back to file 'D:\Applications\Gowin\Gowin_V1.9.10_x64\IDE\data\ipcores\GAO\GW_AO_0\gw_ao_top.v'("D:\Applications\Gowin\Gowin_V1.9.10_x64\IDE\data\ipcores\GAO\GW_AO_0\gw_ao_top.v":3042)
Analyzing included file 'C:\Users\Think\Documents\FPGA_Project\Gowin\138K-FC676\SFP_Fan\customized_phy\10.3125G\sfp+\impl\gwsynthesis\RTL_GAO\ao_0\gw_ao_parameter.v'("D:\Applications\Gowin\Gowin_V1.9.10_x64\IDE\data\ipcores\GAO\GW_AO_0\gw_ao_top.v":3042)
Back to file 'D:\Applications\Gowin\Gowin_V1.9.10_x64\IDE\data\ipcores\GAO\GW_AO_0\gw_ao_top.v'("D:\Applications\Gowin\Gowin_V1.9.10_x64\IDE\data\ipcores\GAO\GW_AO_0\gw_ao_top.v":3042)
Analyzing included file 'C:\Users\Think\Documents\FPGA_Project\Gowin\138K-FC676\SFP_Fan\customized_phy\10.3125G\sfp+\impl\gwsynthesis\RTL_GAO\ao_0\gw_ao_init.v'("D:\Applications\Gowin\Gowin_V1.9.10_x64\IDE\data\ipcores\GAO\GW_AO_0\gw_ao_top.v":3042)
Back to file 'D:\Applications\Gowin\Gowin_V1.9.10_x64\IDE\data\ipcores\GAO\GW_AO_0\gw_ao_top.v'("D:\Applications\Gowin\Gowin_V1.9.10_x64\IDE\data\ipcores\GAO\GW_AO_0\gw_ao_top.v":3042)
Analyzing Verilog file 'D:\Applications\Gowin\Gowin_V1.9.10_x64\IDE\data\ipcores\GAO\GW_CON\gw_con_top_138.v'
Analyzing included file 'C:\Users\Think\Documents\FPGA_Project\Gowin\138K-FC676\SFP_Fan\customized_phy\10.3125G\sfp+\impl\gwsynthesis\RTL_GAO\ao_control\gw_con_top_define.v'("D:\Applications\Gowin\Gowin_V1.9.10_x64\IDE\data\ipcores\GAO\GW_CON\gw_con_top_138.v":396)
Back to file 'D:\Applications\Gowin\Gowin_V1.9.10_x64\IDE\data\ipcores\GAO\GW_CON\gw_con_top_138.v'("D:\Applications\Gowin\Gowin_V1.9.10_x64\IDE\data\ipcores\GAO\GW_CON\gw_con_top_138.v":396)
Analyzing included file 'C:\Users\Think\Documents\FPGA_Project\Gowin\138K-FC676\SFP_Fan\customized_phy\10.3125G\sfp+\impl\gwsynthesis\RTL_GAO\ao_control\gw_con_parameter.v'("D:\Applications\Gowin\Gowin_V1.9.10_x64\IDE\data\ipcores\GAO\GW_CON\gw_con_top_138.v":396)
Back to file 'D:\Applications\Gowin\Gowin_V1.9.10_x64\IDE\data\ipcores\GAO\GW_CON\gw_con_top_138.v'("D:\Applications\Gowin\Gowin_V1.9.10_x64\IDE\data\ipcores\GAO\GW_CON\gw_con_top_138.v":396)
Analyzing Verilog file 'D:\Applications\Gowin\Gowin_V1.9.10_x64\IDE\data\ipcores\gw_jtag.v'
Analyzing Verilog file 'C:\Users\Think\Documents\FPGA_Project\Gowin\138K-FC676\SFP_Fan\customized_phy\10.3125G\sfp+\impl\gwsynthesis\RTL_GAO\gw_gao_top.v'
Compiling module 'top'("C:\Users\Think\Documents\FPGA_Project\Gowin\138K-FC676\SFP_Fan\customized_phy\10.3125G\sfp+\src\top.v":1)
WARN  (EX3073) : Port 'Q1_FABRIC_LN0_STAT_O' remains unconnected for this instance("C:\Users\Think\Documents\FPGA_Project\Gowin\138K-FC676\SFP_Fan\customized_phy\10.3125G\sfp+\src\serdes\serdes.v":586)
Compiling module 'SerDes_Top'("C:\Users\Think\Documents\FPGA_Project\Gowin\138K-FC676\SFP_Fan\customized_phy\10.3125G\sfp+\src\serdes\serdes.v":10)
Compiling module 'Customized_PHY_Top'("C:\Users\Think\Documents\FPGA_Project\Gowin\138K-FC676\SFP_Fan\customized_phy\10.3125G\sfp+\src\serdes\customized_phy\customized_phy.v":10)
WARN  (EX2565) : Input 'Q1_FABRIC_LN0_STAT_O[12]' on this instance is undriven. Assigning to 0, simulation mismatch possible. Please assign the input or remove the declaration("C:\Users\Think\Documents\FPGA_Project\Gowin\138K-FC676\SFP_Fan\customized_phy\10.3125G\sfp+\src\serdes\serdes.v":586)
WARN  (EX2565) : Input 'Q1_FABRIC_LN0_STAT_O[11]' on this instance is undriven. Assigning to 0, simulation mismatch possible. Please assign the input or remove the declaration("C:\Users\Think\Documents\FPGA_Project\Gowin\138K-FC676\SFP_Fan\customized_phy\10.3125G\sfp+\src\serdes\serdes.v":586)
WARN  (EX2565) : Input 'Q1_FABRIC_LN0_STAT_O[10]' on this instance is undriven. Assigning to 0, simulation mismatch possible. Please assign the input or remove the declaration("C:\Users\Think\Documents\FPGA_Project\Gowin\138K-FC676\SFP_Fan\customized_phy\10.3125G\sfp+\src\serdes\serdes.v":586)
WARN  (EX2565) : Input 'Q1_FABRIC_LN0_STAT_O[9]' on this instance is undriven. Assigning to 0, simulation mismatch possible. Please assign the input or remove the declaration("C:\Users\Think\Documents\FPGA_Project\Gowin\138K-FC676\SFP_Fan\customized_phy\10.3125G\sfp+\src\serdes\serdes.v":586)
WARN  (EX2565) : Input 'Q1_FABRIC_LN0_STAT_O[8]' on this instance is undriven. Assigning to 0, simulation mismatch possible. Please assign the input or remove the declaration("C:\Users\Think\Documents\FPGA_Project\Gowin\138K-FC676\SFP_Fan\customized_phy\10.3125G\sfp+\src\serdes\serdes.v":586)
WARN  (EX2565) : Input 'Q1_FABRIC_LN0_STAT_O[7]' on this instance is undriven. Assigning to 0, simulation mismatch possible. Please assign the input or remove the declaration("C:\Users\Think\Documents\FPGA_Project\Gowin\138K-FC676\SFP_Fan\customized_phy\10.3125G\sfp+\src\serdes\serdes.v":586)
WARN  (EX2565) : Input 'Q1_FABRIC_LN0_STAT_O[6]' on this instance is undriven. Assigning to 0, simulation mismatch possible. Please assign the input or remove the declaration("C:\Users\Think\Documents\FPGA_Project\Gowin\138K-FC676\SFP_Fan\customized_phy\10.3125G\sfp+\src\serdes\serdes.v":586)
WARN  (EX2565) : Input 'Q1_FABRIC_LN0_STAT_O[5]' on this instance is undriven. Assigning to 0, simulation mismatch possible. Please assign the input or remove the declaration("C:\Users\Think\Documents\FPGA_Project\Gowin\138K-FC676\SFP_Fan\customized_phy\10.3125G\sfp+\src\serdes\serdes.v":586)
WARN  (EX2565) : Input 'Q1_FABRIC_LN0_STAT_O[4]' on this instance is undriven. Assigning to 0, simulation mismatch possible. Please assign the input or remove the declaration("C:\Users\Think\Documents\FPGA_Project\Gowin\138K-FC676\SFP_Fan\customized_phy\10.3125G\sfp+\src\serdes\serdes.v":586)
WARN  (EX2565) : Input 'Q1_FABRIC_LN0_STAT_O[3]' on this instance is undriven. Assigning to 0, simulation mismatch possible. Please assign the input or remove the declaration("C:\Users\Think\Documents\FPGA_Project\Gowin\138K-FC676\SFP_Fan\customized_phy\10.3125G\sfp+\src\serdes\serdes.v":586)
WARN  (EX2565) : Input 'Q1_FABRIC_LN0_STAT_O[2]' on this instance is undriven. Assigning to 0, simulation mismatch possible. Please assign the input or remove the declaration("C:\Users\Think\Documents\FPGA_Project\Gowin\138K-FC676\SFP_Fan\customized_phy\10.3125G\sfp+\src\serdes\serdes.v":586)
WARN  (EX2565) : Input 'Q1_FABRIC_LN0_STAT_O[1]' on this instance is undriven. Assigning to 0, simulation mismatch possible. Please assign the input or remove the declaration("C:\Users\Think\Documents\FPGA_Project\Gowin\138K-FC676\SFP_Fan\customized_phy\10.3125G\sfp+\src\serdes\serdes.v":586)
WARN  (EX2565) : Input 'Q1_FABRIC_LN0_STAT_O[0]' on this instance is undriven. Assigning to 0, simulation mismatch possible. Please assign the input or remove the declaration("C:\Users\Think\Documents\FPGA_Project\Gowin\138K-FC676\SFP_Fan\customized_phy\10.3125G\sfp+\src\serdes\serdes.v":586)
WARN  (EX2565) : Input 'Q1_FABRIC_LN1_STAT_O[12]' on this instance is undriven. Assigning to 0, simulation mismatch possible. Please assign the input or remove the declaration("C:\Users\Think\Documents\FPGA_Project\Gowin\138K-FC676\SFP_Fan\customized_phy\10.3125G\sfp+\src\serdes\serdes.v":586)
WARN  (EX2565) : Input 'Q1_FABRIC_LN1_STAT_O[11]' on this instance is undriven. Assigning to 0, simulation mismatch possible. Please assign the input or remove the declaration("C:\Users\Think\Documents\FPGA_Project\Gowin\138K-FC676\SFP_Fan\customized_phy\10.3125G\sfp+\src\serdes\serdes.v":586)
WARN  (EX2565) : Input 'Q1_FABRIC_LN1_STAT_O[10]' on this instance is undriven. Assigning to 0, simulation mismatch possible. Please assign the input or remove the declaration("C:\Users\Think\Documents\FPGA_Project\Gowin\138K-FC676\SFP_Fan\customized_phy\10.3125G\sfp+\src\serdes\serdes.v":586)
WARN  (EX2565) : Input 'Q1_FABRIC_LN1_STAT_O[9]' on this instance is undriven. Assigning to 0, simulation mismatch possible. Please assign the input or remove the declaration("C:\Users\Think\Documents\FPGA_Project\Gowin\138K-FC676\SFP_Fan\customized_phy\10.3125G\sfp+\src\serdes\serdes.v":586)
WARN  (EX2565) : Input 'Q1_FABRIC_LN1_STAT_O[8]' on this instance is undriven. Assigning to 0, simulation mismatch possible. Please assign the input or remove the declaration("C:\Users\Think\Documents\FPGA_Project\Gowin\138K-FC676\SFP_Fan\customized_phy\10.3125G\sfp+\src\serdes\serdes.v":586)
WARN  (EX2565) : Input 'Q1_FABRIC_LN1_STAT_O[7]' on this instance is undriven. Assigning to 0, simulation mismatch possible. Please assign the input or remove the declaration("C:\Users\Think\Documents\FPGA_Project\Gowin\138K-FC676\SFP_Fan\customized_phy\10.3125G\sfp+\src\serdes\serdes.v":586)
WARN  (EX2565) : Input 'Q1_FABRIC_LN1_STAT_O[6]' on this instance is undriven. Assigning to 0, simulation mismatch possible. Please assign the input or remove the declaration("C:\Users\Think\Documents\FPGA_Project\Gowin\138K-FC676\SFP_Fan\customized_phy\10.3125G\sfp+\src\serdes\serdes.v":586)
WARN  (EX2565) : Input 'Q1_FABRIC_LN1_STAT_O[5]' on this instance is undriven. Assigning to 0, simulation mismatch possible. Please assign the input or remove the declaration("C:\Users\Think\Documents\FPGA_Project\Gowin\138K-FC676\SFP_Fan\customized_phy\10.3125G\sfp+\src\serdes\serdes.v":586)
WARN  (EX2565) : Input 'Q1_FABRIC_LN1_STAT_O[4]' on this instance is undriven. Assigning to 0, simulation mismatch possible. Please assign the input or remove the declaration("C:\Users\Think\Documents\FPGA_Project\Gowin\138K-FC676\SFP_Fan\customized_phy\10.3125G\sfp+\src\serdes\serdes.v":586)
WARN  (EX2565) : Input 'Q1_FABRIC_LN1_STAT_O[3]' on this instance is undriven. Assigning to 0, simulation mismatch possible. Please assign the input or remove the declaration("C:\Users\Think\Documents\FPGA_Project\Gowin\138K-FC676\SFP_Fan\customized_phy\10.3125G\sfp+\src\serdes\serdes.v":586)
WARN  (EX2565) : Input 'Q1_FABRIC_LN1_STAT_O[2]' on this instance is undriven. Assigning to 0, simulation mismatch possible. Please assign the input or remove the declaration("C:\Users\Think\Documents\FPGA_Project\Gowin\138K-FC676\SFP_Fan\customized_phy\10.3125G\sfp+\src\serdes\serdes.v":586)
WARN  (EX2565) : Input 'Q1_FABRIC_LN1_STAT_O[1]' on this instance is undriven. Assigning to 0, simulation mismatch possible. Please assign the input or remove the declaration("C:\Users\Think\Documents\FPGA_Project\Gowin\138K-FC676\SFP_Fan\customized_phy\10.3125G\sfp+\src\serdes\serdes.v":586)
WARN  (EX2565) : Input 'Q1_FABRIC_LN1_STAT_O[0]' on this instance is undriven. Assigning to 0, simulation mismatch possible. Please assign the input or remove the declaration("C:\Users\Think\Documents\FPGA_Project\Gowin\138K-FC676\SFP_Fan\customized_phy\10.3125G\sfp+\src\serdes\serdes.v":586)
WARN  (EX2565) : Input 'Q0_FABRIC_CMU_CK_REF_O' on this instance is undriven. Assigning to 0, simulation mismatch possible. Please assign the input or remove the declaration("C:\Users\Think\Documents\FPGA_Project\Gowin\138K-FC676\SFP_Fan\customized_phy\10.3125G\sfp+\src\serdes\serdes.v":586)
WARN  (EX2565) : Input 'Q0_FABRIC_CMU1_CK_REF_O' on this instance is undriven. Assigning to 0, simulation mismatch possible. Please assign the input or remove the declaration("C:\Users\Think\Documents\FPGA_Project\Gowin\138K-FC676\SFP_Fan\customized_phy\10.3125G\sfp+\src\serdes\serdes.v":586)
WARN  (EX2565) : Input 'Q0_FABRIC_CMU1_OK_O' on this instance is undriven. Assigning to 0, simulation mismatch possible. Please assign the input or remove the declaration("C:\Users\Think\Documents\FPGA_Project\Gowin\138K-FC676\SFP_Fan\customized_phy\10.3125G\sfp+\src\serdes\serdes.v":586)
WARN  (EX2565) : Input 'Q0_FABRIC_CMU_OK_O' on this instance is undriven. Assigning to 0, simulation mismatch possible. Please assign the input or remove the declaration("C:\Users\Think\Documents\FPGA_Project\Gowin\138K-FC676\SFP_Fan\customized_phy\10.3125G\sfp+\src\serdes\serdes.v":586)
Compiling module 'prbs7_single_channel'("C:\Users\Think\Documents\FPGA_Project\Gowin\138K-FC676\SFP_Fan\customized_phy\10.3125G\sfp+\src\prbs7_single_channel.v":1)
Compiling module '**'("C:\Users\Think\Documents\FPGA_Project\Gowin\138K-FC676\SFP_Fan\customized_phy\10.3125G\sfp+\src\prbs7_gen.v":44)
WARN  (EX3791) : Expression size ** truncated to fit in target size **("C:\Users\Think\Documents\FPGA_Project\Gowin\138K-FC676\SFP_Fan\customized_phy\10.3125G\sfp+\src\prbs7_gen.v":44)
Compiling module '**'("C:\Users\Think\Documents\FPGA_Project\Gowin\138K-FC676\SFP_Fan\customized_phy\10.3125G\sfp+\src\prbs7_chk.v":51)
WARN  (EX3791) : Expression size ** truncated to fit in target size **("C:\Users\Think\Documents\FPGA_Project\Gowin\138K-FC676\SFP_Fan\customized_phy\10.3125G\sfp+\src\prbs7_chk.v":51)
WARN  (EX3791) : Expression size 28 truncated to fit in target size 27("C:\Users\Think\Documents\FPGA_Project\Gowin\138K-FC676\SFP_Fan\customized_phy\10.3125G\sfp+\src\top.v":257)
WARN  (EX3791) : Expression size 28 truncated to fit in target size 27("C:\Users\Think\Documents\FPGA_Project\Gowin\138K-FC676\SFP_Fan\customized_phy\10.3125G\sfp+\src\top.v":262)
Compiling module 'gw_gao'("C:\Users\Think\Documents\FPGA_Project\Gowin\138K-FC676\SFP_Fan\customized_phy\10.3125G\sfp+\impl\gwsynthesis\RTL_GAO\gw_gao_top.v":1)
Compiling module 'GW_JTAG'("D:\Applications\Gowin\Gowin_V1.9.10_x64\IDE\data\ipcores\gw_jtag.v":1)
Compiling module '**'("D:\Applications\Gowin\Gowin_V1.9.10_x64\IDE\data\ipcores\GAO\GW_CON\gw_con_top_138.v":396)
Compiling module '**'("D:\Applications\Gowin\Gowin_V1.9.10_x64\IDE\data\ipcores\GAO\GW_AO_0\gw_ao_top.v":3042)
Compiling module '**'("D:\Applications\Gowin\Gowin_V1.9.10_x64\IDE\data\ipcores\GAO\GW_AO_0\gw_ao_mem_ctrl.v":1256)
Extracting RAM for identifier '**'("D:\Applications\Gowin\Gowin_V1.9.10_x64\IDE\data\ipcores\GAO\GW_AO_0\gw_ao_mem_ctrl.v":1256)
Compiling module '**'("D:\Applications\Gowin\Gowin_V1.9.10_x64\IDE\data\ipcores\GAO\GW_AO_0\gw_ao_crc32.v":74)
Compiling module '**'("D:\Applications\Gowin\Gowin_V1.9.10_x64\IDE\data\ipcores\GAO\GW_AO_0\gw_ao_match.v":374)
Trying to combine GAO to RTL design
NOTE  (EX0101) : Current top module is "top"
WARN  (EX0211) : The output port "error_stat_o[7]" of module "prbs7_chk(INIT=8'b11111111)" has no driver, assigning undriven bits to Z, simulation mismatch possible("C:\Users\Think\Documents\FPGA_Project\Gowin\138K-FC676\SFP_Fan\customized_phy\10.3125G\sfp+\src\prbs7_chk.v":51)
WARN  (EX0211) : The output port "error_stat_o[6]" of module "prbs7_chk(INIT=8'b11111111)" has no driver, assigning undriven bits to Z, simulation mismatch possible("C:\Users\Think\Documents\FPGA_Project\Gowin\138K-FC676\SFP_Fan\customized_phy\10.3125G\sfp+\src\prbs7_chk.v":51)
WARN  (EX0211) : The output port "error_stat_o[5]" of module "prbs7_chk(INIT=8'b11111111)" has no driver, assigning undriven bits to Z, simulation mismatch possible("C:\Users\Think\Documents\FPGA_Project\Gowin\138K-FC676\SFP_Fan\customized_phy\10.3125G\sfp+\src\prbs7_chk.v":51)
WARN  (EX0211) : The output port "error_stat_o[4]" of module "prbs7_chk(INIT=8'b11111111)" has no driver, assigning undriven bits to Z, simulation mismatch possible("C:\Users\Think\Documents\FPGA_Project\Gowin\138K-FC676\SFP_Fan\customized_phy\10.3125G\sfp+\src\prbs7_chk.v":51)
WARN  (EX0211) : The output port "error_stat_o[3]" of module "prbs7_chk(INIT=8'b11111111)" has no driver, assigning undriven bits to Z, simulation mismatch possible("C:\Users\Think\Documents\FPGA_Project\Gowin\138K-FC676\SFP_Fan\customized_phy\10.3125G\sfp+\src\prbs7_chk.v":51)
WARN  (EX0211) : The output port "error_stat_o[2]" of module "prbs7_chk(INIT=8'b11111111)" has no driver, assigning undriven bits to Z, simulation mismatch possible("C:\Users\Think\Documents\FPGA_Project\Gowin\138K-FC676\SFP_Fan\customized_phy\10.3125G\sfp+\src\prbs7_chk.v":51)
WARN  (EX0211) : The output port "error_stat_o[1]" of module "prbs7_chk(INIT=8'b11111111)" has no driver, assigning undriven bits to Z, simulation mismatch possible("C:\Users\Think\Documents\FPGA_Project\Gowin\138K-FC676\SFP_Fan\customized_phy\10.3125G\sfp+\src\prbs7_chk.v":51)
WARN  (EX0211) : The output port "error_stat_o[0]" of module "prbs7_chk(INIT=8'b11111111)" has no driver, assigning undriven bits to Z, simulation mismatch possible("C:\Users\Think\Documents\FPGA_Project\Gowin\138K-FC676\SFP_Fan\customized_phy\10.3125G\sfp+\src\prbs7_chk.v":51)
[5%] Running netlist conversion ...
Running device independent optimization ...
[10%] Optimizing Phase 0 completed
[15%] Optimizing Phase 1 completed
[25%] Optimizing Phase 2 completed
Running inference ...
[30%] Inferring Phase 0 completed
[40%] Inferring Phase 1 completed
[50%] Inferring Phase 2 completed
[55%] Inferring Phase 3 completed
Running technical mapping ...
[60%] Tech-Mapping Phase 0 completed
[65%] Tech-Mapping Phase 1 completed
[75%] Tech-Mapping Phase 2 completed
[80%] Tech-Mapping Phase 3 completed
[90%] Tech-Mapping Phase 4 completed
WARN  (NL0002) : The module "Customized_PHY_Top" instantiated to "Customized_PHY_Top_inst" is swept in optimizing("C:\Users\Think\Documents\FPGA_Project\Gowin\138K-FC676\SFP_Fan\customized_phy\10.3125G\sfp+\src\serdes\serdes.v":586)
[95%] Generate netlist file "C:\Users\Think\Documents\FPGA_Project\Gowin\138K-FC676\SFP_Fan\customized_phy\10.3125G\sfp+\impl\gwsynthesis\SFPP_10GBase.vg" completed
[100%] Generate report file "C:\Users\Think\Documents\FPGA_Project\Gowin\138K-FC676\SFP_Fan\customized_phy\10.3125G\sfp+\impl\gwsynthesis\SFPP_10GBase_syn.rpt.html" completed
GowinSynthesis finish
