Reading netlist file: "F:\TangMega-138K-example\Pro_board\audio\audio\impl\gwsynthesis\audio.vg"
Parsing netlist file "F:\TangMega-138K-example\Pro_board\audio\audio\impl\gwsynthesis\audio.vg" completed
Processing netlist completed
Reading constraint file: "F:\TangMega-138K-example\Pro_board\audio\audio\src\audio.cst"
Physical Constraint parsed completed
Running placement......
[10%] Placement Phase 0 completed
[20%] Placement Phase 1 completed
[30%] Placement Phase 2 completed
[50%] Placement Phase 3 completed
Running routing......
[60%] Routing Phase 0 completed
[70%] Routing Phase 1 completed
[80%] Routing Phase 2 completed
WARN  (PR1014) : Generic routing resource will be used to clock signal 'clk_d' by the specified constraint. And then it may lead to the excessive delay or skew
[90%] Routing Phase 3 completed
Running timing analysis......
[95%] Timing analysis completed
Placement and routing completed
Bitstream generation in progress......
Bitstream generation completed
Generate file "F:\TangMega-138K-example\Pro_board\audio\audio\impl\pnr\audio.pin.html" completed
Generate file "F:\TangMega-138K-example\Pro_board\audio\audio\impl\pnr\audio.rpt.html" completed
Generate file "F:\TangMega-138K-example\Pro_board\audio\audio\impl\pnr\audio.rpt.txt" completed
Generate file "F:\TangMega-138K-example\Pro_board\audio\audio\impl\pnr\audio.tr.html" completed
Wed Aug 09 15:53:07 2023

