GowinSynthesis start
Running parser ...
Analyzing Verilog file 'D:\Applications\Gowin\Gowin_V1.9.10_x64\IDE\ipcore\SERDES_IP\IPlib\CUSTOMIZED\data\customized_phy_wrapper.v'
Analyzing included file 'D:\Applications\Gowin\Gowin_V1.9.10_x64\IDE\ipcore\SERDES_IP\IPlib\CUSTOMIZED\data\static_macro_define.vh'("D:\Applications\Gowin\Gowin_V1.9.10_x64\IDE\ipcore\SERDES_IP\IPlib\CUSTOMIZED\data\customized_phy_wrapper.v":2)
Back to file 'D:\Applications\Gowin\Gowin_V1.9.10_x64\IDE\ipcore\SERDES_IP\IPlib\CUSTOMIZED\data\customized_phy_wrapper.v'("D:\Applications\Gowin\Gowin_V1.9.10_x64\IDE\ipcore\SERDES_IP\IPlib\CUSTOMIZED\data\customized_phy_wrapper.v":2)
Analyzing included file 'define.vh'("D:\Applications\Gowin\Gowin_V1.9.10_x64\IDE\ipcore\SERDES_IP\IPlib\CUSTOMIZED\data\customized_phy_wrapper.v":3)
Back to file 'D:\Applications\Gowin\Gowin_V1.9.10_x64\IDE\ipcore\SERDES_IP\IPlib\CUSTOMIZED\data\customized_phy_wrapper.v'("D:\Applications\Gowin\Gowin_V1.9.10_x64\IDE\ipcore\SERDES_IP\IPlib\CUSTOMIZED\data\customized_phy_wrapper.v":3)
Analyzing Verilog file 'D:\Applications\Gowin\Gowin_V1.9.10_x64\IDE\ipcore\SERDES_IP\IPlib\CUSTOMIZED\data\customized_phy.v'
Analyzing included file 'define.vh'("D:\Applications\Gowin\Gowin_V1.9.10_x64\IDE\ipcore\SERDES_IP\IPlib\CUSTOMIZED\data\customized_phy.v":883)
Back to file 'D:\Applications\Gowin\Gowin_V1.9.10_x64\IDE\ipcore\SERDES_IP\IPlib\CUSTOMIZED\data\customized_phy.v'("D:\Applications\Gowin\Gowin_V1.9.10_x64\IDE\ipcore\SERDES_IP\IPlib\CUSTOMIZED\data\customized_phy.v":883)
Analyzing included file 'D:\Applications\Gowin\Gowin_V1.9.10_x64\IDE\ipcore\SERDES_IP\IPlib\CUSTOMIZED\data\static_macro_define.vh'("D:\Applications\Gowin\Gowin_V1.9.10_x64\IDE\ipcore\SERDES_IP\IPlib\CUSTOMIZED\data\customized_phy.v":883)
Back to file 'D:\Applications\Gowin\Gowin_V1.9.10_x64\IDE\ipcore\SERDES_IP\IPlib\CUSTOMIZED\data\customized_phy.v'("D:\Applications\Gowin\Gowin_V1.9.10_x64\IDE\ipcore\SERDES_IP\IPlib\CUSTOMIZED\data\customized_phy.v":883)
Analyzing included file 'param.v'("D:\Applications\Gowin\Gowin_V1.9.10_x64\IDE\ipcore\SERDES_IP\IPlib\CUSTOMIZED\data\customized_phy.v":883)
Back to file 'D:\Applications\Gowin\Gowin_V1.9.10_x64\IDE\ipcore\SERDES_IP\IPlib\CUSTOMIZED\data\customized_phy.v'("D:\Applications\Gowin\Gowin_V1.9.10_x64\IDE\ipcore\SERDES_IP\IPlib\CUSTOMIZED\data\customized_phy.v":883)
Compiling module 'Customized_PHY_Top'("D:\Applications\Gowin\Gowin_V1.9.10_x64\IDE\ipcore\SERDES_IP\IPlib\CUSTOMIZED\data\customized_phy_wrapper.v":5)
Compiling module '**'("D:\Applications\Gowin\Gowin_V1.9.10_x64\IDE\ipcore\SERDES_IP\IPlib\CUSTOMIZED\data\customized_phy.v":883)
NOTE  (EX0101) : Current top module is "Customized_PHY_Top"
[5%] Running netlist conversion ...
WARN  (CV0020) : Input Q1_FABRIC_LN0_STAT_O[11:0] is unused("D:\Applications\Gowin\Gowin_V1.9.10_x64\IDE\ipcore\SERDES_IP\IPlib\CUSTOMIZED\data\customized_phy_wrapper.v":271)
WARN  (CV0020) : Input Q1_FABRIC_LN0_ASTAT_O[4:0] is unused("D:\Applications\Gowin\Gowin_V1.9.10_x64\IDE\ipcore\SERDES_IP\IPlib\CUSTOMIZED\data\customized_phy_wrapper.v":278)
WARN  (CV0020) : Input Q1_FABRIC_LN1_STAT_O[11:0] is unused("D:\Applications\Gowin\Gowin_V1.9.10_x64\IDE\ipcore\SERDES_IP\IPlib\CUSTOMIZED\data\customized_phy_wrapper.v":333)
WARN  (CV0020) : Input Q1_FABRIC_LN1_ASTAT_O[4:0] is unused("D:\Applications\Gowin\Gowin_V1.9.10_x64\IDE\ipcore\SERDES_IP\IPlib\CUSTOMIZED\data\customized_phy_wrapper.v":340)
WARN  (CV0016) : Input Q0_FABRIC_CMU_CK_REF_O is unused("D:\Applications\Gowin\Gowin_V1.9.10_x64\IDE\ipcore\SERDES_IP\IPlib\CUSTOMIZED\data\customized_phy_wrapper.v":527)
WARN  (CV0016) : Input Q0_FABRIC_CMU1_CK_REF_O is unused("D:\Applications\Gowin\Gowin_V1.9.10_x64\IDE\ipcore\SERDES_IP\IPlib\CUSTOMIZED\data\customized_phy_wrapper.v":528)
WARN  (CV0016) : Input Q0_FABRIC_CMU1_OK_O is unused("D:\Applications\Gowin\Gowin_V1.9.10_x64\IDE\ipcore\SERDES_IP\IPlib\CUSTOMIZED\data\customized_phy_wrapper.v":529)
WARN  (CV0016) : Input Q0_FABRIC_CMU_OK_O is unused("D:\Applications\Gowin\Gowin_V1.9.10_x64\IDE\ipcore\SERDES_IP\IPlib\CUSTOMIZED\data\customized_phy_wrapper.v":530)
WARN  (CV0016) : Input Q1_FABRIC_CMU_CK_REF_O is unused("D:\Applications\Gowin\Gowin_V1.9.10_x64\IDE\ipcore\SERDES_IP\IPlib\CUSTOMIZED\data\customized_phy_wrapper.v":531)
WARN  (CV0016) : Input Q1_FABRIC_CMU1_CK_REF_O is unused("D:\Applications\Gowin\Gowin_V1.9.10_x64\IDE\ipcore\SERDES_IP\IPlib\CUSTOMIZED\data\customized_phy_wrapper.v":532)
WARN  (CV0016) : Input Q1_FABRIC_CMU1_OK_O is unused("D:\Applications\Gowin\Gowin_V1.9.10_x64\IDE\ipcore\SERDES_IP\IPlib\CUSTOMIZED\data\customized_phy_wrapper.v":533)
WARN  (CV0016) : Input Q1_FABRIC_CMU_OK_O is unused("D:\Applications\Gowin\Gowin_V1.9.10_x64\IDE\ipcore\SERDES_IP\IPlib\CUSTOMIZED\data\customized_phy_wrapper.v":534)
Running device independent optimization ...
[10%] Optimizing Phase 0 completed
[15%] Optimizing Phase 1 completed
[25%] Optimizing Phase 2 completed
Running inference ...
[30%] Inferring Phase 0 completed
[40%] Inferring Phase 1 completed
[50%] Inferring Phase 2 completed
[55%] Inferring Phase 3 completed
Running technical mapping ...
[60%] Tech-Mapping Phase 0 completed
[65%] Tech-Mapping Phase 1 completed
[75%] Tech-Mapping Phase 2 completed
[80%] Tech-Mapping Phase 3 completed
[90%] Tech-Mapping Phase 4 completed
WARN  (NL0002) : The module "~customized_phy_top.Customized_PHY_Top" instantiated to "customized_phy_top" is swept in optimizing("D:\Applications\Gowin\Gowin_V1.9.10_x64\IDE\ipcore\SERDES_IP\IPlib\CUSTOMIZED\data\customized_phy_wrapper.v":1069)
[95%] Generate netlist file "C:\Users\Think\Documents\FPGA_Project\Gowin\138K-FC676\SFP_Fan\sfp+\src\serdes\customized_phy\temp\CUSTOMIZED\customized_phy.vg" completed
Generate template file "C:\Users\Think\Documents\FPGA_Project\Gowin\138K-FC676\SFP_Fan\sfp+\src\serdes\customized_phy\temp\CUSTOMIZED\customized_phy_tmp.v" completed
[100%] Generate report file "C:\Users\Think\Documents\FPGA_Project\Gowin\138K-FC676\SFP_Fan\sfp+\src\serdes\customized_phy\temp\CUSTOMIZED\customized_phy_syn.rpt.html" completed
GowinSynthesis finish
