GowinSynthesis start
Running parser ...
Analyzing Verilog file 'G:\TangMega138K\TangMega-138KPro-example\dvi\hdmi\src\gowin_pll\gowin_pll.v'
Analyzing Verilog file 'G:\TangMega138K\TangMega-138KPro-example\dvi\hdmi\src\top.v'
Analyzing Verilog file 'G:\TangMega138K\TangMega-138KPro-example\dvi\hdmi\src\dvi-tx\dvi_tx_clk_drv.v'
Analyzing Verilog file 'G:\TangMega138K\TangMega-138KPro-example\dvi\hdmi\src\dvi-tx\dvi_tx_tmds_enc.v'
Analyzing Verilog file 'G:\TangMega138K\TangMega-138KPro-example\dvi\hdmi\src\dvi-tx\dvi_tx_tmds_phy.v'
Analyzing Verilog file 'G:\TangMega138K\TangMega-138KPro-example\dvi\hdmi\src\dvi-tx\dvi_tx_top.v'
Analyzing Verilog file 'G:\TangMega138K\TangMega-138KPro-example\dvi\hdmi\src\video-misc\test_pattern_gen.v'
Analyzing Verilog file 'G:\TangMega138K\TangMega-138KPro-example\dvi\hdmi\src\video-misc\video_timing_ctrl.v'
WARN  (EX3073) : Port 'video_line_start' remains unconnected for this instance("G:\TangMega138K\TangMega-138KPro-example\dvi\hdmi\src\top.v":64)
Compiling module 'top'("G:\TangMega138K\TangMega-138KPro-example\dvi\hdmi\src\top.v":1)
Compiling module 'Gowin_PLL'("G:\TangMega138K\TangMega-138KPro-example\dvi\hdmi\src\gowin_pll\gowin_pll.v":10)
Compiling module 'Reset_Sync'("G:\TangMega138K\TangMega-138KPro-example\dvi\hdmi\src\top.v":68)
Compiling module 'dvi_tx_top'("G:\TangMega138K\TangMega-138KPro-example\dvi\hdmi\src\dvi-tx\dvi_tx_top.v":1)
Compiling module 'dvi_tx_tmds_enc'("G:\TangMega138K\TangMega-138KPro-example\dvi\hdmi\src\dvi-tx\dvi_tx_tmds_enc.v":1)
WARN  (EX3791) : Expression size 32 truncated to fit in target size 9("G:\TangMega138K\TangMega-138KPro-example\dvi\hdmi\src\dvi-tx\dvi_tx_tmds_enc.v":139)
WARN  (EX3791) : Expression size 32 truncated to fit in target size 9("G:\TangMega138K\TangMega-138KPro-example\dvi\hdmi\src\dvi-tx\dvi_tx_tmds_enc.v":141)
WARN  (EX3791) : Expression size 32 truncated to fit in target size 9("G:\TangMega138K\TangMega-138KPro-example\dvi\hdmi\src\dvi-tx\dvi_tx_tmds_enc.v":150)
WARN  (EX3791) : Expression size 32 truncated to fit in target size 9("G:\TangMega138K\TangMega-138KPro-example\dvi\hdmi\src\dvi-tx\dvi_tx_tmds_enc.v":152)
WARN  (EX3791) : Expression size 32 truncated to fit in target size 9("G:\TangMega138K\TangMega-138KPro-example\dvi\hdmi\src\dvi-tx\dvi_tx_tmds_enc.v":158)
WARN  (EX3791) : Expression size 32 truncated to fit in target size 9("G:\TangMega138K\TangMega-138KPro-example\dvi\hdmi\src\dvi-tx\dvi_tx_tmds_enc.v":160)
Compiling module 'dvi_tx_tmds_phy'("G:\TangMega138K\TangMega-138KPro-example\dvi\hdmi\src\dvi-tx\dvi_tx_tmds_phy.v":1)
Compiling module 'dvi_tx_clk_drv'("G:\TangMega138K\TangMega-138KPro-example\dvi\hdmi\src\dvi-tx\dvi_tx_clk_drv.v":1)
Compiling module 'test_pattern_gen'("G:\TangMega138K\TangMega-138KPro-example\dvi\hdmi\src\video-misc\test_pattern_gen.v":3)
Extracting RAM for identifier 'pattern_colours_t'("G:\TangMega138K\TangMega-138KPro-example\dvi\hdmi\src\video-misc\test_pattern_gen.v":32)
Compiling module 'video_timing_ctrl'("G:\TangMega138K\TangMega-138KPro-example\dvi\hdmi\src\video-misc\video_timing_ctrl.v":3)
WARN  (EX3791) : Expression size 32 truncated to fit in target size 14("G:\TangMega138K\TangMega-138KPro-example\dvi\hdmi\src\video-misc\video_timing_ctrl.v":98)
WARN  (EX3791) : Expression size 32 truncated to fit in target size 14("G:\TangMega138K\TangMega-138KPro-example\dvi\hdmi\src\video-misc\video_timing_ctrl.v":99)
NOTE  (EX0101) : Current top module is "top"
[5%] Running netlist conversion ...
Running device independent optimization ...
[10%] Optimizing Phase 0 completed
[15%] Optimizing Phase 1 completed
[25%] Optimizing Phase 2 completed
Running inference ...
[30%] Inferring Phase 0 completed
[40%] Inferring Phase 1 completed
[50%] Inferring Phase 2 completed
[55%] Inferring Phase 3 completed
Running technical mapping ...
[60%] Tech-Mapping Phase 0 completed
[65%] Tech-Mapping Phase 1 completed
[75%] Tech-Mapping Phase 2 completed
[80%] Tech-Mapping Phase 3 completed
[90%] Tech-Mapping Phase 4 completed
[95%] Generate netlist file "G:\TangMega138K\TangMega-138KPro-example\dvi\hdmi\impl\gwsynthesis\hdmi.vg" completed
[100%] Generate report file "G:\TangMega138K\TangMega-138KPro-example\dvi\hdmi\impl\gwsynthesis\hdmi_syn.rpt.html" completed
GowinSynthesis finish
