Reading netlist file: "C:\Users\Think\Documents\FPGA_Project\Gowin\138K-FC676\SFP_Fan\customized_phy\10.3125G\sfp+\impl\gwsynthesis\SFPP_10GBase.vg"
Parsing netlist file "C:\Users\Think\Documents\FPGA_Project\Gowin\138K-FC676\SFP_Fan\customized_phy\10.3125G\sfp+\impl\gwsynthesis\SFPP_10GBase.vg" completed
WARN  (PA1001) : Dangling net 'q1_ln0_txm_o'(source:'gtr12_quad_inst1') in module 'SerDes_Top' has no destination
WARN  (PA1001) : Dangling net 'q1_ln0_txp_o'(source:'gtr12_quad_inst1') in module 'SerDes_Top' has no destination
WARN  (PA1001) : Dangling net 'q1_ln1_txm_o'(source:'gtr12_quad_inst1') in module 'SerDes_Top' has no destination
WARN  (PA1001) : Dangling net 'q1_ln1_txp_o'(source:'gtr12_quad_inst1') in module 'SerDes_Top' has no destination
WARN  (PA1001) : Dangling net 'q1_ln2_txm_o'(source:'gtr12_quad_inst1') in module 'SerDes_Top' has no destination
WARN  (PA1001) : Dangling net 'q1_ln2_txp_o'(source:'gtr12_quad_inst1') in module 'SerDes_Top' has no destination
WARN  (PA1001) : Dangling net 'q1_ln3_txm_o'(source:'gtr12_quad_inst1') in module 'SerDes_Top' has no destination
WARN  (PA1001) : Dangling net 'q1_ln3_txp_o'(source:'gtr12_quad_inst1') in module 'SerDes_Top' has no destination
WARN  (PA1001) : Dangling net 'q1_fabric_ln0_rxdet_result'(source:'gtr12_quad_inst1') in module 'SerDes_Top' has no destination
WARN  (PA1001) : Dangling net 'q1_fabric_ln1_rxdet_result'(source:'gtr12_quad_inst1') in module 'SerDes_Top' has no destination
WARN  (PA1001) : Dangling net 'q1_fabric_ln2_rxdet_result'(source:'gtr12_quad_inst1') in module 'SerDes_Top' has no destination
WARN  (PA1001) : Dangling net 'q1_fabric_ln3_rxdet_result'(source:'gtr12_quad_inst1') in module 'SerDes_Top' has no destination
WARN  (PA1001) : Dangling net 'q1_fabric_pma_cm0_dr_refclk_det_o'(source:'gtr12_quad_inst1') in module 'SerDes_Top' has no destination
WARN  (PA1001) : Dangling net 'q1_fabric_pma_cm1_dr_refclk_det_o'(source:'gtr12_quad_inst1') in module 'SerDes_Top' has no destination
WARN  (PA1001) : Dangling net 'q1_fabric_cm1_life_clk_o'(source:'gtr12_quad_inst1') in module 'SerDes_Top' has no destination
WARN  (PA1001) : Dangling net 'q1_fabric_cm_life_clk_o'(source:'gtr12_quad_inst1') in module 'SerDes_Top' has no destination
WARN  (PA1001) : Dangling net 'q1_fabric_cmu1_ck_ref_o'(source:'gtr12_quad_inst1') in module 'SerDes_Top' has no destination
WARN  (PA1001) : Dangling net 'q1_fabric_cmu1_ok_o'(source:'gtr12_quad_inst1') in module 'SerDes_Top' has no destination
WARN  (PA1001) : Dangling net 'q1_fabric_cmu1_refclk_gate_ack_o'(source:'gtr12_quad_inst1') in module 'SerDes_Top' has no destination
WARN  (PA1001) : Dangling net 'q1_fabric_cmu_ck_ref_o'(source:'gtr12_quad_inst1') in module 'SerDes_Top' has no destination
WARN  (PA1001) : Dangling net 'q1_fabric_cmu_refclk_gate_ack_o'(source:'gtr12_quad_inst1') in module 'SerDes_Top' has no destination
WARN  (PA1001) : Dangling net 'q1_fabric_lane0_cmu_ck_ref_o'(source:'gtr12_quad_inst1') in module 'SerDes_Top' has no destination
WARN  (PA1001) : Dangling net 'q1_fabric_lane1_cmu_ck_ref_o'(source:'gtr12_quad_inst1') in module 'SerDes_Top' has no destination
WARN  (PA1001) : Dangling net 'q1_fabric_lane2_cmu_ck_ref_o'(source:'gtr12_quad_inst1') in module 'SerDes_Top' has no destination
WARN  (PA1001) : Dangling net 'q1_fabric_lane3_cmu_ck_ref_o'(source:'gtr12_quad_inst1') in module 'SerDes_Top' has no destination
WARN  (PA1001) : Dangling net 'q1_fabric_ln0_astat_o[0]'(source:'gtr12_quad_inst1') in module 'SerDes_Top' has no destination
WARN  (PA1001) : Dangling net 'q1_fabric_ln0_astat_o[1]'(source:'gtr12_quad_inst1') in module 'SerDes_Top' has no destination
WARN  (PA1001) : Dangling net 'q1_fabric_ln0_astat_o[2]'(source:'gtr12_quad_inst1') in module 'SerDes_Top' has no destination
WARN  (PA1001) : Dangling net 'q1_fabric_ln0_astat_o[3]'(source:'gtr12_quad_inst1') in module 'SerDes_Top' has no destination
WARN  (PA1001) : Dangling net 'q1_fabric_ln0_astat_o[4]'(source:'gtr12_quad_inst1') in module 'SerDes_Top' has no destination
WARN  (PA1001) : Dangling net 'q1_fabric_ln0_burn_in_toggle_o'(source:'gtr12_quad_inst1') in module 'SerDes_Top' has no destination
WARN  (PA1001) : Dangling net 'q1_fabric_ln0_rxdata_o[9]'(source:'gtr12_quad_inst1') in module 'SerDes_Top' has no destination
WARN  (PA1001) : Dangling net 'q1_fabric_ln0_rxdata_o[18]'(source:'gtr12_quad_inst1') in module 'SerDes_Top' has no destination
WARN  (PA1001) : Dangling net 'q1_fabric_ln0_rxdata_o[19]'(source:'gtr12_quad_inst1') in module 'SerDes_Top' has no destination
WARN  (PA1001) : Dangling net 'q1_fabric_ln0_rxdata_o[20]'(source:'gtr12_quad_inst1') in module 'SerDes_Top' has no destination
WARN  (PA1001) : Dangling net 'q1_fabric_ln0_rxdata_o[21]'(source:'gtr12_quad_inst1') in module 'SerDes_Top' has no destination
WARN  (PA1001) : Dangling net 'q1_fabric_ln0_rxdata_o[22]'(source:'gtr12_quad_inst1') in module 'SerDes_Top' has no destination
WARN  (PA1001) : Dangling net 'q1_fabric_ln0_rxdata_o[23]'(source:'gtr12_quad_inst1') in module 'SerDes_Top' has no destination
WARN  (PA1001) : Dangling net 'q1_fabric_ln0_rxdata_o[24]'(source:'gtr12_quad_inst1') in module 'SerDes_Top' has no destination
WARN  (PA1001) : Dangling net 'q1_fabric_ln0_rxdata_o[25]'(source:'gtr12_quad_inst1') in module 'SerDes_Top' has no destination
WARN  (PA1001) : Dangling net 'q1_fabric_ln0_rxdata_o[26]'(source:'gtr12_quad_inst1') in module 'SerDes_Top' has no destination
WARN  (PA1001) : Dangling net 'q1_fabric_ln0_rxdata_o[27]'(source:'gtr12_quad_inst1') in module 'SerDes_Top' has no destination
WARN  (PA1001) : Dangling net 'q1_fabric_ln0_rxdata_o[28]'(source:'gtr12_quad_inst1') in module 'SerDes_Top' has no destination
WARN  (PA1001) : Dangling net 'q1_fabric_ln0_rxdata_o[29]'(source:'gtr12_quad_inst1') in module 'SerDes_Top' has no destination
WARN  (PA1001) : Dangling net 'q1_fabric_ln0_rxdata_o[30]'(source:'gtr12_quad_inst1') in module 'SerDes_Top' has no destination
WARN  (PA1001) : Dangling net 'q1_fabric_ln0_rxdata_o[31]'(source:'gtr12_quad_inst1') in module 'SerDes_Top' has no destination
WARN  (PA1001) : Dangling net 'q1_fabric_ln0_rxdata_o[32]'(source:'gtr12_quad_inst1') in module 'SerDes_Top' has no destination
WARN  (PA1001) : Dangling net 'q1_fabric_ln0_rxdata_o[33]'(source:'gtr12_quad_inst1') in module 'SerDes_Top' has no destination
WARN  (PA1001) : Dangling net 'q1_fabric_ln0_rxdata_o[34]'(source:'gtr12_quad_inst1') in module 'SerDes_Top' has no destination
WARN  (PA1001) : Dangling net 'q1_fabric_ln0_rxdata_o[35]'(source:'gtr12_quad_inst1') in module 'SerDes_Top' has no destination
WARN  (PA1001) : Dangling net 'q1_fabric_ln0_rxdata_o[36]'(source:'gtr12_quad_inst1') in module 'SerDes_Top' has no destination
WARN  (PA1001) : Dangling net 'q1_fabric_ln0_rxdata_o[37]'(source:'gtr12_quad_inst1') in module 'SerDes_Top' has no destination
WARN  (PA1001) : Dangling net 'q1_fabric_ln0_rxdata_o[38]'(source:'gtr12_quad_inst1') in module 'SerDes_Top' has no destination
WARN  (PA1001) : Dangling net 'q1_fabric_ln0_rxdata_o[39]'(source:'gtr12_quad_inst1') in module 'SerDes_Top' has no destination
WARN  (PA1001) : Dangling net 'q1_fabric_ln0_rxdata_o[40]'(source:'gtr12_quad_inst1') in module 'SerDes_Top' has no destination
WARN  (PA1001) : Dangling net 'q1_fabric_ln0_rxdata_o[41]'(source:'gtr12_quad_inst1') in module 'SerDes_Top' has no destination
WARN  (PA1001) : Dangling net 'q1_fabric_ln0_rxdata_o[42]'(source:'gtr12_quad_inst1') in module 'SerDes_Top' has no destination
WARN  (PA1001) : Dangling net 'q1_fabric_ln0_rxdata_o[43]'(source:'gtr12_quad_inst1') in module 'SerDes_Top' has no destination
WARN  (PA1001) : Dangling net 'q1_fabric_ln0_rxdata_o[44]'(source:'gtr12_quad_inst1') in module 'SerDes_Top' has no destination
WARN  (PA1001) : Dangling net 'q1_fabric_ln0_rxdata_o[45]'(source:'gtr12_quad_inst1') in module 'SerDes_Top' has no destination
WARN  (PA1001) : Dangling net 'q1_fabric_ln0_rxdata_o[46]'(source:'gtr12_quad_inst1') in module 'SerDes_Top' has no destination
WARN  (PA1001) : Dangling net 'q1_fabric_ln0_rxdata_o[47]'(source:'gtr12_quad_inst1') in module 'SerDes_Top' has no destination
WARN  (PA1001) : Dangling net 'q1_fabric_ln0_rxdata_o[48]'(source:'gtr12_quad_inst1') in module 'SerDes_Top' has no destination
WARN  (PA1001) : Dangling net 'q1_fabric_ln0_rxdata_o[49]'(source:'gtr12_quad_inst1') in module 'SerDes_Top' has no destination
WARN  (PA1001) : Dangling net 'q1_fabric_ln0_rxdata_o[50]'(source:'gtr12_quad_inst1') in module 'SerDes_Top' has no destination
WARN  (PA1001) : Dangling net 'q1_fabric_ln0_rxdata_o[51]'(source:'gtr12_quad_inst1') in module 'SerDes_Top' has no destination
WARN  (PA1001) : Dangling net 'q1_fabric_ln0_rxdata_o[52]'(source:'gtr12_quad_inst1') in module 'SerDes_Top' has no destination
WARN  (PA1001) : Dangling net 'q1_fabric_ln0_rxdata_o[53]'(source:'gtr12_quad_inst1') in module 'SerDes_Top' has no destination
WARN  (PA1001) : Dangling net 'q1_fabric_ln0_rxdata_o[54]'(source:'gtr12_quad_inst1') in module 'SerDes_Top' has no destination
WARN  (PA1001) : Dangling net 'q1_fabric_ln0_rxdata_o[55]'(source:'gtr12_quad_inst1') in module 'SerDes_Top' has no destination
WARN  (PA1001) : Dangling net 'q1_fabric_ln0_rxdata_o[56]'(source:'gtr12_quad_inst1') in module 'SerDes_Top' has no destination
WARN  (PA1001) : Dangling net 'q1_fabric_ln0_rxdata_o[57]'(source:'gtr12_quad_inst1') in module 'SerDes_Top' has no destination
WARN  (PA1001) : Dangling net 'q1_fabric_ln0_rxdata_o[58]'(source:'gtr12_quad_inst1') in module 'SerDes_Top' has no destination
WARN  (PA1001) : Dangling net 'q1_fabric_ln0_rxdata_o[59]'(source:'gtr12_quad_inst1') in module 'SerDes_Top' has no destination
WARN  (PA1001) : Dangling net 'q1_fabric_ln0_rxdata_o[60]'(source:'gtr12_quad_inst1') in module 'SerDes_Top' has no destination
WARN  (PA1001) : Dangling net 'q1_fabric_ln0_rxdata_o[61]'(source:'gtr12_quad_inst1') in module 'SerDes_Top' has no destination
WARN  (PA1001) : Dangling net 'q1_fabric_ln0_rxdata_o[62]'(source:'gtr12_quad_inst1') in module 'SerDes_Top' has no destination
WARN  (PA1001) : Dangling net 'q1_fabric_ln0_rxdata_o[63]'(source:'gtr12_quad_inst1') in module 'SerDes_Top' has no destination
WARN  (PA1001) : Dangling net 'q1_fabric_ln0_rxdata_o[64]'(source:'gtr12_quad_inst1') in module 'SerDes_Top' has no destination
WARN  (PA1001) : Dangling net 'q1_fabric_ln0_rxdata_o[65]'(source:'gtr12_quad_inst1') in module 'SerDes_Top' has no destination
WARN  (PA1001) : Dangling net 'q1_fabric_ln0_rxdata_o[66]'(source:'gtr12_quad_inst1') in module 'SerDes_Top' has no destination
WARN  (PA1001) : Dangling net 'q1_fabric_ln0_rxdata_o[67]'(source:'gtr12_quad_inst1') in module 'SerDes_Top' has no destination
WARN  (PA1001) : Dangling net 'q1_fabric_ln0_rxdata_o[68]'(source:'gtr12_quad_inst1') in module 'SerDes_Top' has no destination
WARN  (PA1001) : Dangling net 'q1_fabric_ln0_rxdata_o[69]'(source:'gtr12_quad_inst1') in module 'SerDes_Top' has no destination
WARN  (PA1001) : Dangling net 'q1_fabric_ln0_rxdata_o[70]'(source:'gtr12_quad_inst1') in module 'SerDes_Top' has no destination
WARN  (PA1001) : Dangling net 'q1_fabric_ln0_rxdata_o[71]'(source:'gtr12_quad_inst1') in module 'SerDes_Top' has no destination
WARN  (PA1001) : Dangling net 'q1_fabric_ln0_rxdata_o[72]'(source:'gtr12_quad_inst1') in module 'SerDes_Top' has no destination
WARN  (PA1001) : Dangling net 'q1_fabric_ln0_rxdata_o[73]'(source:'gtr12_quad_inst1') in module 'SerDes_Top' has no destination
WARN  (PA1001) : Dangling net 'q1_fabric_ln0_rxdata_o[74]'(source:'gtr12_quad_inst1') in module 'SerDes_Top' has no destination
WARN  (PA1001) : Dangling net 'q1_fabric_ln0_rxdata_o[75]'(source:'gtr12_quad_inst1') in module 'SerDes_Top' has no destination
WARN  (PA1001) : Dangling net 'q1_fabric_ln0_rxdata_o[76]'(source:'gtr12_quad_inst1') in module 'SerDes_Top' has no destination
WARN  (PA1001) : Dangling net 'q1_fabric_ln0_rxdata_o[77]'(source:'gtr12_quad_inst1') in module 'SerDes_Top' has no destination
WARN  (PA1001) : Dangling net 'q1_fabric_ln0_rxdata_o[78]'(source:'gtr12_quad_inst1') in module 'SerDes_Top' has no destination
WARN  (PA1001) : Dangling net 'q1_fabric_ln0_rxdata_o[79]'(source:'gtr12_quad_inst1') in module 'SerDes_Top' has no destination
WARN  (PA1001) : Dangling net 'q1_fabric_ln0_rxdata_o[80]'(source:'gtr12_quad_inst1') in module 'SerDes_Top' has no destination
WARN  (PA1001) : Dangling net 'q1_fabric_ln0_rxdata_o[81]'(source:'gtr12_quad_inst1') in module 'SerDes_Top' has no destination
WARN  (PA1001) : Dangling net 'q1_fabric_ln0_rxdata_o[82]'(source:'gtr12_quad_inst1') in module 'SerDes_Top' has no destination
WARN  (PA1001) : Dangling net 'q1_fabric_ln0_rxdata_o[83]'(source:'gtr12_quad_inst1') in module 'SerDes_Top' has no destination
WARN  (PA1001) : Dangling net 'q1_fabric_ln0_rxdata_o[84]'(source:'gtr12_quad_inst1') in module 'SerDes_Top' has no destination
WARN  (PA1001) : Dangling net 'q1_fabric_ln0_rxdata_o[85]'(source:'gtr12_quad_inst1') in module 'SerDes_Top' has no destination
WARN  (PA1001) : Dangling net 'q1_fabric_ln0_rxdata_o[86]'(source:'gtr12_quad_inst1') in module 'SerDes_Top' has no destination
WARN  (PA1001) : Dangling net 'q1_fabric_ln0_rxdata_o[87]'(source:'gtr12_quad_inst1') in module 'SerDes_Top' has no destination
WARN  (PA1001) : Dangling net 'q1_fabric_ln0_stat_o[0]'(source:'gtr12_quad_inst1') in module 'SerDes_Top' has no destination
WARN  (PA1001) : Dangling net 'q1_fabric_ln0_stat_o[1]'(source:'gtr12_quad_inst1') in module 'SerDes_Top' has no destination
WARN  (PA1001) : Dangling net 'q1_fabric_ln0_stat_o[2]'(source:'gtr12_quad_inst1') in module 'SerDes_Top' has no destination
WARN  (PA1001) : Dangling net 'q1_fabric_ln0_stat_o[3]'(source:'gtr12_quad_inst1') in module 'SerDes_Top' has no destination
WARN  (PA1001) : Dangling net 'q1_fabric_ln0_stat_o[4]'(source:'gtr12_quad_inst1') in module 'SerDes_Top' has no destination
WARN  (PA1001) : Dangling net 'q1_fabric_ln0_stat_o[5]'(source:'gtr12_quad_inst1') in module 'SerDes_Top' has no destination
WARN  (PA1001) : Dangling net 'q1_fabric_ln0_stat_o[6]'(source:'gtr12_quad_inst1') in module 'SerDes_Top' has no destination
WARN  (PA1001) : Dangling net 'q1_fabric_ln0_stat_o[7]'(source:'gtr12_quad_inst1') in module 'SerDes_Top' has no destination
WARN  (PA1001) : Dangling net 'q1_fabric_ln0_stat_o[8]'(source:'gtr12_quad_inst1') in module 'SerDes_Top' has no destination
WARN  (PA1001) : Dangling net 'q1_fabric_ln0_stat_o[9]'(source:'gtr12_quad_inst1') in module 'SerDes_Top' has no destination
WARN  (PA1001) : Dangling net 'q1_fabric_ln0_stat_o[10]'(source:'gtr12_quad_inst1') in module 'SerDes_Top' has no destination
WARN  (PA1001) : Dangling net 'q1_fabric_ln0_stat_o[11]'(source:'gtr12_quad_inst1') in module 'SerDes_Top' has no destination
WARN  (PA1001) : Dangling net 'q1_fabric_ln0_stat_o[12]'(source:'gtr12_quad_inst1') in module 'SerDes_Top' has no destination
WARN  (PA1001) : Dangling net 'q1_fabric_ln1_astat_o[0]'(source:'gtr12_quad_inst1') in module 'SerDes_Top' has no destination
WARN  (PA1001) : Dangling net 'q1_fabric_ln1_astat_o[1]'(source:'gtr12_quad_inst1') in module 'SerDes_Top' has no destination
WARN  (PA1001) : Dangling net 'q1_fabric_ln1_astat_o[2]'(source:'gtr12_quad_inst1') in module 'SerDes_Top' has no destination
WARN  (PA1001) : Dangling net 'q1_fabric_ln1_astat_o[3]'(source:'gtr12_quad_inst1') in module 'SerDes_Top' has no destination
WARN  (PA1001) : Dangling net 'q1_fabric_ln1_astat_o[4]'(source:'gtr12_quad_inst1') in module 'SerDes_Top' has no destination
WARN  (PA1001) : Dangling net 'q1_fabric_ln1_burn_in_toggle_o'(source:'gtr12_quad_inst1') in module 'SerDes_Top' has no destination
WARN  (PA1001) : Dangling net 'q1_fabric_ln1_rxdata_o[9]'(source:'gtr12_quad_inst1') in module 'SerDes_Top' has no destination
WARN  (PA1001) : Dangling net 'q1_fabric_ln1_rxdata_o[18]'(source:'gtr12_quad_inst1') in module 'SerDes_Top' has no destination
WARN  (PA1001) : Dangling net 'q1_fabric_ln1_rxdata_o[19]'(source:'gtr12_quad_inst1') in module 'SerDes_Top' has no destination
WARN  (PA1001) : Dangling net 'q1_fabric_ln1_rxdata_o[20]'(source:'gtr12_quad_inst1') in module 'SerDes_Top' has no destination
WARN  (PA1001) : Dangling net 'q1_fabric_ln1_rxdata_o[21]'(source:'gtr12_quad_inst1') in module 'SerDes_Top' has no destination
WARN  (PA1001) : Dangling net 'q1_fabric_ln1_rxdata_o[22]'(source:'gtr12_quad_inst1') in module 'SerDes_Top' has no destination
WARN  (PA1001) : Dangling net 'q1_fabric_ln1_rxdata_o[23]'(source:'gtr12_quad_inst1') in module 'SerDes_Top' has no destination
WARN  (PA1001) : Dangling net 'q1_fabric_ln1_rxdata_o[24]'(source:'gtr12_quad_inst1') in module 'SerDes_Top' has no destination
WARN  (PA1001) : Dangling net 'q1_fabric_ln1_rxdata_o[25]'(source:'gtr12_quad_inst1') in module 'SerDes_Top' has no destination
WARN  (PA1001) : Dangling net 'q1_fabric_ln1_rxdata_o[26]'(source:'gtr12_quad_inst1') in module 'SerDes_Top' has no destination
WARN  (PA1001) : Dangling net 'q1_fabric_ln1_rxdata_o[27]'(source:'gtr12_quad_inst1') in module 'SerDes_Top' has no destination
WARN  (PA1001) : Dangling net 'q1_fabric_ln1_rxdata_o[28]'(source:'gtr12_quad_inst1') in module 'SerDes_Top' has no destination
WARN  (PA1001) : Dangling net 'q1_fabric_ln1_rxdata_o[29]'(source:'gtr12_quad_inst1') in module 'SerDes_Top' has no destination
WARN  (PA1001) : Dangling net 'q1_fabric_ln1_rxdata_o[30]'(source:'gtr12_quad_inst1') in module 'SerDes_Top' has no destination
WARN  (PA1001) : Dangling net 'q1_fabric_ln1_rxdata_o[31]'(source:'gtr12_quad_inst1') in module 'SerDes_Top' has no destination
WARN  (PA1001) : Dangling net 'q1_fabric_ln1_rxdata_o[32]'(source:'gtr12_quad_inst1') in module 'SerDes_Top' has no destination
WARN  (PA1001) : Dangling net 'q1_fabric_ln1_rxdata_o[33]'(source:'gtr12_quad_inst1') in module 'SerDes_Top' has no destination
WARN  (PA1001) : Dangling net 'q1_fabric_ln1_rxdata_o[34]'(source:'gtr12_quad_inst1') in module 'SerDes_Top' has no destination
WARN  (PA1001) : Dangling net 'q1_fabric_ln1_rxdata_o[35]'(source:'gtr12_quad_inst1') in module 'SerDes_Top' has no destination
WARN  (PA1001) : Dangling net 'q1_fabric_ln1_rxdata_o[36]'(source:'gtr12_quad_inst1') in module 'SerDes_Top' has no destination
WARN  (PA1001) : Dangling net 'q1_fabric_ln1_rxdata_o[37]'(source:'gtr12_quad_inst1') in module 'SerDes_Top' has no destination
WARN  (PA1001) : Dangling net 'q1_fabric_ln1_rxdata_o[38]'(source:'gtr12_quad_inst1') in module 'SerDes_Top' has no destination
WARN  (PA1001) : Dangling net 'q1_fabric_ln1_rxdata_o[39]'(source:'gtr12_quad_inst1') in module 'SerDes_Top' has no destination
WARN  (PA1001) : Dangling net 'q1_fabric_ln1_rxdata_o[40]'(source:'gtr12_quad_inst1') in module 'SerDes_Top' has no destination
WARN  (PA1001) : Dangling net 'q1_fabric_ln1_rxdata_o[41]'(source:'gtr12_quad_inst1') in module 'SerDes_Top' has no destination
WARN  (PA1001) : Dangling net 'q1_fabric_ln1_rxdata_o[42]'(source:'gtr12_quad_inst1') in module 'SerDes_Top' has no destination
WARN  (PA1001) : Dangling net 'q1_fabric_ln1_rxdata_o[43]'(source:'gtr12_quad_inst1') in module 'SerDes_Top' has no destination
WARN  (PA1001) : Dangling net 'q1_fabric_ln1_rxdata_o[44]'(source:'gtr12_quad_inst1') in module 'SerDes_Top' has no destination
WARN  (PA1001) : Dangling net 'q1_fabric_ln1_rxdata_o[45]'(source:'gtr12_quad_inst1') in module 'SerDes_Top' has no destination
WARN  (PA1001) : Dangling net 'q1_fabric_ln1_rxdata_o[46]'(source:'gtr12_quad_inst1') in module 'SerDes_Top' has no destination
WARN  (PA1001) : Dangling net 'q1_fabric_ln1_rxdata_o[47]'(source:'gtr12_quad_inst1') in module 'SerDes_Top' has no destination
WARN  (PA1001) : Dangling net 'q1_fabric_ln1_rxdata_o[48]'(source:'gtr12_quad_inst1') in module 'SerDes_Top' has no destination
WARN  (PA1001) : Dangling net 'q1_fabric_ln1_rxdata_o[49]'(source:'gtr12_quad_inst1') in module 'SerDes_Top' has no destination
WARN  (PA1001) : Dangling net 'q1_fabric_ln1_rxdata_o[50]'(source:'gtr12_quad_inst1') in module 'SerDes_Top' has no destination
WARN  (PA1001) : Dangling net 'q1_fabric_ln1_rxdata_o[51]'(source:'gtr12_quad_inst1') in module 'SerDes_Top' has no destination
WARN  (PA1001) : Dangling net 'q1_fabric_ln1_rxdata_o[52]'(source:'gtr12_quad_inst1') in module 'SerDes_Top' has no destination
WARN  (PA1001) : Dangling net 'q1_fabric_ln1_rxdata_o[53]'(source:'gtr12_quad_inst1') in module 'SerDes_Top' has no destination
WARN  (PA1001) : Dangling net 'q1_fabric_ln1_rxdata_o[54]'(source:'gtr12_quad_inst1') in module 'SerDes_Top' has no destination
WARN  (PA1001) : Dangling net 'q1_fabric_ln1_rxdata_o[55]'(source:'gtr12_quad_inst1') in module 'SerDes_Top' has no destination
WARN  (PA1001) : Dangling net 'q1_fabric_ln1_rxdata_o[56]'(source:'gtr12_quad_inst1') in module 'SerDes_Top' has no destination
WARN  (PA1001) : Dangling net 'q1_fabric_ln1_rxdata_o[57]'(source:'gtr12_quad_inst1') in module 'SerDes_Top' has no destination
WARN  (PA1001) : Dangling net 'q1_fabric_ln1_rxdata_o[58]'(source:'gtr12_quad_inst1') in module 'SerDes_Top' has no destination
WARN  (PA1001) : Dangling net 'q1_fabric_ln1_rxdata_o[59]'(source:'gtr12_quad_inst1') in module 'SerDes_Top' has no destination
WARN  (PA1001) : Dangling net 'q1_fabric_ln1_rxdata_o[60]'(source:'gtr12_quad_inst1') in module 'SerDes_Top' has no destination
WARN  (PA1001) : Dangling net 'q1_fabric_ln1_rxdata_o[61]'(source:'gtr12_quad_inst1') in module 'SerDes_Top' has no destination
WARN  (PA1001) : Dangling net 'q1_fabric_ln1_rxdata_o[62]'(source:'gtr12_quad_inst1') in module 'SerDes_Top' has no destination
WARN  (PA1001) : Dangling net 'q1_fabric_ln1_rxdata_o[63]'(source:'gtr12_quad_inst1') in module 'SerDes_Top' has no destination
WARN  (PA1001) : Dangling net 'q1_fabric_ln1_rxdata_o[64]'(source:'gtr12_quad_inst1') in module 'SerDes_Top' has no destination
WARN  (PA1001) : Dangling net 'q1_fabric_ln1_rxdata_o[65]'(source:'gtr12_quad_inst1') in module 'SerDes_Top' has no destination
WARN  (PA1001) : Dangling net 'q1_fabric_ln1_rxdata_o[66]'(source:'gtr12_quad_inst1') in module 'SerDes_Top' has no destination
WARN  (PA1001) : Dangling net 'q1_fabric_ln1_rxdata_o[67]'(source:'gtr12_quad_inst1') in module 'SerDes_Top' has no destination
WARN  (PA1001) : Dangling net 'q1_fabric_ln1_rxdata_o[68]'(source:'gtr12_quad_inst1') in module 'SerDes_Top' has no destination
WARN  (PA1001) : Dangling net 'q1_fabric_ln1_rxdata_o[69]'(source:'gtr12_quad_inst1') in module 'SerDes_Top' has no destination
WARN  (PA1001) : Dangling net 'q1_fabric_ln1_rxdata_o[70]'(source:'gtr12_quad_inst1') in module 'SerDes_Top' has no destination
WARN  (PA1001) : Dangling net 'q1_fabric_ln1_rxdata_o[71]'(source:'gtr12_quad_inst1') in module 'SerDes_Top' has no destination
WARN  (PA1001) : Dangling net 'q1_fabric_ln1_rxdata_o[72]'(source:'gtr12_quad_inst1') in module 'SerDes_Top' has no destination
WARN  (PA1001) : Dangling net 'q1_fabric_ln1_rxdata_o[73]'(source:'gtr12_quad_inst1') in module 'SerDes_Top' has no destination
WARN  (PA1001) : Dangling net 'q1_fabric_ln1_rxdata_o[74]'(source:'gtr12_quad_inst1') in module 'SerDes_Top' has no destination
WARN  (PA1001) : Dangling net 'q1_fabric_ln1_rxdata_o[75]'(source:'gtr12_quad_inst1') in module 'SerDes_Top' has no destination
WARN  (PA1001) : Dangling net 'q1_fabric_ln1_rxdata_o[76]'(source:'gtr12_quad_inst1') in module 'SerDes_Top' has no destination
WARN  (PA1001) : Dangling net 'q1_fabric_ln1_rxdata_o[77]'(source:'gtr12_quad_inst1') in module 'SerDes_Top' has no destination
WARN  (PA1001) : Dangling net 'q1_fabric_ln1_rxdata_o[78]'(source:'gtr12_quad_inst1') in module 'SerDes_Top' has no destination
WARN  (PA1001) : Dangling net 'q1_fabric_ln1_rxdata_o[79]'(source:'gtr12_quad_inst1') in module 'SerDes_Top' has no destination
WARN  (PA1001) : Dangling net 'q1_fabric_ln1_rxdata_o[80]'(source:'gtr12_quad_inst1') in module 'SerDes_Top' has no destination
WARN  (PA1001) : Dangling net 'q1_fabric_ln1_rxdata_o[81]'(source:'gtr12_quad_inst1') in module 'SerDes_Top' has no destination
WARN  (PA1001) : Dangling net 'q1_fabric_ln1_rxdata_o[82]'(source:'gtr12_quad_inst1') in module 'SerDes_Top' has no destination
WARN  (PA1001) : Dangling net 'q1_fabric_ln1_rxdata_o[83]'(source:'gtr12_quad_inst1') in module 'SerDes_Top' has no destination
WARN  (PA1001) : Dangling net 'q1_fabric_ln1_rxdata_o[84]'(source:'gtr12_quad_inst1') in module 'SerDes_Top' has no destination
WARN  (PA1001) : Dangling net 'q1_fabric_ln1_rxdata_o[85]'(source:'gtr12_quad_inst1') in module 'SerDes_Top' has no destination
WARN  (PA1001) : Dangling net 'q1_fabric_ln1_rxdata_o[86]'(source:'gtr12_quad_inst1') in module 'SerDes_Top' has no destination
WARN  (PA1001) : Dangling net 'q1_fabric_ln1_rxdata_o[87]'(source:'gtr12_quad_inst1') in module 'SerDes_Top' has no destination
WARN  (PA1001) : Dangling net 'q1_fabric_ln1_stat_o[0]'(source:'gtr12_quad_inst1') in module 'SerDes_Top' has no destination
WARN  (PA1001) : Dangling net 'q1_fabric_ln1_stat_o[1]'(source:'gtr12_quad_inst1') in module 'SerDes_Top' has no destination
WARN  (PA1001) : Dangling net 'q1_fabric_ln1_stat_o[2]'(source:'gtr12_quad_inst1') in module 'SerDes_Top' has no destination
WARN  (PA1001) : Dangling net 'q1_fabric_ln1_stat_o[3]'(source:'gtr12_quad_inst1') in module 'SerDes_Top' has no destination
WARN  (PA1001) : Dangling net 'q1_fabric_ln1_stat_o[4]'(source:'gtr12_quad_inst1') in module 'SerDes_Top' has no destination
WARN  (PA1001) : Dangling net 'q1_fabric_ln1_stat_o[5]'(source:'gtr12_quad_inst1') in module 'SerDes_Top' has no destination
WARN  (PA1001) : Dangling net 'q1_fabric_ln1_stat_o[6]'(source:'gtr12_quad_inst1') in module 'SerDes_Top' has no destination
WARN  (PA1001) : Dangling net 'q1_fabric_ln1_stat_o[7]'(source:'gtr12_quad_inst1') in module 'SerDes_Top' has no destination
WARN  (PA1001) : Dangling net 'q1_fabric_ln1_stat_o[8]'(source:'gtr12_quad_inst1') in module 'SerDes_Top' has no destination
WARN  (PA1001) : Dangling net 'q1_fabric_ln1_stat_o[9]'(source:'gtr12_quad_inst1') in module 'SerDes_Top' has no destination
WARN  (PA1001) : Dangling net 'q1_fabric_ln1_stat_o[10]'(source:'gtr12_quad_inst1') in module 'SerDes_Top' has no destination
WARN  (PA1001) : Dangling net 'q1_fabric_ln1_stat_o[11]'(source:'gtr12_quad_inst1') in module 'SerDes_Top' has no destination
WARN  (PA1001) : Dangling net 'q1_fabric_ln1_stat_o[12]'(source:'gtr12_quad_inst1') in module 'SerDes_Top' has no destination
WARN  (PA1001) : Dangling net 'q1_fabric_ln2_astat_o[0]'(source:'gtr12_quad_inst1') in module 'SerDes_Top' has no destination
WARN  (PA1001) : Dangling net 'q1_fabric_ln2_astat_o[1]'(source:'gtr12_quad_inst1') in module 'SerDes_Top' has no destination
WARN  (PA1001) : Dangling net 'q1_fabric_ln2_astat_o[2]'(source:'gtr12_quad_inst1') in module 'SerDes_Top' has no destination
WARN  (PA1001) : Dangling net 'q1_fabric_ln2_astat_o[3]'(source:'gtr12_quad_inst1') in module 'SerDes_Top' has no destination
WARN  (PA1001) : Dangling net 'q1_fabric_ln2_astat_o[4]'(source:'gtr12_quad_inst1') in module 'SerDes_Top' has no destination
WARN  (PA1001) : Dangling net 'q1_fabric_ln2_astat_o[5]'(source:'gtr12_quad_inst1') in module 'SerDes_Top' has no destination
WARN  (PA1001) : Dangling net 'q1_fabric_ln2_burn_in_toggle_o'(source:'gtr12_quad_inst1') in module 'SerDes_Top' has no destination
WARN  (PA1001) : Dangling net 'q1_fabric_ln2_pma_rx_lock_o'(source:'gtr12_quad_inst1') in module 'SerDes_Top' has no destination
WARN  (PA1001) : Dangling net 'q1_fabric_ln2_rxdata_o[0]'(source:'gtr12_quad_inst1') in module 'SerDes_Top' has no destination
WARN  (PA1001) : Dangling net 'q1_fabric_ln2_rxdata_o[1]'(source:'gtr12_quad_inst1') in module 'SerDes_Top' has no destination
WARN  (PA1001) : Dangling net 'q1_fabric_ln2_rxdata_o[2]'(source:'gtr12_quad_inst1') in module 'SerDes_Top' has no destination
WARN  (PA1001) : Dangling net 'q1_fabric_ln2_rxdata_o[3]'(source:'gtr12_quad_inst1') in module 'SerDes_Top' has no destination
WARN  (PA1001) : Dangling net 'q1_fabric_ln2_rxdata_o[4]'(source:'gtr12_quad_inst1') in module 'SerDes_Top' has no destination
WARN  (PA1001) : Dangling net 'q1_fabric_ln2_rxdata_o[5]'(source:'gtr12_quad_inst1') in module 'SerDes_Top' has no destination
WARN  (PA1001) : Dangling net 'q1_fabric_ln2_rxdata_o[6]'(source:'gtr12_quad_inst1') in module 'SerDes_Top' has no destination
WARN  (PA1001) : Dangling net 'q1_fabric_ln2_rxdata_o[7]'(source:'gtr12_quad_inst1') in module 'SerDes_Top' has no destination
WARN  (PA1001) : Dangling net 'q1_fabric_ln2_rxdata_o[8]'(source:'gtr12_quad_inst1') in module 'SerDes_Top' has no destination
WARN  (PA1001) : Dangling net 'q1_fabric_ln2_rxdata_o[9]'(source:'gtr12_quad_inst1') in module 'SerDes_Top' has no destination
WARN  (PA1001) : Dangling net 'q1_fabric_ln2_rxdata_o[10]'(source:'gtr12_quad_inst1') in module 'SerDes_Top' has no destination
WARN  (PA1001) : Dangling net 'q1_fabric_ln2_rxdata_o[11]'(source:'gtr12_quad_inst1') in module 'SerDes_Top' has no destination
WARN  (PA1001) : Dangling net 'q1_fabric_ln2_rxdata_o[12]'(source:'gtr12_quad_inst1') in module 'SerDes_Top' has no destination
WARN  (PA1001) : Dangling net 'q1_fabric_ln2_rxdata_o[13]'(source:'gtr12_quad_inst1') in module 'SerDes_Top' has no destination
WARN  (PA1001) : Dangling net 'q1_fabric_ln2_rxdata_o[14]'(source:'gtr12_quad_inst1') in module 'SerDes_Top' has no destination
WARN  (PA1001) : Dangling net 'q1_fabric_ln2_rxdata_o[15]'(source:'gtr12_quad_inst1') in module 'SerDes_Top' has no destination
WARN  (PA1001) : Dangling net 'q1_fabric_ln2_rxdata_o[16]'(source:'gtr12_quad_inst1') in module 'SerDes_Top' has no destination
WARN  (PA1001) : Dangling net 'q1_fabric_ln2_rxdata_o[17]'(source:'gtr12_quad_inst1') in module 'SerDes_Top' has no destination
WARN  (PA1001) : Dangling net 'q1_fabric_ln2_rxdata_o[18]'(source:'gtr12_quad_inst1') in module 'SerDes_Top' has no destination
WARN  (PA1001) : Dangling net 'q1_fabric_ln2_rxdata_o[19]'(source:'gtr12_quad_inst1') in module 'SerDes_Top' has no destination
WARN  (PA1001) : Dangling net 'q1_fabric_ln2_rxdata_o[20]'(source:'gtr12_quad_inst1') in module 'SerDes_Top' has no destination
WARN  (PA1001) : Dangling net 'q1_fabric_ln2_rxdata_o[21]'(source:'gtr12_quad_inst1') in module 'SerDes_Top' has no destination
WARN  (PA1001) : Dangling net 'q1_fabric_ln2_rxdata_o[22]'(source:'gtr12_quad_inst1') in module 'SerDes_Top' has no destination
WARN  (PA1001) : Dangling net 'q1_fabric_ln2_rxdata_o[23]'(source:'gtr12_quad_inst1') in module 'SerDes_Top' has no destination
WARN  (PA1001) : Dangling net 'q1_fabric_ln2_rxdata_o[24]'(source:'gtr12_quad_inst1') in module 'SerDes_Top' has no destination
WARN  (PA1001) : Dangling net 'q1_fabric_ln2_rxdata_o[25]'(source:'gtr12_quad_inst1') in module 'SerDes_Top' has no destination
WARN  (PA1001) : Dangling net 'q1_fabric_ln2_rxdata_o[26]'(source:'gtr12_quad_inst1') in module 'SerDes_Top' has no destination
WARN  (PA1001) : Dangling net 'q1_fabric_ln2_rxdata_o[27]'(source:'gtr12_quad_inst1') in module 'SerDes_Top' has no destination
WARN  (PA1001) : Dangling net 'q1_fabric_ln2_rxdata_o[28]'(source:'gtr12_quad_inst1') in module 'SerDes_Top' has no destination
WARN  (PA1001) : Dangling net 'q1_fabric_ln2_rxdata_o[29]'(source:'gtr12_quad_inst1') in module 'SerDes_Top' has no destination
WARN  (PA1001) : Dangling net 'q1_fabric_ln2_rxdata_o[30]'(source:'gtr12_quad_inst1') in module 'SerDes_Top' has no destination
WARN  (PA1001) : Dangling net 'q1_fabric_ln2_rxdata_o[31]'(source:'gtr12_quad_inst1') in module 'SerDes_Top' has no destination
WARN  (PA1001) : Dangling net 'q1_fabric_ln2_rxdata_o[32]'(source:'gtr12_quad_inst1') in module 'SerDes_Top' has no destination
WARN  (PA1001) : Dangling net 'q1_fabric_ln2_rxdata_o[33]'(source:'gtr12_quad_inst1') in module 'SerDes_Top' has no destination
WARN  (PA1001) : Dangling net 'q1_fabric_ln2_rxdata_o[34]'(source:'gtr12_quad_inst1') in module 'SerDes_Top' has no destination
WARN  (PA1001) : Dangling net 'q1_fabric_ln2_rxdata_o[35]'(source:'gtr12_quad_inst1') in module 'SerDes_Top' has no destination
WARN  (PA1001) : Dangling net 'q1_fabric_ln2_rxdata_o[36]'(source:'gtr12_quad_inst1') in module 'SerDes_Top' has no destination
WARN  (PA1001) : Dangling net 'q1_fabric_ln2_rxdata_o[37]'(source:'gtr12_quad_inst1') in module 'SerDes_Top' has no destination
WARN  (PA1001) : Dangling net 'q1_fabric_ln2_rxdata_o[38]'(source:'gtr12_quad_inst1') in module 'SerDes_Top' has no destination
WARN  (PA1001) : Dangling net 'q1_fabric_ln2_rxdata_o[39]'(source:'gtr12_quad_inst1') in module 'SerDes_Top' has no destination
WARN  (PA1001) : Dangling net 'q1_fabric_ln2_rxdata_o[40]'(source:'gtr12_quad_inst1') in module 'SerDes_Top' has no destination
WARN  (PA1001) : Dangling net 'q1_fabric_ln2_rxdata_o[41]'(source:'gtr12_quad_inst1') in module 'SerDes_Top' has no destination
WARN  (PA1001) : Dangling net 'q1_fabric_ln2_rxdata_o[42]'(source:'gtr12_quad_inst1') in module 'SerDes_Top' has no destination
WARN  (PA1001) : Dangling net 'q1_fabric_ln2_rxdata_o[43]'(source:'gtr12_quad_inst1') in module 'SerDes_Top' has no destination
WARN  (PA1001) : Dangling net 'q1_fabric_ln2_rxdata_o[44]'(source:'gtr12_quad_inst1') in module 'SerDes_Top' has no destination
WARN  (PA1001) : Dangling net 'q1_fabric_ln2_rxdata_o[45]'(source:'gtr12_quad_inst1') in module 'SerDes_Top' has no destination
WARN  (PA1001) : Dangling net 'q1_fabric_ln2_rxdata_o[46]'(source:'gtr12_quad_inst1') in module 'SerDes_Top' has no destination
WARN  (PA1001) : Dangling net 'q1_fabric_ln2_rxdata_o[47]'(source:'gtr12_quad_inst1') in module 'SerDes_Top' has no destination
WARN  (PA1001) : Dangling net 'q1_fabric_ln2_rxdata_o[48]'(source:'gtr12_quad_inst1') in module 'SerDes_Top' has no destination
WARN  (PA1001) : Dangling net 'q1_fabric_ln2_rxdata_o[49]'(source:'gtr12_quad_inst1') in module 'SerDes_Top' has no destination
WARN  (PA1001) : Dangling net 'q1_fabric_ln2_rxdata_o[50]'(source:'gtr12_quad_inst1') in module 'SerDes_Top' has no destination
WARN  (PA1001) : Dangling net 'q1_fabric_ln2_rxdata_o[51]'(source:'gtr12_quad_inst1') in module 'SerDes_Top' has no destination
WARN  (PA1001) : Dangling net 'q1_fabric_ln2_rxdata_o[52]'(source:'gtr12_quad_inst1') in module 'SerDes_Top' has no destination
WARN  (PA1001) : Dangling net 'q1_fabric_ln2_rxdata_o[53]'(source:'gtr12_quad_inst1') in module 'SerDes_Top' has no destination
WARN  (PA1001) : Dangling net 'q1_fabric_ln2_rxdata_o[54]'(source:'gtr12_quad_inst1') in module 'SerDes_Top' has no destination
WARN  (PA1001) : Dangling net 'q1_fabric_ln2_rxdata_o[55]'(source:'gtr12_quad_inst1') in module 'SerDes_Top' has no destination
WARN  (PA1001) : Dangling net 'q1_fabric_ln2_rxdata_o[56]'(source:'gtr12_quad_inst1') in module 'SerDes_Top' has no destination
WARN  (PA1001) : Dangling net 'q1_fabric_ln2_rxdata_o[57]'(source:'gtr12_quad_inst1') in module 'SerDes_Top' has no destination
WARN  (PA1001) : Dangling net 'q1_fabric_ln2_rxdata_o[58]'(source:'gtr12_quad_inst1') in module 'SerDes_Top' has no destination
WARN  (PA1001) : Dangling net 'q1_fabric_ln2_rxdata_o[59]'(source:'gtr12_quad_inst1') in module 'SerDes_Top' has no destination
WARN  (PA1001) : Dangling net 'q1_fabric_ln2_rxdata_o[60]'(source:'gtr12_quad_inst1') in module 'SerDes_Top' has no destination
WARN  (PA1001) : Dangling net 'q1_fabric_ln2_rxdata_o[61]'(source:'gtr12_quad_inst1') in module 'SerDes_Top' has no destination
WARN  (PA1001) : Dangling net 'q1_fabric_ln2_rxdata_o[62]'(source:'gtr12_quad_inst1') in module 'SerDes_Top' has no destination
WARN  (PA1001) : Dangling net 'q1_fabric_ln2_rxdata_o[63]'(source:'gtr12_quad_inst1') in module 'SerDes_Top' has no destination
WARN  (PA1001) : Dangling net 'q1_fabric_ln2_rxdata_o[64]'(source:'gtr12_quad_inst1') in module 'SerDes_Top' has no destination
WARN  (PA1001) : Dangling net 'q1_fabric_ln2_rxdata_o[65]'(source:'gtr12_quad_inst1') in module 'SerDes_Top' has no destination
WARN  (PA1001) : Dangling net 'q1_fabric_ln2_rxdata_o[66]'(source:'gtr12_quad_inst1') in module 'SerDes_Top' has no destination
WARN  (PA1001) : Dangling net 'q1_fabric_ln2_rxdata_o[67]'(source:'gtr12_quad_inst1') in module 'SerDes_Top' has no destination
WARN  (PA1001) : Dangling net 'q1_fabric_ln2_rxdata_o[68]'(source:'gtr12_quad_inst1') in module 'SerDes_Top' has no destination
WARN  (PA1001) : Dangling net 'q1_fabric_ln2_rxdata_o[69]'(source:'gtr12_quad_inst1') in module 'SerDes_Top' has no destination
WARN  (PA1001) : Dangling net 'q1_fabric_ln2_rxdata_o[70]'(source:'gtr12_quad_inst1') in module 'SerDes_Top' has no destination
WARN  (PA1001) : Dangling net 'q1_fabric_ln2_rxdata_o[71]'(source:'gtr12_quad_inst1') in module 'SerDes_Top' has no destination
WARN  (PA1001) : Dangling net 'q1_fabric_ln2_rxdata_o[72]'(source:'gtr12_quad_inst1') in module 'SerDes_Top' has no destination
WARN  (PA1001) : Dangling net 'q1_fabric_ln2_rxdata_o[73]'(source:'gtr12_quad_inst1') in module 'SerDes_Top' has no destination
WARN  (PA1001) : Dangling net 'q1_fabric_ln2_rxdata_o[74]'(source:'gtr12_quad_inst1') in module 'SerDes_Top' has no destination
WARN  (PA1001) : Dangling net 'q1_fabric_ln2_rxdata_o[75]'(source:'gtr12_quad_inst1') in module 'SerDes_Top' has no destination
WARN  (PA1001) : Dangling net 'q1_fabric_ln2_rxdata_o[76]'(source:'gtr12_quad_inst1') in module 'SerDes_Top' has no destination
WARN  (PA1001) : Dangling net 'q1_fabric_ln2_rxdata_o[77]'(source:'gtr12_quad_inst1') in module 'SerDes_Top' has no destination
WARN  (PA1001) : Dangling net 'q1_fabric_ln2_rxdata_o[78]'(source:'gtr12_quad_inst1') in module 'SerDes_Top' has no destination
WARN  (PA1001) : Dangling net 'q1_fabric_ln2_rxdata_o[79]'(source:'gtr12_quad_inst1') in module 'SerDes_Top' has no destination
WARN  (PA1001) : Dangling net 'q1_fabric_ln2_rxdata_o[80]'(source:'gtr12_quad_inst1') in module 'SerDes_Top' has no destination
WARN  (PA1001) : Dangling net 'q1_fabric_ln2_rxdata_o[81]'(source:'gtr12_quad_inst1') in module 'SerDes_Top' has no destination
WARN  (PA1001) : Dangling net 'q1_fabric_ln2_rxdata_o[82]'(source:'gtr12_quad_inst1') in module 'SerDes_Top' has no destination
WARN  (PA1001) : Dangling net 'q1_fabric_ln2_rxdata_o[83]'(source:'gtr12_quad_inst1') in module 'SerDes_Top' has no destination
WARN  (PA1001) : Dangling net 'q1_fabric_ln2_rxdata_o[84]'(source:'gtr12_quad_inst1') in module 'SerDes_Top' has no destination
WARN  (PA1001) : Dangling net 'q1_fabric_ln2_rxdata_o[85]'(source:'gtr12_quad_inst1') in module 'SerDes_Top' has no destination
WARN  (PA1001) : Dangling net 'q1_fabric_ln2_rxdata_o[86]'(source:'gtr12_quad_inst1') in module 'SerDes_Top' has no destination
WARN  (PA1001) : Dangling net 'q1_fabric_ln2_rxdata_o[87]'(source:'gtr12_quad_inst1') in module 'SerDes_Top' has no destination
WARN  (PA1001) : Dangling net 'q1_fabric_ln2_stat_o[0]'(source:'gtr12_quad_inst1') in module 'SerDes_Top' has no destination
WARN  (PA1001) : Dangling net 'q1_fabric_ln2_stat_o[1]'(source:'gtr12_quad_inst1') in module 'SerDes_Top' has no destination
WARN  (PA1001) : Dangling net 'q1_fabric_ln2_stat_o[2]'(source:'gtr12_quad_inst1') in module 'SerDes_Top' has no destination
WARN  (PA1001) : Dangling net 'q1_fabric_ln2_stat_o[3]'(source:'gtr12_quad_inst1') in module 'SerDes_Top' has no destination
WARN  (PA1001) : Dangling net 'q1_fabric_ln2_stat_o[4]'(source:'gtr12_quad_inst1') in module 'SerDes_Top' has no destination
WARN  (PA1001) : Dangling net 'q1_fabric_ln2_stat_o[5]'(source:'gtr12_quad_inst1') in module 'SerDes_Top' has no destination
WARN  (PA1001) : Dangling net 'q1_fabric_ln2_stat_o[6]'(source:'gtr12_quad_inst1') in module 'SerDes_Top' has no destination
WARN  (PA1001) : Dangling net 'q1_fabric_ln2_stat_o[7]'(source:'gtr12_quad_inst1') in module 'SerDes_Top' has no destination
WARN  (PA1001) : Dangling net 'q1_fabric_ln2_stat_o[8]'(source:'gtr12_quad_inst1') in module 'SerDes_Top' has no destination
WARN  (PA1001) : Dangling net 'q1_fabric_ln2_stat_o[9]'(source:'gtr12_quad_inst1') in module 'SerDes_Top' has no destination
WARN  (PA1001) : Dangling net 'q1_fabric_ln2_stat_o[10]'(source:'gtr12_quad_inst1') in module 'SerDes_Top' has no destination
WARN  (PA1001) : Dangling net 'q1_fabric_ln2_stat_o[11]'(source:'gtr12_quad_inst1') in module 'SerDes_Top' has no destination
WARN  (PA1001) : Dangling net 'q1_fabric_ln2_stat_o[12]'(source:'gtr12_quad_inst1') in module 'SerDes_Top' has no destination
WARN  (PA1001) : Dangling net 'q1_fabric_ln3_astat_o[0]'(source:'gtr12_quad_inst1') in module 'SerDes_Top' has no destination
WARN  (PA1001) : Dangling net 'q1_fabric_ln3_astat_o[1]'(source:'gtr12_quad_inst1') in module 'SerDes_Top' has no destination
WARN  (PA1001) : Dangling net 'q1_fabric_ln3_astat_o[2]'(source:'gtr12_quad_inst1') in module 'SerDes_Top' has no destination
WARN  (PA1001) : Dangling net 'q1_fabric_ln3_astat_o[3]'(source:'gtr12_quad_inst1') in module 'SerDes_Top' has no destination
WARN  (PA1001) : Dangling net 'q1_fabric_ln3_astat_o[4]'(source:'gtr12_quad_inst1') in module 'SerDes_Top' has no destination
WARN  (PA1001) : Dangling net 'q1_fabric_ln3_astat_o[5]'(source:'gtr12_quad_inst1') in module 'SerDes_Top' has no destination
WARN  (PA1001) : Dangling net 'q1_fabric_ln3_burn_in_toggle_o'(source:'gtr12_quad_inst1') in module 'SerDes_Top' has no destination
WARN  (PA1001) : Dangling net 'q1_fabric_ln3_pma_rx_lock_o'(source:'gtr12_quad_inst1') in module 'SerDes_Top' has no destination
WARN  (PA1001) : Dangling net 'q1_fabric_ln3_rxdata_o[0]'(source:'gtr12_quad_inst1') in module 'SerDes_Top' has no destination
WARN  (PA1001) : Dangling net 'q1_fabric_ln3_rxdata_o[1]'(source:'gtr12_quad_inst1') in module 'SerDes_Top' has no destination
WARN  (PA1001) : Dangling net 'q1_fabric_ln3_rxdata_o[2]'(source:'gtr12_quad_inst1') in module 'SerDes_Top' has no destination
WARN  (PA1001) : Dangling net 'q1_fabric_ln3_rxdata_o[3]'(source:'gtr12_quad_inst1') in module 'SerDes_Top' has no destination
WARN  (PA1001) : Dangling net 'q1_fabric_ln3_rxdata_o[4]'(source:'gtr12_quad_inst1') in module 'SerDes_Top' has no destination
WARN  (PA1001) : Dangling net 'q1_fabric_ln3_rxdata_o[5]'(source:'gtr12_quad_inst1') in module 'SerDes_Top' has no destination
WARN  (PA1001) : Dangling net 'q1_fabric_ln3_rxdata_o[6]'(source:'gtr12_quad_inst1') in module 'SerDes_Top' has no destination
WARN  (PA1001) : Dangling net 'q1_fabric_ln3_rxdata_o[7]'(source:'gtr12_quad_inst1') in module 'SerDes_Top' has no destination
WARN  (PA1001) : Dangling net 'q1_fabric_ln3_rxdata_o[8]'(source:'gtr12_quad_inst1') in module 'SerDes_Top' has no destination
WARN  (PA1001) : Dangling net 'q1_fabric_ln3_rxdata_o[9]'(source:'gtr12_quad_inst1') in module 'SerDes_Top' has no destination
WARN  (PA1001) : Dangling net 'q1_fabric_ln3_rxdata_o[10]'(source:'gtr12_quad_inst1') in module 'SerDes_Top' has no destination
WARN  (PA1001) : Dangling net 'q1_fabric_ln3_rxdata_o[11]'(source:'gtr12_quad_inst1') in module 'SerDes_Top' has no destination
WARN  (PA1001) : Dangling net 'q1_fabric_ln3_rxdata_o[12]'(source:'gtr12_quad_inst1') in module 'SerDes_Top' has no destination
WARN  (PA1001) : Dangling net 'q1_fabric_ln3_rxdata_o[13]'(source:'gtr12_quad_inst1') in module 'SerDes_Top' has no destination
WARN  (PA1001) : Dangling net 'q1_fabric_ln3_rxdata_o[14]'(source:'gtr12_quad_inst1') in module 'SerDes_Top' has no destination
WARN  (PA1001) : Dangling net 'q1_fabric_ln3_rxdata_o[15]'(source:'gtr12_quad_inst1') in module 'SerDes_Top' has no destination
WARN  (PA1001) : Dangling net 'q1_fabric_ln3_rxdata_o[16]'(source:'gtr12_quad_inst1') in module 'SerDes_Top' has no destination
WARN  (PA1001) : Dangling net 'q1_fabric_ln3_rxdata_o[17]'(source:'gtr12_quad_inst1') in module 'SerDes_Top' has no destination
WARN  (PA1001) : Dangling net 'q1_fabric_ln3_rxdata_o[18]'(source:'gtr12_quad_inst1') in module 'SerDes_Top' has no destination
WARN  (PA1001) : Dangling net 'q1_fabric_ln3_rxdata_o[19]'(source:'gtr12_quad_inst1') in module 'SerDes_Top' has no destination
WARN  (PA1001) : Dangling net 'q1_fabric_ln3_rxdata_o[20]'(source:'gtr12_quad_inst1') in module 'SerDes_Top' has no destination
WARN  (PA1001) : Dangling net 'q1_fabric_ln3_rxdata_o[21]'(source:'gtr12_quad_inst1') in module 'SerDes_Top' has no destination
WARN  (PA1001) : Dangling net 'q1_fabric_ln3_rxdata_o[22]'(source:'gtr12_quad_inst1') in module 'SerDes_Top' has no destination
WARN  (PA1001) : Dangling net 'q1_fabric_ln3_rxdata_o[23]'(source:'gtr12_quad_inst1') in module 'SerDes_Top' has no destination
WARN  (PA1001) : Dangling net 'q1_fabric_ln3_rxdata_o[24]'(source:'gtr12_quad_inst1') in module 'SerDes_Top' has no destination
WARN  (PA1001) : Dangling net 'q1_fabric_ln3_rxdata_o[25]'(source:'gtr12_quad_inst1') in module 'SerDes_Top' has no destination
WARN  (PA1001) : Dangling net 'q1_fabric_ln3_rxdata_o[26]'(source:'gtr12_quad_inst1') in module 'SerDes_Top' has no destination
WARN  (PA1001) : Dangling net 'q1_fabric_ln3_rxdata_o[27]'(source:'gtr12_quad_inst1') in module 'SerDes_Top' has no destination
WARN  (PA1001) : Dangling net 'q1_fabric_ln3_rxdata_o[28]'(source:'gtr12_quad_inst1') in module 'SerDes_Top' has no destination
WARN  (PA1001) : Dangling net 'q1_fabric_ln3_rxdata_o[29]'(source:'gtr12_quad_inst1') in module 'SerDes_Top' has no destination
WARN  (PA1001) : Dangling net 'q1_fabric_ln3_rxdata_o[30]'(source:'gtr12_quad_inst1') in module 'SerDes_Top' has no destination
WARN  (PA1001) : Dangling net 'q1_fabric_ln3_rxdata_o[31]'(source:'gtr12_quad_inst1') in module 'SerDes_Top' has no destination
WARN  (PA1001) : Dangling net 'q1_fabric_ln3_rxdata_o[32]'(source:'gtr12_quad_inst1') in module 'SerDes_Top' has no destination
WARN  (PA1001) : Dangling net 'q1_fabric_ln3_rxdata_o[33]'(source:'gtr12_quad_inst1') in module 'SerDes_Top' has no destination
WARN  (PA1001) : Dangling net 'q1_fabric_ln3_rxdata_o[34]'(source:'gtr12_quad_inst1') in module 'SerDes_Top' has no destination
WARN  (PA1001) : Dangling net 'q1_fabric_ln3_rxdata_o[35]'(source:'gtr12_quad_inst1') in module 'SerDes_Top' has no destination
WARN  (PA1001) : Dangling net 'q1_fabric_ln3_rxdata_o[36]'(source:'gtr12_quad_inst1') in module 'SerDes_Top' has no destination
WARN  (PA1001) : Dangling net 'q1_fabric_ln3_rxdata_o[37]'(source:'gtr12_quad_inst1') in module 'SerDes_Top' has no destination
WARN  (PA1001) : Dangling net 'q1_fabric_ln3_rxdata_o[38]'(source:'gtr12_quad_inst1') in module 'SerDes_Top' has no destination
WARN  (PA1001) : Dangling net 'q1_fabric_ln3_rxdata_o[39]'(source:'gtr12_quad_inst1') in module 'SerDes_Top' has no destination
WARN  (PA1001) : Dangling net 'q1_fabric_ln3_rxdata_o[40]'(source:'gtr12_quad_inst1') in module 'SerDes_Top' has no destination
WARN  (PA1001) : Dangling net 'q1_fabric_ln3_rxdata_o[41]'(source:'gtr12_quad_inst1') in module 'SerDes_Top' has no destination
WARN  (PA1001) : Dangling net 'q1_fabric_ln3_rxdata_o[42]'(source:'gtr12_quad_inst1') in module 'SerDes_Top' has no destination
WARN  (PA1001) : Dangling net 'q1_fabric_ln3_rxdata_o[43]'(source:'gtr12_quad_inst1') in module 'SerDes_Top' has no destination
WARN  (PA1001) : Dangling net 'q1_fabric_ln3_rxdata_o[44]'(source:'gtr12_quad_inst1') in module 'SerDes_Top' has no destination
WARN  (PA1001) : Dangling net 'q1_fabric_ln3_rxdata_o[45]'(source:'gtr12_quad_inst1') in module 'SerDes_Top' has no destination
WARN  (PA1001) : Dangling net 'q1_fabric_ln3_rxdata_o[46]'(source:'gtr12_quad_inst1') in module 'SerDes_Top' has no destination
WARN  (PA1001) : Dangling net 'q1_fabric_ln3_rxdata_o[47]'(source:'gtr12_quad_inst1') in module 'SerDes_Top' has no destination
WARN  (PA1001) : Dangling net 'q1_fabric_ln3_rxdata_o[48]'(source:'gtr12_quad_inst1') in module 'SerDes_Top' has no destination
WARN  (PA1001) : Dangling net 'q1_fabric_ln3_rxdata_o[49]'(source:'gtr12_quad_inst1') in module 'SerDes_Top' has no destination
WARN  (PA1001) : Dangling net 'q1_fabric_ln3_rxdata_o[50]'(source:'gtr12_quad_inst1') in module 'SerDes_Top' has no destination
WARN  (PA1001) : Dangling net 'q1_fabric_ln3_rxdata_o[51]'(source:'gtr12_quad_inst1') in module 'SerDes_Top' has no destination
WARN  (PA1001) : Dangling net 'q1_fabric_ln3_rxdata_o[52]'(source:'gtr12_quad_inst1') in module 'SerDes_Top' has no destination
WARN  (PA1001) : Dangling net 'q1_fabric_ln3_rxdata_o[53]'(source:'gtr12_quad_inst1') in module 'SerDes_Top' has no destination
WARN  (PA1001) : Dangling net 'q1_fabric_ln3_rxdata_o[54]'(source:'gtr12_quad_inst1') in module 'SerDes_Top' has no destination
WARN  (PA1001) : Dangling net 'q1_fabric_ln3_rxdata_o[55]'(source:'gtr12_quad_inst1') in module 'SerDes_Top' has no destination
WARN  (PA1001) : Dangling net 'q1_fabric_ln3_rxdata_o[56]'(source:'gtr12_quad_inst1') in module 'SerDes_Top' has no destination
WARN  (PA1001) : Dangling net 'q1_fabric_ln3_rxdata_o[57]'(source:'gtr12_quad_inst1') in module 'SerDes_Top' has no destination
WARN  (PA1001) : Dangling net 'q1_fabric_ln3_rxdata_o[58]'(source:'gtr12_quad_inst1') in module 'SerDes_Top' has no destination
WARN  (PA1001) : Dangling net 'q1_fabric_ln3_rxdata_o[59]'(source:'gtr12_quad_inst1') in module 'SerDes_Top' has no destination
WARN  (PA1001) : Dangling net 'q1_fabric_ln3_rxdata_o[60]'(source:'gtr12_quad_inst1') in module 'SerDes_Top' has no destination
WARN  (PA1001) : Dangling net 'q1_fabric_ln3_rxdata_o[61]'(source:'gtr12_quad_inst1') in module 'SerDes_Top' has no destination
WARN  (PA1001) : Dangling net 'q1_fabric_ln3_rxdata_o[62]'(source:'gtr12_quad_inst1') in module 'SerDes_Top' has no destination
WARN  (PA1001) : Dangling net 'q1_fabric_ln3_rxdata_o[63]'(source:'gtr12_quad_inst1') in module 'SerDes_Top' has no destination
WARN  (PA1001) : Dangling net 'q1_fabric_ln3_rxdata_o[64]'(source:'gtr12_quad_inst1') in module 'SerDes_Top' has no destination
WARN  (PA1001) : Dangling net 'q1_fabric_ln3_rxdata_o[65]'(source:'gtr12_quad_inst1') in module 'SerDes_Top' has no destination
WARN  (PA1001) : Dangling net 'q1_fabric_ln3_rxdata_o[66]'(source:'gtr12_quad_inst1') in module 'SerDes_Top' has no destination
WARN  (PA1001) : Dangling net 'q1_fabric_ln3_rxdata_o[67]'(source:'gtr12_quad_inst1') in module 'SerDes_Top' has no destination
WARN  (PA1001) : Dangling net 'q1_fabric_ln3_rxdata_o[68]'(source:'gtr12_quad_inst1') in module 'SerDes_Top' has no destination
WARN  (PA1001) : Dangling net 'q1_fabric_ln3_rxdata_o[69]'(source:'gtr12_quad_inst1') in module 'SerDes_Top' has no destination
WARN  (PA1001) : Dangling net 'q1_fabric_ln3_rxdata_o[70]'(source:'gtr12_quad_inst1') in module 'SerDes_Top' has no destination
WARN  (PA1001) : Dangling net 'q1_fabric_ln3_rxdata_o[71]'(source:'gtr12_quad_inst1') in module 'SerDes_Top' has no destination
WARN  (PA1001) : Dangling net 'q1_fabric_ln3_rxdata_o[72]'(source:'gtr12_quad_inst1') in module 'SerDes_Top' has no destination
WARN  (PA1001) : Dangling net 'q1_fabric_ln3_rxdata_o[73]'(source:'gtr12_quad_inst1') in module 'SerDes_Top' has no destination
WARN  (PA1001) : Dangling net 'q1_fabric_ln3_rxdata_o[74]'(source:'gtr12_quad_inst1') in module 'SerDes_Top' has no destination
WARN  (PA1001) : Dangling net 'q1_fabric_ln3_rxdata_o[75]'(source:'gtr12_quad_inst1') in module 'SerDes_Top' has no destination
WARN  (PA1001) : Dangling net 'q1_fabric_ln3_rxdata_o[76]'(source:'gtr12_quad_inst1') in module 'SerDes_Top' has no destination
WARN  (PA1001) : Dangling net 'q1_fabric_ln3_rxdata_o[77]'(source:'gtr12_quad_inst1') in module 'SerDes_Top' has no destination
WARN  (PA1001) : Dangling net 'q1_fabric_ln3_rxdata_o[78]'(source:'gtr12_quad_inst1') in module 'SerDes_Top' has no destination
WARN  (PA1001) : Dangling net 'q1_fabric_ln3_rxdata_o[79]'(source:'gtr12_quad_inst1') in module 'SerDes_Top' has no destination
WARN  (PA1001) : Dangling net 'q1_fabric_ln3_rxdata_o[80]'(source:'gtr12_quad_inst1') in module 'SerDes_Top' has no destination
WARN  (PA1001) : Dangling net 'q1_fabric_ln3_rxdata_o[81]'(source:'gtr12_quad_inst1') in module 'SerDes_Top' has no destination
WARN  (PA1001) : Dangling net 'q1_fabric_ln3_rxdata_o[82]'(source:'gtr12_quad_inst1') in module 'SerDes_Top' has no destination
WARN  (PA1001) : Dangling net 'q1_fabric_ln3_rxdata_o[83]'(source:'gtr12_quad_inst1') in module 'SerDes_Top' has no destination
WARN  (PA1001) : Dangling net 'q1_fabric_ln3_rxdata_o[84]'(source:'gtr12_quad_inst1') in module 'SerDes_Top' has no destination
WARN  (PA1001) : Dangling net 'q1_fabric_ln3_rxdata_o[85]'(source:'gtr12_quad_inst1') in module 'SerDes_Top' has no destination
WARN  (PA1001) : Dangling net 'q1_fabric_ln3_rxdata_o[86]'(source:'gtr12_quad_inst1') in module 'SerDes_Top' has no destination
WARN  (PA1001) : Dangling net 'q1_fabric_ln3_rxdata_o[87]'(source:'gtr12_quad_inst1') in module 'SerDes_Top' has no destination
WARN  (PA1001) : Dangling net 'q1_fabric_ln3_stat_o[0]'(source:'gtr12_quad_inst1') in module 'SerDes_Top' has no destination
WARN  (PA1001) : Dangling net 'q1_fabric_ln3_stat_o[1]'(source:'gtr12_quad_inst1') in module 'SerDes_Top' has no destination
WARN  (PA1001) : Dangling net 'q1_fabric_ln3_stat_o[2]'(source:'gtr12_quad_inst1') in module 'SerDes_Top' has no destination
WARN  (PA1001) : Dangling net 'q1_fabric_ln3_stat_o[3]'(source:'gtr12_quad_inst1') in module 'SerDes_Top' has no destination
WARN  (PA1001) : Dangling net 'q1_fabric_ln3_stat_o[4]'(source:'gtr12_quad_inst1') in module 'SerDes_Top' has no destination
WARN  (PA1001) : Dangling net 'q1_fabric_ln3_stat_o[5]'(source:'gtr12_quad_inst1') in module 'SerDes_Top' has no destination
WARN  (PA1001) : Dangling net 'q1_fabric_ln3_stat_o[6]'(source:'gtr12_quad_inst1') in module 'SerDes_Top' has no destination
WARN  (PA1001) : Dangling net 'q1_fabric_ln3_stat_o[7]'(source:'gtr12_quad_inst1') in module 'SerDes_Top' has no destination
WARN  (PA1001) : Dangling net 'q1_fabric_ln3_stat_o[8]'(source:'gtr12_quad_inst1') in module 'SerDes_Top' has no destination
WARN  (PA1001) : Dangling net 'q1_fabric_ln3_stat_o[9]'(source:'gtr12_quad_inst1') in module 'SerDes_Top' has no destination
WARN  (PA1001) : Dangling net 'q1_fabric_ln3_stat_o[10]'(source:'gtr12_quad_inst1') in module 'SerDes_Top' has no destination
WARN  (PA1001) : Dangling net 'q1_fabric_ln3_stat_o[11]'(source:'gtr12_quad_inst1') in module 'SerDes_Top' has no destination
WARN  (PA1001) : Dangling net 'q1_fabric_ln3_stat_o[12]'(source:'gtr12_quad_inst1') in module 'SerDes_Top' has no destination
WARN  (PA1001) : Dangling net 'q1_fabric_refclk_gate_ack_o'(source:'gtr12_quad_inst1') in module 'SerDes_Top' has no destination
WARN  (PA1001) : Dangling net 'q1_lane0_disp_err_o[0]'(source:'gtr12_quad_inst1') in module 'SerDes_Top' has no destination
WARN  (PA1001) : Dangling net 'q1_lane0_disp_err_o[1]'(source:'gtr12_quad_inst1') in module 'SerDes_Top' has no destination
WARN  (PA1001) : Dangling net 'q1_lane0_dec_err_o[0]'(source:'gtr12_quad_inst1') in module 'SerDes_Top' has no destination
WARN  (PA1001) : Dangling net 'q1_lane0_dec_err_o[1]'(source:'gtr12_quad_inst1') in module 'SerDes_Top' has no destination
WARN  (PA1001) : Dangling net 'q1_lane0_cur_disp_o[0]'(source:'gtr12_quad_inst1') in module 'SerDes_Top' has no destination
WARN  (PA1001) : Dangling net 'q1_lane0_cur_disp_o[1]'(source:'gtr12_quad_inst1') in module 'SerDes_Top' has no destination
WARN  (PA1001) : Dangling net 'q1_lane1_disp_err_o[0]'(source:'gtr12_quad_inst1') in module 'SerDes_Top' has no destination
WARN  (PA1001) : Dangling net 'q1_lane1_disp_err_o[1]'(source:'gtr12_quad_inst1') in module 'SerDes_Top' has no destination
WARN  (PA1001) : Dangling net 'q1_lane1_dec_err_o[0]'(source:'gtr12_quad_inst1') in module 'SerDes_Top' has no destination
WARN  (PA1001) : Dangling net 'q1_lane1_dec_err_o[1]'(source:'gtr12_quad_inst1') in module 'SerDes_Top' has no destination
WARN  (PA1001) : Dangling net 'q1_lane1_cur_disp_o[0]'(source:'gtr12_quad_inst1') in module 'SerDes_Top' has no destination
WARN  (PA1001) : Dangling net 'q1_lane1_cur_disp_o[1]'(source:'gtr12_quad_inst1') in module 'SerDes_Top' has no destination
WARN  (PA1001) : Dangling net 'q1_lane2_align_link'(source:'gtr12_quad_inst1') in module 'SerDes_Top' has no destination
WARN  (PA1001) : Dangling net 'q1_lane2_k_lock'(source:'gtr12_quad_inst1') in module 'SerDes_Top' has no destination
WARN  (PA1001) : Dangling net 'q1_lane2_disp_err_o[0]'(source:'gtr12_quad_inst1') in module 'SerDes_Top' has no destination
WARN  (PA1001) : Dangling net 'q1_lane2_disp_err_o[1]'(source:'gtr12_quad_inst1') in module 'SerDes_Top' has no destination
WARN  (PA1001) : Dangling net 'q1_lane2_dec_err_o[0]'(source:'gtr12_quad_inst1') in module 'SerDes_Top' has no destination
WARN  (PA1001) : Dangling net 'q1_lane2_dec_err_o[1]'(source:'gtr12_quad_inst1') in module 'SerDes_Top' has no destination
WARN  (PA1001) : Dangling net 'q1_lane2_cur_disp_o[0]'(source:'gtr12_quad_inst1') in module 'SerDes_Top' has no destination
WARN  (PA1001) : Dangling net 'q1_lane2_cur_disp_o[1]'(source:'gtr12_quad_inst1') in module 'SerDes_Top' has no destination
WARN  (PA1001) : Dangling net 'q1_lane3_align_link'(source:'gtr12_quad_inst1') in module 'SerDes_Top' has no destination
WARN  (PA1001) : Dangling net 'q1_lane3_k_lock'(source:'gtr12_quad_inst1') in module 'SerDes_Top' has no destination
WARN  (PA1001) : Dangling net 'q1_lane3_disp_err_o[0]'(source:'gtr12_quad_inst1') in module 'SerDes_Top' has no destination
WARN  (PA1001) : Dangling net 'q1_lane3_disp_err_o[1]'(source:'gtr12_quad_inst1') in module 'SerDes_Top' has no destination
WARN  (PA1001) : Dangling net 'q1_lane3_dec_err_o[0]'(source:'gtr12_quad_inst1') in module 'SerDes_Top' has no destination
WARN  (PA1001) : Dangling net 'q1_lane3_dec_err_o[1]'(source:'gtr12_quad_inst1') in module 'SerDes_Top' has no destination
WARN  (PA1001) : Dangling net 'q1_lane3_cur_disp_o[0]'(source:'gtr12_quad_inst1') in module 'SerDes_Top' has no destination
WARN  (PA1001) : Dangling net 'q1_lane3_cur_disp_o[1]'(source:'gtr12_quad_inst1') in module 'SerDes_Top' has no destination
WARN  (PA1001) : Dangling net 'q1_lane2_pcs_rx_o_fabric_clk'(source:'gtr12_quad_inst1') in module 'SerDes_Top' has no destination
WARN  (PA1001) : Dangling net 'q1_lane3_pcs_rx_o_fabric_clk'(source:'gtr12_quad_inst1') in module 'SerDes_Top' has no destination
WARN  (PA1001) : Dangling net 'q1_lane2_pcs_tx_o_fabric_clk'(source:'gtr12_quad_inst1') in module 'SerDes_Top' has no destination
WARN  (PA1001) : Dangling net 'q1_lane3_pcs_tx_o_fabric_clk'(source:'gtr12_quad_inst1') in module 'SerDes_Top' has no destination
WARN  (PA1001) : Dangling net 'q1_fabric_cmu0_clk'(source:'gtr12_quad_inst1') in module 'SerDes_Top' has no destination
WARN  (PA1001) : Dangling net 'q1_fabric_cmu1_clk'(source:'gtr12_quad_inst1') in module 'SerDes_Top' has no destination
WARN  (PA1001) : Dangling net 'q1_fabric_quad_clk_rx'(source:'gtr12_quad_inst1') in module 'SerDes_Top' has no destination
WARN  (PA1001) : Dangling net 'q1_lane0_rx_if_fifo_rdusewd[0]'(source:'gtr12_quad_inst1') in module 'SerDes_Top' has no destination
WARN  (PA1001) : Dangling net 'q1_lane0_rx_if_fifo_rdusewd[1]'(source:'gtr12_quad_inst1') in module 'SerDes_Top' has no destination
WARN  (PA1001) : Dangling net 'q1_lane0_rx_if_fifo_rdusewd[2]'(source:'gtr12_quad_inst1') in module 'SerDes_Top' has no destination
WARN  (PA1001) : Dangling net 'q1_lane0_rx_if_fifo_rdusewd[3]'(source:'gtr12_quad_inst1') in module 'SerDes_Top' has no destination
WARN  (PA1001) : Dangling net 'q1_lane0_rx_if_fifo_rdusewd[4]'(source:'gtr12_quad_inst1') in module 'SerDes_Top' has no destination
WARN  (PA1001) : Dangling net 'q1_lane0_rx_if_fifo_empty'(source:'gtr12_quad_inst1') in module 'SerDes_Top' has no destination
WARN  (PA1001) : Dangling net 'q1_lane1_rx_if_fifo_rdusewd[0]'(source:'gtr12_quad_inst1') in module 'SerDes_Top' has no destination
WARN  (PA1001) : Dangling net 'q1_lane1_rx_if_fifo_rdusewd[1]'(source:'gtr12_quad_inst1') in module 'SerDes_Top' has no destination
WARN  (PA1001) : Dangling net 'q1_lane1_rx_if_fifo_rdusewd[2]'(source:'gtr12_quad_inst1') in module 'SerDes_Top' has no destination
WARN  (PA1001) : Dangling net 'q1_lane1_rx_if_fifo_rdusewd[3]'(source:'gtr12_quad_inst1') in module 'SerDes_Top' has no destination
WARN  (PA1001) : Dangling net 'q1_lane1_rx_if_fifo_rdusewd[4]'(source:'gtr12_quad_inst1') in module 'SerDes_Top' has no destination
WARN  (PA1001) : Dangling net 'q1_lane1_rx_if_fifo_empty'(source:'gtr12_quad_inst1') in module 'SerDes_Top' has no destination
WARN  (PA1001) : Dangling net 'q1_lane2_rx_if_fifo_rdusewd[0]'(source:'gtr12_quad_inst1') in module 'SerDes_Top' has no destination
WARN  (PA1001) : Dangling net 'q1_lane2_rx_if_fifo_rdusewd[1]'(source:'gtr12_quad_inst1') in module 'SerDes_Top' has no destination
WARN  (PA1001) : Dangling net 'q1_lane2_rx_if_fifo_rdusewd[2]'(source:'gtr12_quad_inst1') in module 'SerDes_Top' has no destination
WARN  (PA1001) : Dangling net 'q1_lane2_rx_if_fifo_rdusewd[3]'(source:'gtr12_quad_inst1') in module 'SerDes_Top' has no destination
WARN  (PA1001) : Dangling net 'q1_lane2_rx_if_fifo_rdusewd[4]'(source:'gtr12_quad_inst1') in module 'SerDes_Top' has no destination
WARN  (PA1001) : Dangling net 'q1_lane2_rx_if_fifo_aempty'(source:'gtr12_quad_inst1') in module 'SerDes_Top' has no destination
WARN  (PA1001) : Dangling net 'q1_lane2_rx_if_fifo_empty'(source:'gtr12_quad_inst1') in module 'SerDes_Top' has no destination
WARN  (PA1001) : Dangling net 'q1_lane3_rx_if_fifo_rdusewd[0]'(source:'gtr12_quad_inst1') in module 'SerDes_Top' has no destination
WARN  (PA1001) : Dangling net 'q1_lane3_rx_if_fifo_rdusewd[1]'(source:'gtr12_quad_inst1') in module 'SerDes_Top' has no destination
WARN  (PA1001) : Dangling net 'q1_lane3_rx_if_fifo_rdusewd[2]'(source:'gtr12_quad_inst1') in module 'SerDes_Top' has no destination
WARN  (PA1001) : Dangling net 'q1_lane3_rx_if_fifo_rdusewd[3]'(source:'gtr12_quad_inst1') in module 'SerDes_Top' has no destination
WARN  (PA1001) : Dangling net 'q1_lane3_rx_if_fifo_rdusewd[4]'(source:'gtr12_quad_inst1') in module 'SerDes_Top' has no destination
WARN  (PA1001) : Dangling net 'q1_lane3_rx_if_fifo_aempty'(source:'gtr12_quad_inst1') in module 'SerDes_Top' has no destination
WARN  (PA1001) : Dangling net 'q1_lane3_rx_if_fifo_empty'(source:'gtr12_quad_inst1') in module 'SerDes_Top' has no destination
WARN  (PA1001) : Dangling net 'q1_lane0_tx_if_fifo_wrusewd[0]'(source:'gtr12_quad_inst1') in module 'SerDes_Top' has no destination
WARN  (PA1001) : Dangling net 'q1_lane0_tx_if_fifo_wrusewd[1]'(source:'gtr12_quad_inst1') in module 'SerDes_Top' has no destination
WARN  (PA1001) : Dangling net 'q1_lane0_tx_if_fifo_wrusewd[2]'(source:'gtr12_quad_inst1') in module 'SerDes_Top' has no destination
WARN  (PA1001) : Dangling net 'q1_lane0_tx_if_fifo_wrusewd[3]'(source:'gtr12_quad_inst1') in module 'SerDes_Top' has no destination
WARN  (PA1001) : Dangling net 'q1_lane0_tx_if_fifo_wrusewd[4]'(source:'gtr12_quad_inst1') in module 'SerDes_Top' has no destination
WARN  (PA1001) : Dangling net 'q1_lane0_tx_if_fifo_full'(source:'gtr12_quad_inst1') in module 'SerDes_Top' has no destination
WARN  (PA1001) : Dangling net 'q1_lane1_tx_if_fifo_wrusewd[0]'(source:'gtr12_quad_inst1') in module 'SerDes_Top' has no destination
WARN  (PA1001) : Dangling net 'q1_lane1_tx_if_fifo_wrusewd[1]'(source:'gtr12_quad_inst1') in module 'SerDes_Top' has no destination
WARN  (PA1001) : Dangling net 'q1_lane1_tx_if_fifo_wrusewd[2]'(source:'gtr12_quad_inst1') in module 'SerDes_Top' has no destination
WARN  (PA1001) : Dangling net 'q1_lane1_tx_if_fifo_wrusewd[3]'(source:'gtr12_quad_inst1') in module 'SerDes_Top' has no destination
WARN  (PA1001) : Dangling net 'q1_lane1_tx_if_fifo_wrusewd[4]'(source:'gtr12_quad_inst1') in module 'SerDes_Top' has no destination
WARN  (PA1001) : Dangling net 'q1_lane1_tx_if_fifo_full'(source:'gtr12_quad_inst1') in module 'SerDes_Top' has no destination
WARN  (PA1001) : Dangling net 'q1_lane2_tx_if_fifo_wrusewd[0]'(source:'gtr12_quad_inst1') in module 'SerDes_Top' has no destination
WARN  (PA1001) : Dangling net 'q1_lane2_tx_if_fifo_wrusewd[1]'(source:'gtr12_quad_inst1') in module 'SerDes_Top' has no destination
WARN  (PA1001) : Dangling net 'q1_lane2_tx_if_fifo_wrusewd[2]'(source:'gtr12_quad_inst1') in module 'SerDes_Top' has no destination
WARN  (PA1001) : Dangling net 'q1_lane2_tx_if_fifo_wrusewd[3]'(source:'gtr12_quad_inst1') in module 'SerDes_Top' has no destination
WARN  (PA1001) : Dangling net 'q1_lane2_tx_if_fifo_wrusewd[4]'(source:'gtr12_quad_inst1') in module 'SerDes_Top' has no destination
WARN  (PA1001) : Dangling net 'q1_lane2_tx_if_fifo_afull'(source:'gtr12_quad_inst1') in module 'SerDes_Top' has no destination
WARN  (PA1001) : Dangling net 'q1_lane2_tx_if_fifo_full'(source:'gtr12_quad_inst1') in module 'SerDes_Top' has no destination
WARN  (PA1001) : Dangling net 'q1_lane3_tx_if_fifo_wrusewd[0]'(source:'gtr12_quad_inst1') in module 'SerDes_Top' has no destination
WARN  (PA1001) : Dangling net 'q1_lane3_tx_if_fifo_wrusewd[1]'(source:'gtr12_quad_inst1') in module 'SerDes_Top' has no destination
WARN  (PA1001) : Dangling net 'q1_lane3_tx_if_fifo_wrusewd[2]'(source:'gtr12_quad_inst1') in module 'SerDes_Top' has no destination
WARN  (PA1001) : Dangling net 'q1_lane3_tx_if_fifo_wrusewd[3]'(source:'gtr12_quad_inst1') in module 'SerDes_Top' has no destination
WARN  (PA1001) : Dangling net 'q1_lane3_tx_if_fifo_wrusewd[4]'(source:'gtr12_quad_inst1') in module 'SerDes_Top' has no destination
WARN  (PA1001) : Dangling net 'q1_lane3_tx_if_fifo_afull'(source:'gtr12_quad_inst1') in module 'SerDes_Top' has no destination
WARN  (PA1001) : Dangling net 'q1_lane3_tx_if_fifo_full'(source:'gtr12_quad_inst1') in module 'SerDes_Top' has no destination
WARN  (PA1001) : Dangling net 'q1_fabric_clk_mon_o'(source:'gtr12_quad_inst1') in module 'SerDes_Top' has no destination
WARN  (PA1001) : Dangling net 'q1_fabric_gearfifo_err_rpt'(source:'gtr12_quad_inst1') in module 'SerDes_Top' has no destination
WARN  (PA1001) : Dangling net 'q1_fabric_ln0_rx_vld_out'(source:'gtr12_quad_inst1') in module 'SerDes_Top' has no destination
WARN  (PA1001) : Dangling net 'q1_fabric_ln0_rxelecidle_o'(source:'gtr12_quad_inst1') in module 'SerDes_Top' has no destination
WARN  (PA1001) : Dangling net 'q1_fabric_ln0_rxelecidle_o_h'(source:'gtr12_quad_inst1') in module 'SerDes_Top' has no destination
WARN  (PA1001) : Dangling net 'q1_fabric_ln0_stat_o_h[0]'(source:'gtr12_quad_inst1') in module 'SerDes_Top' has no destination
WARN  (PA1001) : Dangling net 'q1_fabric_ln0_stat_o_h[1]'(source:'gtr12_quad_inst1') in module 'SerDes_Top' has no destination
WARN  (PA1001) : Dangling net 'q1_fabric_ln0_stat_o_h[2]'(source:'gtr12_quad_inst1') in module 'SerDes_Top' has no destination
WARN  (PA1001) : Dangling net 'q1_fabric_ln0_stat_o_h[3]'(source:'gtr12_quad_inst1') in module 'SerDes_Top' has no destination
WARN  (PA1001) : Dangling net 'q1_fabric_ln0_stat_o_h[4]'(source:'gtr12_quad_inst1') in module 'SerDes_Top' has no destination
WARN  (PA1001) : Dangling net 'q1_fabric_ln0_stat_o_h[5]'(source:'gtr12_quad_inst1') in module 'SerDes_Top' has no destination
WARN  (PA1001) : Dangling net 'q1_fabric_ln0_stat_o_h[6]'(source:'gtr12_quad_inst1') in module 'SerDes_Top' has no destination
WARN  (PA1001) : Dangling net 'q1_fabric_ln0_stat_o_h[7]'(source:'gtr12_quad_inst1') in module 'SerDes_Top' has no destination
WARN  (PA1001) : Dangling net 'q1_fabric_ln0_stat_o_h[8]'(source:'gtr12_quad_inst1') in module 'SerDes_Top' has no destination
WARN  (PA1001) : Dangling net 'q1_fabric_ln0_stat_o_h[9]'(source:'gtr12_quad_inst1') in module 'SerDes_Top' has no destination
WARN  (PA1001) : Dangling net 'q1_fabric_ln0_stat_o_h[10]'(source:'gtr12_quad_inst1') in module 'SerDes_Top' has no destination
WARN  (PA1001) : Dangling net 'q1_fabric_ln0_stat_o_h[11]'(source:'gtr12_quad_inst1') in module 'SerDes_Top' has no destination
WARN  (PA1001) : Dangling net 'q1_fabric_ln0_stat_o_h[12]'(source:'gtr12_quad_inst1') in module 'SerDes_Top' has no destination
WARN  (PA1001) : Dangling net 'q1_fabric_ln1_rx_vld_out'(source:'gtr12_quad_inst1') in module 'SerDes_Top' has no destination
WARN  (PA1001) : Dangling net 'q1_fabric_ln1_rxelecidle_o'(source:'gtr12_quad_inst1') in module 'SerDes_Top' has no destination
WARN  (PA1001) : Dangling net 'q1_fabric_ln1_rxelecidle_o_h'(source:'gtr12_quad_inst1') in module 'SerDes_Top' has no destination
WARN  (PA1001) : Dangling net 'q1_fabric_ln1_stat_o_h[0]'(source:'gtr12_quad_inst1') in module 'SerDes_Top' has no destination
WARN  (PA1001) : Dangling net 'q1_fabric_ln1_stat_o_h[1]'(source:'gtr12_quad_inst1') in module 'SerDes_Top' has no destination
WARN  (PA1001) : Dangling net 'q1_fabric_ln1_stat_o_h[2]'(source:'gtr12_quad_inst1') in module 'SerDes_Top' has no destination
WARN  (PA1001) : Dangling net 'q1_fabric_ln1_stat_o_h[3]'(source:'gtr12_quad_inst1') in module 'SerDes_Top' has no destination
WARN  (PA1001) : Dangling net 'q1_fabric_ln1_stat_o_h[4]'(source:'gtr12_quad_inst1') in module 'SerDes_Top' has no destination
WARN  (PA1001) : Dangling net 'q1_fabric_ln1_stat_o_h[5]'(source:'gtr12_quad_inst1') in module 'SerDes_Top' has no destination
WARN  (PA1001) : Dangling net 'q1_fabric_ln1_stat_o_h[6]'(source:'gtr12_quad_inst1') in module 'SerDes_Top' has no destination
WARN  (PA1001) : Dangling net 'q1_fabric_ln1_stat_o_h[7]'(source:'gtr12_quad_inst1') in module 'SerDes_Top' has no destination
WARN  (PA1001) : Dangling net 'q1_fabric_ln1_stat_o_h[8]'(source:'gtr12_quad_inst1') in module 'SerDes_Top' has no destination
WARN  (PA1001) : Dangling net 'q1_fabric_ln1_stat_o_h[9]'(source:'gtr12_quad_inst1') in module 'SerDes_Top' has no destination
WARN  (PA1001) : Dangling net 'q1_fabric_ln1_stat_o_h[10]'(source:'gtr12_quad_inst1') in module 'SerDes_Top' has no destination
WARN  (PA1001) : Dangling net 'q1_fabric_ln1_stat_o_h[11]'(source:'gtr12_quad_inst1') in module 'SerDes_Top' has no destination
WARN  (PA1001) : Dangling net 'q1_fabric_ln1_stat_o_h[12]'(source:'gtr12_quad_inst1') in module 'SerDes_Top' has no destination
WARN  (PA1001) : Dangling net 'q1_fabric_ln2_rx_vld_out'(source:'gtr12_quad_inst1') in module 'SerDes_Top' has no destination
WARN  (PA1001) : Dangling net 'q1_fabric_ln2_rxelecidle_o'(source:'gtr12_quad_inst1') in module 'SerDes_Top' has no destination
WARN  (PA1001) : Dangling net 'q1_fabric_ln2_rxelecidle_o_h'(source:'gtr12_quad_inst1') in module 'SerDes_Top' has no destination
WARN  (PA1001) : Dangling net 'q1_fabric_ln2_stat_o_h[0]'(source:'gtr12_quad_inst1') in module 'SerDes_Top' has no destination
WARN  (PA1001) : Dangling net 'q1_fabric_ln2_stat_o_h[1]'(source:'gtr12_quad_inst1') in module 'SerDes_Top' has no destination
WARN  (PA1001) : Dangling net 'q1_fabric_ln2_stat_o_h[2]'(source:'gtr12_quad_inst1') in module 'SerDes_Top' has no destination
WARN  (PA1001) : Dangling net 'q1_fabric_ln2_stat_o_h[3]'(source:'gtr12_quad_inst1') in module 'SerDes_Top' has no destination
WARN  (PA1001) : Dangling net 'q1_fabric_ln2_stat_o_h[4]'(source:'gtr12_quad_inst1') in module 'SerDes_Top' has no destination
WARN  (PA1001) : Dangling net 'q1_fabric_ln2_stat_o_h[5]'(source:'gtr12_quad_inst1') in module 'SerDes_Top' has no destination
WARN  (PA1001) : Dangling net 'q1_fabric_ln2_stat_o_h[6]'(source:'gtr12_quad_inst1') in module 'SerDes_Top' has no destination
WARN  (PA1001) : Dangling net 'q1_fabric_ln2_stat_o_h[7]'(source:'gtr12_quad_inst1') in module 'SerDes_Top' has no destination
WARN  (PA1001) : Dangling net 'q1_fabric_ln2_stat_o_h[8]'(source:'gtr12_quad_inst1') in module 'SerDes_Top' has no destination
WARN  (PA1001) : Dangling net 'q1_fabric_ln2_stat_o_h[9]'(source:'gtr12_quad_inst1') in module 'SerDes_Top' has no destination
WARN  (PA1001) : Dangling net 'q1_fabric_ln2_stat_o_h[10]'(source:'gtr12_quad_inst1') in module 'SerDes_Top' has no destination
WARN  (PA1001) : Dangling net 'q1_fabric_ln2_stat_o_h[11]'(source:'gtr12_quad_inst1') in module 'SerDes_Top' has no destination
WARN  (PA1001) : Dangling net 'q1_fabric_ln2_stat_o_h[12]'(source:'gtr12_quad_inst1') in module 'SerDes_Top' has no destination
WARN  (PA1001) : Dangling net 'q1_fabric_ln3_rx_vld_out'(source:'gtr12_quad_inst1') in module 'SerDes_Top' has no destination
WARN  (PA1001) : Dangling net 'q1_fabric_ln3_rxelecidle_o'(source:'gtr12_quad_inst1') in module 'SerDes_Top' has no destination
WARN  (PA1001) : Dangling net 'q1_fabric_ln3_rxelecidle_o_h'(source:'gtr12_quad_inst1') in module 'SerDes_Top' has no destination
WARN  (PA1001) : Dangling net 'q1_fabric_ln3_stat_o_h[0]'(source:'gtr12_quad_inst1') in module 'SerDes_Top' has no destination
WARN  (PA1001) : Dangling net 'q1_fabric_ln3_stat_o_h[1]'(source:'gtr12_quad_inst1') in module 'SerDes_Top' has no destination
WARN  (PA1001) : Dangling net 'q1_fabric_ln3_stat_o_h[2]'(source:'gtr12_quad_inst1') in module 'SerDes_Top' has no destination
WARN  (PA1001) : Dangling net 'q1_fabric_ln3_stat_o_h[3]'(source:'gtr12_quad_inst1') in module 'SerDes_Top' has no destination
WARN  (PA1001) : Dangling net 'q1_fabric_ln3_stat_o_h[4]'(source:'gtr12_quad_inst1') in module 'SerDes_Top' has no destination
WARN  (PA1001) : Dangling net 'q1_fabric_ln3_stat_o_h[5]'(source:'gtr12_quad_inst1') in module 'SerDes_Top' has no destination
WARN  (PA1001) : Dangling net 'q1_fabric_ln3_stat_o_h[6]'(source:'gtr12_quad_inst1') in module 'SerDes_Top' has no destination
WARN  (PA1001) : Dangling net 'q1_fabric_ln3_stat_o_h[7]'(source:'gtr12_quad_inst1') in module 'SerDes_Top' has no destination
WARN  (PA1001) : Dangling net 'q1_fabric_ln3_stat_o_h[8]'(source:'gtr12_quad_inst1') in module 'SerDes_Top' has no destination
WARN  (PA1001) : Dangling net 'q1_fabric_ln3_stat_o_h[9]'(source:'gtr12_quad_inst1') in module 'SerDes_Top' has no destination
WARN  (PA1001) : Dangling net 'q1_fabric_ln3_stat_o_h[10]'(source:'gtr12_quad_inst1') in module 'SerDes_Top' has no destination
WARN  (PA1001) : Dangling net 'q1_fabric_ln3_stat_o_h[11]'(source:'gtr12_quad_inst1') in module 'SerDes_Top' has no destination
WARN  (PA1001) : Dangling net 'q1_fabric_ln3_stat_o_h[12]'(source:'gtr12_quad_inst1') in module 'SerDes_Top' has no destination
WARN  (PA1001) : Dangling net 'q1_fabric_lane0_cmu_ok_o'(source:'gtr12_quad_inst1') in module 'SerDes_Top' has no destination
WARN  (PA1001) : Dangling net 'q1_fabric_lane1_cmu_ok_o'(source:'gtr12_quad_inst1') in module 'SerDes_Top' has no destination
WARN  (PA1001) : Dangling net 'q1_fabric_lane2_cmu_ok_o'(source:'gtr12_quad_inst1') in module 'SerDes_Top' has no destination
WARN  (PA1001) : Dangling net 'q1_fabric_lane3_cmu_ok_o'(source:'gtr12_quad_inst1') in module 'SerDes_Top' has no destination
WARN  (PA1001) : Dangling net 'n79_1_SUM'(source:'n79_s0') in module 'prbs7_chk' has no destination
WARN  (PA1001) : Dangling net 'n80_1_SUM'(source:'n80_s0') in module 'prbs7_chk' has no destination
WARN  (PA1001) : Dangling net 'n81_1_SUM'(source:'n81_s0') in module 'prbs7_chk' has no destination
WARN  (PA1001) : Dangling net 'n82_1_SUM'(source:'n82_s0') in module 'prbs7_chk' has no destination
WARN  (PA1001) : Dangling net 'n83_1_SUM'(source:'n83_s0') in module 'prbs7_chk' has no destination
WARN  (PA1001) : Dangling net 'n84_1_SUM'(source:'n84_s0') in module 'prbs7_chk' has no destination
WARN  (PA1001) : Dangling net 'n85_1_SUM'(source:'n85_s0') in module 'prbs7_chk' has no destination
WARN  (PA1001) : Dangling net 'n86_1_SUM'(source:'n86_s0') in module 'prbs7_chk' has no destination
WARN  (PA1001) : Dangling net 'n88_1_SUM'(source:'n88_s0') in module 'prbs7_chk' has no destination
WARN  (PA1001) : Dangling net 'n89_1_SUM'(source:'n89_s0') in module 'prbs7_chk' has no destination
WARN  (PA1001) : Dangling net 'n90_1_SUM'(source:'n90_s0') in module 'prbs7_chk' has no destination
WARN  (PA1001) : Dangling net 'n91_1_SUM'(source:'n91_s0') in module 'prbs7_chk' has no destination
WARN  (PA1001) : Dangling net 'n92_1_SUM'(source:'n92_s0') in module 'prbs7_chk' has no destination
WARN  (PA1001) : Dangling net 'n93_1_SUM'(source:'n93_s0') in module 'prbs7_chk' has no destination
WARN  (PA1001) : Dangling net 'n94_1_SUM'(source:'n94_s0') in module 'prbs7_chk' has no destination
WARN  (PA1001) : Dangling net 'n95_1_SUM'(source:'n95_s0') in module 'prbs7_chk' has no destination
WARN  (PA1001) : Dangling net 'n79_1_SUM'(source:'n79_s0') in module 'prbs7_chk_0' has no destination
WARN  (PA1001) : Dangling net 'n80_1_SUM'(source:'n80_s0') in module 'prbs7_chk_0' has no destination
WARN  (PA1001) : Dangling net 'n81_1_SUM'(source:'n81_s0') in module 'prbs7_chk_0' has no destination
WARN  (PA1001) : Dangling net 'n82_1_SUM'(source:'n82_s0') in module 'prbs7_chk_0' has no destination
WARN  (PA1001) : Dangling net 'n83_1_SUM'(source:'n83_s0') in module 'prbs7_chk_0' has no destination
WARN  (PA1001) : Dangling net 'n84_1_SUM'(source:'n84_s0') in module 'prbs7_chk_0' has no destination
WARN  (PA1001) : Dangling net 'n85_1_SUM'(source:'n85_s0') in module 'prbs7_chk_0' has no destination
WARN  (PA1001) : Dangling net 'n86_1_SUM'(source:'n86_s0') in module 'prbs7_chk_0' has no destination
WARN  (PA1001) : Dangling net 'n88_1_SUM'(source:'n88_s0') in module 'prbs7_chk_0' has no destination
WARN  (PA1001) : Dangling net 'n89_1_SUM'(source:'n89_s0') in module 'prbs7_chk_0' has no destination
WARN  (PA1001) : Dangling net 'n90_1_SUM'(source:'n90_s0') in module 'prbs7_chk_0' has no destination
WARN  (PA1001) : Dangling net 'n91_1_SUM'(source:'n91_s0') in module 'prbs7_chk_0' has no destination
WARN  (PA1001) : Dangling net 'n92_1_SUM'(source:'n92_s0') in module 'prbs7_chk_0' has no destination
WARN  (PA1001) : Dangling net 'n93_1_SUM'(source:'n93_s0') in module 'prbs7_chk_0' has no destination
WARN  (PA1001) : Dangling net 'n94_1_SUM'(source:'n94_s0') in module 'prbs7_chk_0' has no destination
WARN  (PA1001) : Dangling net 'n95_1_SUM'(source:'n95_s0') in module 'prbs7_chk_0' has no destination
WARN  (PA1001) : Dangling net 'run_test_idle_er1'(source:'u_gw_jtag') in module 'gw_gao' has no destination
WARN  (PA1001) : Dangling net 'run_test_idle_er2'(source:'u_gw_jtag') in module 'gw_gao' has no destination
WARN  (PA1001) : Dangling net 'pause_dr'(source:'u_gw_jtag') in module 'gw_gao' has no destination
WARN  (PA1001) : Dangling net 'enable_er2'(source:'u_gw_jtag') in module 'gw_gao' has no destination
WARN  (PA1001) : Dangling net 'n2169_23_SUM'(source:'n2169_s22') in module 'ao_top_0' has no destination
WARN  (PA1001) : Dangling net 'n2169_24_SUM'(source:'n2169_s23') in module 'ao_top_0' has no destination
WARN  (PA1001) : Dangling net 'n2169_25_SUM'(source:'n2169_s24') in module 'ao_top_0' has no destination
WARN  (PA1001) : Dangling net 'n2169_26_SUM'(source:'n2169_s25') in module 'ao_top_0' has no destination
WARN  (PA1001) : Dangling net 'n2169_27_SUM'(source:'n2169_s26') in module 'ao_top_0' has no destination
WARN  (PA1001) : Dangling net 'n2169_28_SUM'(source:'n2169_s27') in module 'ao_top_0' has no destination
WARN  (PA1001) : Dangling net 'n2169_29_SUM'(source:'n2169_s28') in module 'ao_top_0' has no destination
WARN  (PA1001) : Dangling net 'n2169_30_SUM'(source:'n2169_s29') in module 'ao_top_0' has no destination
WARN  (PA1001) : Dangling net 'n2169_31_SUM'(source:'n2169_s30') in module 'ao_top_0' has no destination
WARN  (PA1001) : Dangling net 'n2169_32_SUM'(source:'n2169_s31') in module 'ao_top_0' has no destination
WARN  (PA1001) : Dangling net 'n2195_1_SUM'(source:'n2195_s0') in module 'ao_top_0' has no destination
WARN  (PA1001) : Dangling net 'n2196_1_SUM'(source:'n2196_s0') in module 'ao_top_0' has no destination
WARN  (PA1001) : Dangling net 'n2197_1_SUM'(source:'n2197_s0') in module 'ao_top_0' has no destination
WARN  (PA1001) : Dangling net 'n2198_1_SUM'(source:'n2198_s0') in module 'ao_top_0' has no destination
WARN  (PA1001) : Dangling net 'DO[8]'(source:'mem_mem_0_0_s') in module 'ao_mem_ctrl_0' has no destination
WARN  (PA1001) : Dangling net 'DO[9]'(source:'mem_mem_0_0_s') in module 'ao_mem_ctrl_0' has no destination
WARN  (PA1001) : Dangling net 'DO[10]'(source:'mem_mem_0_0_s') in module 'ao_mem_ctrl_0' has no destination
WARN  (PA1001) : Dangling net 'DO[11]'(source:'mem_mem_0_0_s') in module 'ao_mem_ctrl_0' has no destination
WARN  (PA1001) : Dangling net 'DO[12]'(source:'mem_mem_0_0_s') in module 'ao_mem_ctrl_0' has no destination
WARN  (PA1001) : Dangling net 'DO[13]'(source:'mem_mem_0_0_s') in module 'ao_mem_ctrl_0' has no destination
WARN  (PA1001) : Dangling net 'DO[14]'(source:'mem_mem_0_0_s') in module 'ao_mem_ctrl_0' has no destination
WARN  (PA1001) : Dangling net 'DO[15]'(source:'mem_mem_0_0_s') in module 'ao_mem_ctrl_0' has no destination
WARN  (PA1001) : Dangling net 'DO[16]'(source:'mem_mem_0_0_s') in module 'ao_mem_ctrl_0' has no destination
WARN  (PA1001) : Dangling net 'DO[17]'(source:'mem_mem_0_0_s') in module 'ao_mem_ctrl_0' has no destination
WARN  (PA1001) : Dangling net 'DO[18]'(source:'mem_mem_0_0_s') in module 'ao_mem_ctrl_0' has no destination
WARN  (PA1001) : Dangling net 'DO[19]'(source:'mem_mem_0_0_s') in module 'ao_mem_ctrl_0' has no destination
WARN  (PA1001) : Dangling net 'DO[20]'(source:'mem_mem_0_0_s') in module 'ao_mem_ctrl_0' has no destination
WARN  (PA1001) : Dangling net 'DO[21]'(source:'mem_mem_0_0_s') in module 'ao_mem_ctrl_0' has no destination
WARN  (PA1001) : Dangling net 'DO[22]'(source:'mem_mem_0_0_s') in module 'ao_mem_ctrl_0' has no destination
WARN  (PA1001) : Dangling net 'DO[23]'(source:'mem_mem_0_0_s') in module 'ao_mem_ctrl_0' has no destination
WARN  (PA1001) : Dangling net 'DO[24]'(source:'mem_mem_0_0_s') in module 'ao_mem_ctrl_0' has no destination
WARN  (PA1001) : Dangling net 'DO[25]'(source:'mem_mem_0_0_s') in module 'ao_mem_ctrl_0' has no destination
WARN  (PA1001) : Dangling net 'DO[26]'(source:'mem_mem_0_0_s') in module 'ao_mem_ctrl_0' has no destination
WARN  (PA1001) : Dangling net 'DO[27]'(source:'mem_mem_0_0_s') in module 'ao_mem_ctrl_0' has no destination
WARN  (PA1001) : Dangling net 'DO[28]'(source:'mem_mem_0_0_s') in module 'ao_mem_ctrl_0' has no destination
WARN  (PA1001) : Dangling net 'DO[29]'(source:'mem_mem_0_0_s') in module 'ao_mem_ctrl_0' has no destination
WARN  (PA1001) : Dangling net 'DO[30]'(source:'mem_mem_0_0_s') in module 'ao_mem_ctrl_0' has no destination
WARN  (PA1001) : Dangling net 'DO[31]'(source:'mem_mem_0_0_s') in module 'ao_mem_ctrl_0' has no destination
WARN  (PA1001) : Dangling net 'DO_0[8]'(source:'mem_mem_0_1_s') in module 'ao_mem_ctrl_0' has no destination
WARN  (PA1001) : Dangling net 'DO_0[9]'(source:'mem_mem_0_1_s') in module 'ao_mem_ctrl_0' has no destination
WARN  (PA1001) : Dangling net 'DO_0[10]'(source:'mem_mem_0_1_s') in module 'ao_mem_ctrl_0' has no destination
WARN  (PA1001) : Dangling net 'DO_0[11]'(source:'mem_mem_0_1_s') in module 'ao_mem_ctrl_0' has no destination
WARN  (PA1001) : Dangling net 'DO_0[12]'(source:'mem_mem_0_1_s') in module 'ao_mem_ctrl_0' has no destination
WARN  (PA1001) : Dangling net 'DO_0[13]'(source:'mem_mem_0_1_s') in module 'ao_mem_ctrl_0' has no destination
WARN  (PA1001) : Dangling net 'DO_0[14]'(source:'mem_mem_0_1_s') in module 'ao_mem_ctrl_0' has no destination
WARN  (PA1001) : Dangling net 'DO_0[15]'(source:'mem_mem_0_1_s') in module 'ao_mem_ctrl_0' has no destination
WARN  (PA1001) : Dangling net 'DO_0[16]'(source:'mem_mem_0_1_s') in module 'ao_mem_ctrl_0' has no destination
WARN  (PA1001) : Dangling net 'DO_0[17]'(source:'mem_mem_0_1_s') in module 'ao_mem_ctrl_0' has no destination
WARN  (PA1001) : Dangling net 'DO_0[18]'(source:'mem_mem_0_1_s') in module 'ao_mem_ctrl_0' has no destination
WARN  (PA1001) : Dangling net 'DO_0[19]'(source:'mem_mem_0_1_s') in module 'ao_mem_ctrl_0' has no destination
WARN  (PA1001) : Dangling net 'DO_0[20]'(source:'mem_mem_0_1_s') in module 'ao_mem_ctrl_0' has no destination
WARN  (PA1001) : Dangling net 'DO_0[21]'(source:'mem_mem_0_1_s') in module 'ao_mem_ctrl_0' has no destination
WARN  (PA1001) : Dangling net 'DO_0[22]'(source:'mem_mem_0_1_s') in module 'ao_mem_ctrl_0' has no destination
WARN  (PA1001) : Dangling net 'DO_0[23]'(source:'mem_mem_0_1_s') in module 'ao_mem_ctrl_0' has no destination
WARN  (PA1001) : Dangling net 'DO_0[24]'(source:'mem_mem_0_1_s') in module 'ao_mem_ctrl_0' has no destination
WARN  (PA1001) : Dangling net 'DO_0[25]'(source:'mem_mem_0_1_s') in module 'ao_mem_ctrl_0' has no destination
WARN  (PA1001) : Dangling net 'DO_0[26]'(source:'mem_mem_0_1_s') in module 'ao_mem_ctrl_0' has no destination
WARN  (PA1001) : Dangling net 'DO_0[27]'(source:'mem_mem_0_1_s') in module 'ao_mem_ctrl_0' has no destination
WARN  (PA1001) : Dangling net 'DO_0[28]'(source:'mem_mem_0_1_s') in module 'ao_mem_ctrl_0' has no destination
WARN  (PA1001) : Dangling net 'DO_0[29]'(source:'mem_mem_0_1_s') in module 'ao_mem_ctrl_0' has no destination
WARN  (PA1001) : Dangling net 'DO_0[30]'(source:'mem_mem_0_1_s') in module 'ao_mem_ctrl_0' has no destination
WARN  (PA1001) : Dangling net 'DO_0[31]'(source:'mem_mem_0_1_s') in module 'ao_mem_ctrl_0' has no destination
WARN  (PA1001) : Dangling net 'DO_1[8]'(source:'mem_mem_0_2_s') in module 'ao_mem_ctrl_0' has no destination
WARN  (PA1001) : Dangling net 'DO_1[9]'(source:'mem_mem_0_2_s') in module 'ao_mem_ctrl_0' has no destination
WARN  (PA1001) : Dangling net 'DO_1[10]'(source:'mem_mem_0_2_s') in module 'ao_mem_ctrl_0' has no destination
WARN  (PA1001) : Dangling net 'DO_1[11]'(source:'mem_mem_0_2_s') in module 'ao_mem_ctrl_0' has no destination
WARN  (PA1001) : Dangling net 'DO_1[12]'(source:'mem_mem_0_2_s') in module 'ao_mem_ctrl_0' has no destination
WARN  (PA1001) : Dangling net 'DO_1[13]'(source:'mem_mem_0_2_s') in module 'ao_mem_ctrl_0' has no destination
WARN  (PA1001) : Dangling net 'DO_1[14]'(source:'mem_mem_0_2_s') in module 'ao_mem_ctrl_0' has no destination
WARN  (PA1001) : Dangling net 'DO_1[15]'(source:'mem_mem_0_2_s') in module 'ao_mem_ctrl_0' has no destination
WARN  (PA1001) : Dangling net 'DO_1[16]'(source:'mem_mem_0_2_s') in module 'ao_mem_ctrl_0' has no destination
WARN  (PA1001) : Dangling net 'DO_1[17]'(source:'mem_mem_0_2_s') in module 'ao_mem_ctrl_0' has no destination
WARN  (PA1001) : Dangling net 'DO_1[18]'(source:'mem_mem_0_2_s') in module 'ao_mem_ctrl_0' has no destination
WARN  (PA1001) : Dangling net 'DO_1[19]'(source:'mem_mem_0_2_s') in module 'ao_mem_ctrl_0' has no destination
WARN  (PA1001) : Dangling net 'DO_1[20]'(source:'mem_mem_0_2_s') in module 'ao_mem_ctrl_0' has no destination
WARN  (PA1001) : Dangling net 'DO_1[21]'(source:'mem_mem_0_2_s') in module 'ao_mem_ctrl_0' has no destination
WARN  (PA1001) : Dangling net 'DO_1[22]'(source:'mem_mem_0_2_s') in module 'ao_mem_ctrl_0' has no destination
WARN  (PA1001) : Dangling net 'DO_1[23]'(source:'mem_mem_0_2_s') in module 'ao_mem_ctrl_0' has no destination
WARN  (PA1001) : Dangling net 'DO_1[24]'(source:'mem_mem_0_2_s') in module 'ao_mem_ctrl_0' has no destination
WARN  (PA1001) : Dangling net 'DO_1[25]'(source:'mem_mem_0_2_s') in module 'ao_mem_ctrl_0' has no destination
WARN  (PA1001) : Dangling net 'DO_1[26]'(source:'mem_mem_0_2_s') in module 'ao_mem_ctrl_0' has no destination
WARN  (PA1001) : Dangling net 'DO_1[27]'(source:'mem_mem_0_2_s') in module 'ao_mem_ctrl_0' has no destination
WARN  (PA1001) : Dangling net 'DO_1[28]'(source:'mem_mem_0_2_s') in module 'ao_mem_ctrl_0' has no destination
WARN  (PA1001) : Dangling net 'DO_1[29]'(source:'mem_mem_0_2_s') in module 'ao_mem_ctrl_0' has no destination
WARN  (PA1001) : Dangling net 'DO_1[30]'(source:'mem_mem_0_2_s') in module 'ao_mem_ctrl_0' has no destination
WARN  (PA1001) : Dangling net 'DO_1[31]'(source:'mem_mem_0_2_s') in module 'ao_mem_ctrl_0' has no destination
WARN  (PA1001) : Dangling net 'DO_2[8]'(source:'mem_mem_0_3_s') in module 'ao_mem_ctrl_0' has no destination
WARN  (PA1001) : Dangling net 'DO_2[9]'(source:'mem_mem_0_3_s') in module 'ao_mem_ctrl_0' has no destination
WARN  (PA1001) : Dangling net 'DO_2[10]'(source:'mem_mem_0_3_s') in module 'ao_mem_ctrl_0' has no destination
WARN  (PA1001) : Dangling net 'DO_2[11]'(source:'mem_mem_0_3_s') in module 'ao_mem_ctrl_0' has no destination
WARN  (PA1001) : Dangling net 'DO_2[12]'(source:'mem_mem_0_3_s') in module 'ao_mem_ctrl_0' has no destination
WARN  (PA1001) : Dangling net 'DO_2[13]'(source:'mem_mem_0_3_s') in module 'ao_mem_ctrl_0' has no destination
WARN  (PA1001) : Dangling net 'DO_2[14]'(source:'mem_mem_0_3_s') in module 'ao_mem_ctrl_0' has no destination
WARN  (PA1001) : Dangling net 'DO_2[15]'(source:'mem_mem_0_3_s') in module 'ao_mem_ctrl_0' has no destination
WARN  (PA1001) : Dangling net 'DO_2[16]'(source:'mem_mem_0_3_s') in module 'ao_mem_ctrl_0' has no destination
WARN  (PA1001) : Dangling net 'DO_2[17]'(source:'mem_mem_0_3_s') in module 'ao_mem_ctrl_0' has no destination
WARN  (PA1001) : Dangling net 'DO_2[18]'(source:'mem_mem_0_3_s') in module 'ao_mem_ctrl_0' has no destination
WARN  (PA1001) : Dangling net 'DO_2[19]'(source:'mem_mem_0_3_s') in module 'ao_mem_ctrl_0' has no destination
WARN  (PA1001) : Dangling net 'DO_2[20]'(source:'mem_mem_0_3_s') in module 'ao_mem_ctrl_0' has no destination
WARN  (PA1001) : Dangling net 'DO_2[21]'(source:'mem_mem_0_3_s') in module 'ao_mem_ctrl_0' has no destination
WARN  (PA1001) : Dangling net 'DO_2[22]'(source:'mem_mem_0_3_s') in module 'ao_mem_ctrl_0' has no destination
WARN  (PA1001) : Dangling net 'DO_2[23]'(source:'mem_mem_0_3_s') in module 'ao_mem_ctrl_0' has no destination
WARN  (PA1001) : Dangling net 'DO_2[24]'(source:'mem_mem_0_3_s') in module 'ao_mem_ctrl_0' has no destination
WARN  (PA1001) : Dangling net 'DO_2[25]'(source:'mem_mem_0_3_s') in module 'ao_mem_ctrl_0' has no destination
WARN  (PA1001) : Dangling net 'DO_2[26]'(source:'mem_mem_0_3_s') in module 'ao_mem_ctrl_0' has no destination
WARN  (PA1001) : Dangling net 'DO_2[27]'(source:'mem_mem_0_3_s') in module 'ao_mem_ctrl_0' has no destination
WARN  (PA1001) : Dangling net 'DO_2[28]'(source:'mem_mem_0_3_s') in module 'ao_mem_ctrl_0' has no destination
WARN  (PA1001) : Dangling net 'DO_2[29]'(source:'mem_mem_0_3_s') in module 'ao_mem_ctrl_0' has no destination
WARN  (PA1001) : Dangling net 'DO_2[30]'(source:'mem_mem_0_3_s') in module 'ao_mem_ctrl_0' has no destination
WARN  (PA1001) : Dangling net 'DO_2[31]'(source:'mem_mem_0_3_s') in module 'ao_mem_ctrl_0' has no destination
WARN  (PA1001) : Dangling net 'DO_3[8]'(source:'mem_mem_0_4_s') in module 'ao_mem_ctrl_0' has no destination
WARN  (PA1001) : Dangling net 'DO_3[9]'(source:'mem_mem_0_4_s') in module 'ao_mem_ctrl_0' has no destination
WARN  (PA1001) : Dangling net 'DO_3[10]'(source:'mem_mem_0_4_s') in module 'ao_mem_ctrl_0' has no destination
WARN  (PA1001) : Dangling net 'DO_3[11]'(source:'mem_mem_0_4_s') in module 'ao_mem_ctrl_0' has no destination
WARN  (PA1001) : Dangling net 'DO_3[12]'(source:'mem_mem_0_4_s') in module 'ao_mem_ctrl_0' has no destination
WARN  (PA1001) : Dangling net 'DO_3[13]'(source:'mem_mem_0_4_s') in module 'ao_mem_ctrl_0' has no destination
WARN  (PA1001) : Dangling net 'DO_3[14]'(source:'mem_mem_0_4_s') in module 'ao_mem_ctrl_0' has no destination
WARN  (PA1001) : Dangling net 'DO_3[15]'(source:'mem_mem_0_4_s') in module 'ao_mem_ctrl_0' has no destination
WARN  (PA1001) : Dangling net 'DO_3[16]'(source:'mem_mem_0_4_s') in module 'ao_mem_ctrl_0' has no destination
WARN  (PA1001) : Dangling net 'DO_3[17]'(source:'mem_mem_0_4_s') in module 'ao_mem_ctrl_0' has no destination
WARN  (PA1001) : Dangling net 'DO_3[18]'(source:'mem_mem_0_4_s') in module 'ao_mem_ctrl_0' has no destination
WARN  (PA1001) : Dangling net 'DO_3[19]'(source:'mem_mem_0_4_s') in module 'ao_mem_ctrl_0' has no destination
WARN  (PA1001) : Dangling net 'DO_3[20]'(source:'mem_mem_0_4_s') in module 'ao_mem_ctrl_0' has no destination
WARN  (PA1001) : Dangling net 'DO_3[21]'(source:'mem_mem_0_4_s') in module 'ao_mem_ctrl_0' has no destination
WARN  (PA1001) : Dangling net 'DO_3[22]'(source:'mem_mem_0_4_s') in module 'ao_mem_ctrl_0' has no destination
WARN  (PA1001) : Dangling net 'DO_3[23]'(source:'mem_mem_0_4_s') in module 'ao_mem_ctrl_0' has no destination
WARN  (PA1001) : Dangling net 'DO_3[24]'(source:'mem_mem_0_4_s') in module 'ao_mem_ctrl_0' has no destination
WARN  (PA1001) : Dangling net 'DO_3[25]'(source:'mem_mem_0_4_s') in module 'ao_mem_ctrl_0' has no destination
WARN  (PA1001) : Dangling net 'DO_3[26]'(source:'mem_mem_0_4_s') in module 'ao_mem_ctrl_0' has no destination
WARN  (PA1001) : Dangling net 'DO_3[27]'(source:'mem_mem_0_4_s') in module 'ao_mem_ctrl_0' has no destination
WARN  (PA1001) : Dangling net 'DO_3[28]'(source:'mem_mem_0_4_s') in module 'ao_mem_ctrl_0' has no destination
WARN  (PA1001) : Dangling net 'DO_3[29]'(source:'mem_mem_0_4_s') in module 'ao_mem_ctrl_0' has no destination
WARN  (PA1001) : Dangling net 'DO_3[30]'(source:'mem_mem_0_4_s') in module 'ao_mem_ctrl_0' has no destination
WARN  (PA1001) : Dangling net 'DO_3[31]'(source:'mem_mem_0_4_s') in module 'ao_mem_ctrl_0' has no destination
WARN  (PA1001) : Dangling net 'DO_4[7]'(source:'mem_mem_0_5_s') in module 'ao_mem_ctrl_0' has no destination
WARN  (PA1001) : Dangling net 'DO_4[8]'(source:'mem_mem_0_5_s') in module 'ao_mem_ctrl_0' has no destination
WARN  (PA1001) : Dangling net 'DO_4[9]'(source:'mem_mem_0_5_s') in module 'ao_mem_ctrl_0' has no destination
WARN  (PA1001) : Dangling net 'DO_4[10]'(source:'mem_mem_0_5_s') in module 'ao_mem_ctrl_0' has no destination
WARN  (PA1001) : Dangling net 'DO_4[11]'(source:'mem_mem_0_5_s') in module 'ao_mem_ctrl_0' has no destination
WARN  (PA1001) : Dangling net 'DO_4[12]'(source:'mem_mem_0_5_s') in module 'ao_mem_ctrl_0' has no destination
WARN  (PA1001) : Dangling net 'DO_4[13]'(source:'mem_mem_0_5_s') in module 'ao_mem_ctrl_0' has no destination
WARN  (PA1001) : Dangling net 'DO_4[14]'(source:'mem_mem_0_5_s') in module 'ao_mem_ctrl_0' has no destination
WARN  (PA1001) : Dangling net 'DO_4[15]'(source:'mem_mem_0_5_s') in module 'ao_mem_ctrl_0' has no destination
WARN  (PA1001) : Dangling net 'DO_4[16]'(source:'mem_mem_0_5_s') in module 'ao_mem_ctrl_0' has no destination
WARN  (PA1001) : Dangling net 'DO_4[17]'(source:'mem_mem_0_5_s') in module 'ao_mem_ctrl_0' has no destination
WARN  (PA1001) : Dangling net 'DO_4[18]'(source:'mem_mem_0_5_s') in module 'ao_mem_ctrl_0' has no destination
WARN  (PA1001) : Dangling net 'DO_4[19]'(source:'mem_mem_0_5_s') in module 'ao_mem_ctrl_0' has no destination
WARN  (PA1001) : Dangling net 'DO_4[20]'(source:'mem_mem_0_5_s') in module 'ao_mem_ctrl_0' has no destination
WARN  (PA1001) : Dangling net 'DO_4[21]'(source:'mem_mem_0_5_s') in module 'ao_mem_ctrl_0' has no destination
WARN  (PA1001) : Dangling net 'DO_4[22]'(source:'mem_mem_0_5_s') in module 'ao_mem_ctrl_0' has no destination
WARN  (PA1001) : Dangling net 'DO_4[23]'(source:'mem_mem_0_5_s') in module 'ao_mem_ctrl_0' has no destination
WARN  (PA1001) : Dangling net 'DO_4[24]'(source:'mem_mem_0_5_s') in module 'ao_mem_ctrl_0' has no destination
WARN  (PA1001) : Dangling net 'DO_4[25]'(source:'mem_mem_0_5_s') in module 'ao_mem_ctrl_0' has no destination
WARN  (PA1001) : Dangling net 'DO_4[26]'(source:'mem_mem_0_5_s') in module 'ao_mem_ctrl_0' has no destination
WARN  (PA1001) : Dangling net 'DO_4[27]'(source:'mem_mem_0_5_s') in module 'ao_mem_ctrl_0' has no destination
WARN  (PA1001) : Dangling net 'DO_4[28]'(source:'mem_mem_0_5_s') in module 'ao_mem_ctrl_0' has no destination
WARN  (PA1001) : Dangling net 'DO_4[29]'(source:'mem_mem_0_5_s') in module 'ao_mem_ctrl_0' has no destination
WARN  (PA1001) : Dangling net 'DO_4[30]'(source:'mem_mem_0_5_s') in module 'ao_mem_ctrl_0' has no destination
WARN  (PA1001) : Dangling net 'DO_4[31]'(source:'mem_mem_0_5_s') in module 'ao_mem_ctrl_0' has no destination
Processing netlist completed
Reading constraint file: "C:\Users\Think\Documents\FPGA_Project\Gowin\138K-FC676\SFP_Fan\customized_phy\10.3125G\sfp+\src\fpga_project.cst"
Physical Constraint parsed completed
Running placement......
[10%] Placement Phase 0 completed
[20%] Placement Phase 1 completed
[30%] Placement Phase 2 completed
PNR has been stopped
Generate file "C:\Users\Think\Documents\FPGA_Project\Gowin\138K-FC676\SFP_Fan\customized_phy\10.3125G\sfp+\impl\pnr\SFPP_10GBase.pin.html" completed
Generate file "C:\Users\Think\Documents\FPGA_Project\Gowin\138K-FC676\SFP_Fan\customized_phy\10.3125G\sfp+\impl\pnr\SFPP_10GBase.rpt.html" completed
Generate file "C:\Users\Think\Documents\FPGA_Project\Gowin\138K-FC676\SFP_Fan\customized_phy\10.3125G\sfp+\impl\pnr\SFPP_10GBase.rpt.txt" completed
Tue Jul 30 18:00:43 2024

